<?xml version="1.0" encoding="UTF-8"?>
<robot generator="Robot 7.0 (Python 3.12.2 on win32)" generated="2024-05-29T00:41:31.864822" rpa="false" schemaversion="5">
<suite id="s1" name="Team2 OrangeHRM" source="C:\Users\SM\Desktop\Project _automation\Team2_OrangeHRM">
<suite id="s1-s1" name="TestCases" source="C:\Users\SM\Desktop\Project _automation\Team2_OrangeHRM\TestCases">
<suite id="s1-s1-s1" name="Test EmployeeLeaveList" source="C:\Users\SM\Desktop\Project _automation\Team2_OrangeHRM\TestCases\Test_EmployeeLeaveList.robot">
<test id="s1-s1-s1-t1" name="List the employess on leave" line="16">
<kw name="Open the browser with url" owner="GenericResources" type="SETUP">
<kw name="Create Webdriver" owner="SeleniumLibrary">
<msg time="2024-05-29T00:41:32.645180" level="INFO">Creating an instance of the Chrome WebDriver.</msg>
<arg>${browser_name}</arg>
<doc>Creates an instance of Selenium WebDriver.</doc>
<status status="PASS" start="2024-05-29T00:41:32.645180" elapsed="8.931027"/>
</kw>
<kw name="Go To" owner="SeleniumLibrary">
<msg time="2024-05-29T00:41:41.799513" level="INFO">Opening url 'https://opensource-demo.orangehrmlive.com/web/index.php/auth/login'</msg>
<arg>${url}</arg>
<doc>Navigates the current browser window to the provided ``url``.</doc>
<status status="PASS" start="2024-05-29T00:41:41.577206" elapsed="11.658671"/>
</kw>
<kw name="Maximize Browser Window" owner="SeleniumLibrary">
<doc>Maximizes current browser window.</doc>
<status status="PASS" start="2024-05-29T00:41:53.236879" elapsed="1.360928"/>
</kw>
<kw name="Set Selenium Implicit Wait" owner="SeleniumLibrary">
<arg>5</arg>
<doc>Sets the implicit wait value used by Selenium.</doc>
<status status="PASS" start="2024-05-29T00:41:54.600394" elapsed="0.393317"/>
</kw>
<status status="PASS" start="2024-05-29T00:41:32.635128" elapsed="22.380699"/>
</kw>
<kw name="Get count of employees on leave" owner="EmployeeLeaveList">
<kw name="Get Element Count" owner="SeleniumLibrary">
<msg time="2024-05-29T00:42:00.317033" level="INFO">${count} = 0</msg>
<var>${count}</var>
<arg>${employee_list_parent}</arg>
<doc>Returns the number of elements matching ``locator``.</doc>
<status status="PASS" start="2024-05-29T00:41:55.031559" elapsed="5.285474"/>
</kw>
<return>
<value>${count}</value>
<status status="PASS" start="2024-05-29T00:42:00.417974" elapsed="0.052298"/>
</return>
<msg time="2024-05-29T00:42:00.475260" level="INFO">${count} = 0</msg>
<var>${count}</var>
<status status="PASS" start="2024-05-29T00:41:55.028560" elapsed="5.446700"/>
</kw>
<kw name="Run Keyword If" owner="BuiltIn">
<kw name="Log To Console" owner="BuiltIn">
<arg>${count} Employees on leave</arg>
<doc>Logs the given message to the console.</doc>
<status status="PASS" start="2024-05-29T00:42:00.689714" elapsed="0.013964"/>
</kw>
<arg>${count} == 0</arg>
<arg>Log To Console</arg>
<arg>${count} Employees on leave</arg>
<arg>ELSE</arg>
<arg>EmployeeLeaveList.Log employee leave records</arg>
<doc>Runs the given keyword with the given arguments, if ``condition`` is true.</doc>
<status status="PASS" start="2024-05-29T00:42:00.659208" elapsed="0.046131"/>
</kw>
<kw name="Close Browser Session" owner="GenericResources" type="TEARDOWN">
<kw name="Close Browser" owner="SeleniumLibrary">
<doc>Closes the current browser.</doc>
<status status="PASS" start="2024-05-29T00:42:00.733644" elapsed="30.966258"/>
</kw>
<status status="PASS" start="2024-05-29T00:42:00.714143" elapsed="30.985759"/>
</kw>
<tag>regression</tag>
<status status="PASS" start="2024-05-29T00:41:32.625057" elapsed="59.082060"/>
</test>
<doc>Test for Recruitment in employees on leave</doc>
<status status="PASS" start="2024-05-29T00:41:31.969330" elapsed="59.769549"/>
</suite>
<status status="PASS" start="2024-05-29T00:41:31.959174" elapsed="59.798860"/>
</suite>
<status status="PASS" start="2024-05-29T00:41:31.898943" elapsed="59.861312"/>
</suite>
<statistics>
<total>
<stat pass="1" fail="0" skip="0">All Tests</stat>
</total>
<tag>
<stat pass="1" fail="0" skip="0">regression</stat>
</tag>
<suite>
<stat pass="1" fail="0" skip="0" id="s1" name="Team2 OrangeHRM">Team2 OrangeHRM</stat>
<stat pass="1" fail="0" skip="0" id="s1-s1" name="TestCases">Team2 OrangeHRM.TestCases</stat>
<stat pass="1" fail="0" skip="0" id="s1-s1-s1" name="Test EmployeeLeaveList">Team2 OrangeHRM.TestCases.Test EmployeeLeaveList</stat>
</suite>
</statistics>
<errors>
</errors>
</robot>
