<?xml version="1.0" encoding="UTF-8"?>
<robot generator="Robot 7.0 (Python 3.12.2 on win32)" generated="2024-05-27T23:09:13.064895" rpa="false" schemaversion="5">
<suite id="s1" name="TestCases" source="E:\Git\Team2_OrangeHRM\Team2_OrangeHRM\TestCases">
<suite id="s1-s1" name="Test EmployeeLeaveList" source="E:\Git\Team2_OrangeHRM\Team2_OrangeHRM\TestCases\Test_EmployeeLeaveList.robot">
<test id="s1-s1-t1" name="List the employess on leave" line="16">
<kw name="Open the Browser with URL" owner="GenericResources" type="SETUP">
<kw name="Create Webdriver" owner="SeleniumLibrary">
<msg time="2024-05-27T23:09:13.552608" level="INFO">Creating an instance of the Chrome WebDriver.</msg>
<arg>Chrome</arg>
<doc>Creates an instance of Selenium WebDriver.</doc>
<status status="PASS" start="2024-05-27T23:09:13.552608" elapsed="2.323089"/>
</kw>
<kw name="Go To" owner="SeleniumLibrary">
<msg time="2024-05-27T23:09:15.876704" level="INFO">Opening url 'https://opensource-demo.orangehrmlive.com/web/index.php/auth/login'</msg>
<arg>${url}</arg>
<doc>Navigates the current browser window to the provided ``url``.</doc>
<status status="PASS" start="2024-05-27T23:09:15.875697" elapsed="15.571513"/>
</kw>
<kw name="Maximize Browser Window" owner="SeleniumLibrary">
<doc>Maximizes current browser window.</doc>
<status status="PASS" start="2024-05-27T23:09:31.447210" elapsed="0.639637"/>
</kw>
<kw name="Set Selenium Implicit Wait" owner="SeleniumLibrary">
<arg>5</arg>
<doc>Sets the implicit wait value used by Selenium.</doc>
<status status="PASS" start="2024-05-27T23:09:32.086847" elapsed="0.003997"/>
</kw>
<status status="PASS" start="2024-05-27T23:09:13.551602" elapsed="18.540243"/>
</kw>
<kw name="Get count of employees on leave" owner="EmployeeLeaveList">
<kw name="Get Element Count" owner="SeleniumLibrary">
<msg time="2024-05-27T23:09:37.181447" level="INFO">${count} = 0</msg>
<var>${count}</var>
<arg>${employee_list_parent}</arg>
<doc>Returns the number of elements matching ``locator``.</doc>
<status status="PASS" start="2024-05-27T23:09:32.092845" elapsed="5.088602"/>
</kw>
<return>
<value>${count}</value>
<status status="PASS" start="2024-05-27T23:09:37.181447" elapsed="0.001005"/>
</return>
<msg time="2024-05-27T23:09:37.182452" level="INFO">${count} = 0</msg>
<var>${count}</var>
<status status="PASS" start="2024-05-27T23:09:32.091845" elapsed="5.090607"/>
</kw>
<kw name="Run Keyword If" owner="BuiltIn">
<kw name="Log To Console" owner="BuiltIn">
<arg>${count} Employees on leave</arg>
<doc>Logs the given message to the console.</doc>
<status status="PASS" start="2024-05-27T23:09:37.183453" elapsed="0.000000"/>
</kw>
<arg>${count} == 0</arg>
<arg>Log To Console</arg>
<arg>${count} Employees on leave</arg>
<arg>ELSE</arg>
<arg>EmployeeLeaveList.Log employee leave records</arg>
<doc>Runs the given keyword with the given arguments, if ``condition`` is true.</doc>
<status status="PASS" start="2024-05-27T23:09:37.182452" elapsed="0.001999"/>
</kw>
<kw name="Close Browser Session" owner="GenericResources" type="TEARDOWN">
<kw name="Close Browser" owner="SeleniumLibrary">
<doc>Closes the current browser.</doc>
<status status="PASS" start="2024-05-27T23:09:37.185452" elapsed="2.469284"/>
</kw>
<status status="PASS" start="2024-05-27T23:09:37.184451" elapsed="2.470285"/>
</kw>
<status status="PASS" start="2024-05-27T23:09:13.550602" elapsed="26.104134"/>
</test>
<doc>Test for Recruitment</doc>
<status status="PASS" start="2024-05-27T23:09:13.190239" elapsed="26.465964"/>
</suite>
<status status="PASS" start="2024-05-27T23:09:13.158443" elapsed="26.500764"/>
</suite>
<statistics>
<total>
<stat pass="1" fail="0" skip="0">All Tests</stat>
</total>
<tag>
</tag>
<suite>
<stat pass="1" fail="0" skip="0" id="s1" name="TestCases">TestCases</stat>
<stat pass="1" fail="0" skip="0" id="s1-s1" name="Test EmployeeLeaveList">TestCases.Test EmployeeLeaveList</stat>
</suite>
</statistics>
<errors>
</errors>
</robot>
