<?xml version="1.0" encoding="UTF-8"?>
<robot generator="Robot 7.0 (Python 3.12.2 on win32)" generated="2024-05-28T00:42:02.792500" rpa="false" schemaversion="5">
<suite id="s1" name="Test Vacancy" source="E:\GitBackup\Team2_OrangeHRM\TestCases\Test_Vacancy.robot">
<test id="s1-t1" name="Vacancies" line="16">
<kw name="Open the Browser with URL" owner="GenericResources" type="SETUP">
<kw name="Create Webdriver" owner="SeleniumLibrary">
<msg time="2024-05-28T00:42:03.041716" level="INFO">Creating an instance of the Chrome WebDriver.</msg>
<arg>Chrome</arg>
<doc>Creates an instance of Selenium WebDriver.</doc>
<status status="PASS" start="2024-05-28T00:42:03.041716" elapsed="4.252085"/>
</kw>
<kw name="Go To" owner="SeleniumLibrary">
<msg time="2024-05-28T00:42:07.293801" level="INFO">Opening url 'https://opensource-demo.orangehrmlive.com/web/index.php/auth/login'</msg>
<arg>${url}</arg>
<doc>Navigates the current browser window to the provided ``url``.</doc>
<status status="PASS" start="2024-05-28T00:42:07.293801" elapsed="6.810349"/>
</kw>
<kw name="Maximize Browser Window" owner="SeleniumLibrary">
<doc>Maximizes current browser window.</doc>
<status status="PASS" start="2024-05-28T00:42:14.104150" elapsed="0.038299"/>
</kw>
<kw name="Set Selenium Implicit Wait" owner="SeleniumLibrary">
<arg>5</arg>
<doc>Sets the implicit wait value used by Selenium.</doc>
<status status="PASS" start="2024-05-28T00:42:14.142449" elapsed="0.000000"/>
</kw>
<status status="PASS" start="2024-05-28T00:42:03.027712" elapsed="11.114737"/>
</kw>
<kw name="Fill the login form" owner="LoginResources">
<kw name="Input Text" owner="SeleniumLibrary">
<msg time="2024-05-28T00:42:14.152841" level="INFO">Typing text 'Admin' into text field 'xpath://input[@name='username']'.</msg>
<arg>xpath://input[@name='username']</arg>
<arg>${Username}</arg>
<doc>Types the given ``text`` into the text field identified by ``locator``.</doc>
<status status="PASS" start="2024-05-28T00:42:14.152841" elapsed="0.683397"/>
</kw>
<kw name="Input Password" owner="SeleniumLibrary">
<msg time="2024-05-28T00:42:14.837723" level="INFO">Typing password into text field 'xpath://input[@type='password']'.</msg>
<msg time="2024-05-28T00:42:14.882938" level="INFO">Temporally setting log level to: NONE</msg>
<arg>xpath://input[@type='password']</arg>
<arg>${Password}</arg>
<doc>Types the given password into the text field identified by ``locator``.</doc>
<status status="PASS" start="2024-05-28T00:42:14.837723" elapsed="0.140792"/>
</kw>
<kw name="Click Button" owner="SeleniumLibrary">
<msg time="2024-05-28T00:42:14.978515" level="INFO">Clicking button 'xpath://button[@type='submit']'.</msg>
<arg>xpath://button[@type='submit']</arg>
<doc>Clicks the button identified by ``locator``.</doc>
<status status="PASS" start="2024-05-28T00:42:14.978515" elapsed="0.136404"/>
</kw>
<arg>${username}</arg>
<arg>${password}</arg>
<status status="PASS" start="2024-05-28T00:42:14.152841" elapsed="0.962078"/>
</kw>
<kw name="Set Selenium Implicit Wait" owner="SeleniumLibrary">
<arg>5</arg>
<doc>Sets the implicit wait value used by Selenium.</doc>
<status status="PASS" start="2024-05-28T00:42:15.115872" elapsed="0.000957"/>
</kw>
<kw name="verify the valid credentials" owner="LoginResources">
<kw name="Element Text Should Be" owner="SeleniumLibrary">
<msg time="2024-05-28T00:42:15.122717" level="INFO">Verifying element 'xpath://h6[text()="Dashboard"]' contains exact text 'Dashboard'.</msg>
<arg>${dashBoard}</arg>
<arg>Dashboard</arg>
<doc>Verifies that element ``locator`` contains exact the text ``expected``.</doc>
<status status="PASS" start="2024-05-28T00:42:15.121886" elapsed="1.547704"/>
</kw>
<status status="PASS" start="2024-05-28T00:42:15.121318" elapsed="1.548272"/>
</kw>
<kw name="Click on Recruitment Icon" owner="RecruitmentResources">
<kw name="Click Link" owner="SeleniumLibrary">
<msg time="2024-05-28T00:42:16.669590" level="INFO">Clicking link 'xpath:(//a[@class="oxd-main-menu-item"])[5]'.</msg>
<arg>${recruitment_icon}</arg>
<doc>Clicks a link identified by ``locator``.</doc>
<status status="PASS" start="2024-05-28T00:42:16.669590" elapsed="1.283317"/>
</kw>
<status status="PASS" start="2024-05-28T00:42:16.669590" elapsed="1.283317"/>
</kw>
<kw name="Click on Vacancies_button Icon" owner="RecruitmentResources">
<kw name="Click Element" owner="SeleniumLibrary">
<msg time="2024-05-28T00:42:17.957952" level="INFO">Clicking element 'xpath://a[text()='Vacancies']'.</msg>
<arg>${vacancies_icon}</arg>
<doc>Click the element identified by ``locator``.</doc>
<status status="PASS" start="2024-05-28T00:42:17.957952" elapsed="2.011353"/>
</kw>
<status status="PASS" start="2024-05-28T00:42:17.952907" elapsed="2.016398"/>
</kw>
<kw name="click on xpath for vacancy" owner="RecruitmentResources">
<kw name="Click Element" owner="SeleniumLibrary">
<msg time="2024-05-28T00:42:19.970561" level="INFO">Clicking element 'xpath:(//div[@class="oxd-select-text oxd-select-text--active"])[1]'.</msg>
<arg>${Xpath_Vacancy}</arg>
<doc>Click the element identified by ``locator``.</doc>
<status status="PASS" start="2024-05-28T00:42:19.970561" elapsed="0.643036"/>
</kw>
<kw name="Wait Until Element Is Visible" owner="SeleniumLibrary">
<arg>${Xpath_Vacancy}</arg>
<arg>10s</arg>
<doc>Waits until the element ``locator`` is visible.</doc>
<status status="PASS" start="2024-05-28T00:42:20.617405" elapsed="0.021245"/>
</kw>
<kw name="Wait Until Element Is Enabled" owner="SeleniumLibrary">
<arg>${Xpath_Vacancy}</arg>
<arg>10s</arg>
<doc>Waits until the element ``locator`` is enabled.</doc>
<status status="PASS" start="2024-05-28T00:42:20.646751" elapsed="0.030023"/>
</kw>
<status status="PASS" start="2024-05-28T00:42:19.969830" elapsed="0.706944"/>
</kw>
<kw name="Dropdown functionality" owner="RecruitmentResources">
<kw name="Wait Until Element Is Visible" owner="SeleniumLibrary">
<arg>xpath://span[text()='${emp}']</arg>
<arg>5s</arg>
<doc>Waits until the element ``locator`` is visible.</doc>
<status status="PASS" start="2024-05-28T00:42:20.676774" elapsed="0.293266"/>
</kw>
<kw name="Click Element" owner="SeleniumLibrary">
<msg time="2024-05-28T00:42:20.975511" level="INFO">Clicking element 'xpath://span[text()='QA Lead']'.</msg>
<arg>xpath://span[text()='${emp}']</arg>
<doc>Click the element identified by ``locator``.</doc>
<status status="PASS" start="2024-05-28T00:42:20.975511" elapsed="0.096958"/>
</kw>
<arg>QA Lead</arg>
<status status="PASS" start="2024-05-28T00:42:20.676774" elapsed="0.396229"/>
</kw>
<kw name="click on search button" owner="PIMResources">
<kw name="Click Button" owner="SeleniumLibrary">
<msg time="2024-05-28T00:42:21.076175" level="INFO">Clicking button 'xpath://button[@class="oxd-button oxd-button--medium oxd-button--secondary orangehrm-left-space"]'.</msg>
<arg>${Search}</arg>
<doc>Clicks the button identified by ``locator``.</doc>
<status status="PASS" start="2024-05-28T00:42:21.075632" elapsed="0.117264"/>
</kw>
<status status="PASS" start="2024-05-28T00:42:21.074786" elapsed="0.118110"/>
</kw>
<kw name="check the count of record" owner="RecruitmentResources">
<kw name="Get Element Count" owner="SeleniumLibrary">
<msg time="2024-05-28T00:42:26.223831" level="INFO">${counts} = 0</msg>
<var>${counts}</var>
<arg>${record}</arg>
<doc>Returns the number of elements matching ``locator``.</doc>
<status status="PASS" start="2024-05-28T00:42:21.192896" elapsed="5.031490"/>
</kw>
<return>
<value>${counts}</value>
<status status="PASS" start="2024-05-28T00:42:26.224386" elapsed="0.000000"/>
</return>
<msg time="2024-05-28T00:42:26.224386" level="INFO">${count} = 0</msg>
<var>${count}</var>
<status status="PASS" start="2024-05-28T00:42:21.192896" elapsed="5.031490"/>
</kw>
<if>
<branch type="IF" condition="'${count}'== '0'">
<kw name="Log To Console" owner="BuiltIn">
<arg>${count} Records found</arg>
<doc>Logs the given message to the console.</doc>
<status status="PASS" start="2024-05-28T00:42:26.224386" elapsed="0.000000"/>
</kw>
<status status="PASS" start="2024-05-28T00:42:26.224386" elapsed="0.000000"/>
</branch>
<branch type="ELSE">
<kw name="Log To Console" owner="BuiltIn">
<arg>${count} Records Found</arg>
<doc>Logs the given message to the console.</doc>
<status status="NOT RUN" start="2024-05-28T00:42:26.224386" elapsed="0.000000"/>
</kw>
<status status="NOT RUN" start="2024-05-28T00:42:26.224386" elapsed="0.000000"/>
</branch>
<status status="PASS" start="2024-05-28T00:42:26.224386" elapsed="0.000000"/>
</if>
<kw name="Close Browser Session" owner="GenericResources" type="TEARDOWN">
<kw name="Close Browser" owner="SeleniumLibrary">
<doc>Closes the current browser.</doc>
<status status="PASS" start="2024-05-28T00:42:26.224386" elapsed="2.540643"/>
</kw>
<status status="PASS" start="2024-05-28T00:42:26.224386" elapsed="2.540643"/>
</kw>
<tag>UAT</tag>
<status status="PASS" start="2024-05-28T00:42:03.027712" elapsed="25.737317"/>
</test>
<doc>Test for Vacancy</doc>
<status status="PASS" start="2024-05-28T00:42:02.792500" elapsed="25.972529"/>
</suite>
<statistics>
<total>
<stat pass="1" fail="0" skip="0">All Tests</stat>
</total>
<tag>
<stat pass="1" fail="0" skip="0">UAT</stat>
</tag>
<suite>
<stat pass="1" fail="0" skip="0" id="s1" name="Test Vacancy">Test Vacancy</stat>
</suite>
</statistics>
<errors>
</errors>
</robot>
