<?xml version="1.0" encoding="UTF-8"?>
<robot generator="Robot 7.0 (Python 3.12.2 on win32)" generated="2024-05-26T19:33:42.662078" rpa="false" schemaversion="5">
<suite id="s1" name="Test Configurations" source="D:\Team2_OrangeHRM\TestCases\Test_Configurations.robot">
<test id="s1-t1" name="Configuring the email" line="13">
<kw name="Open the Browser with URL" owner="GenericResources" type="SETUP">
<kw name="Create Webdriver" owner="SeleniumLibrary">
<msg time="2024-05-26T19:33:43.849214" level="INFO">Creating an instance of the Chrome WebDriver.</msg>
<arg>Chrome</arg>
<doc>Creates an instance of Selenium WebDriver.</doc>
<status status="PASS" start="2024-05-26T19:33:43.845291" elapsed="1.915519"/>
</kw>
<kw name="Go To" owner="SeleniumLibrary">
<msg time="2024-05-26T19:33:45.760810" level="INFO">Opening url 'https://opensource-demo.orangehrmlive.com/web/index.php/dashboard/index'</msg>
<arg>${url}</arg>
<doc>Navigates the current browser window to the provided ``url``.</doc>
<status status="PASS" start="2024-05-26T19:33:45.760810" elapsed="9.798739"/>
</kw>
<kw name="Maximize Browser Window" owner="SeleniumLibrary">
<doc>Maximizes current browser window.</doc>
<status status="PASS" start="2024-05-26T19:33:55.559549" elapsed="0.041470"/>
</kw>
<kw name="Set Selenium Implicit Wait" owner="SeleniumLibrary">
<arg>5</arg>
<doc>Sets the implicit wait value used by Selenium.</doc>
<status status="PASS" start="2024-05-26T19:33:55.601019" elapsed="0.000000"/>
</kw>
<status status="PASS" start="2024-05-26T19:33:43.845291" elapsed="11.755728"/>
</kw>
<kw name="Configuration of the Email">
<kw name="Fill the Login Form" owner="User">
<kw name="Input Text" owner="SeleniumLibrary">
<msg time="2024-05-26T19:33:55.607280" level="INFO">Typing text 'Admin' into text field 'xpath=//input[@placeholder='Username']'.</msg>
<arg>${us_name}</arg>
<arg>${username}</arg>
<doc>Types the given ``text`` into the text field identified by ``locator``.</doc>
<status status="PASS" start="2024-05-26T19:33:55.607280" elapsed="0.839768"/>
</kw>
<kw name="Input Password" owner="SeleniumLibrary">
<msg time="2024-05-26T19:33:56.447048" level="INFO">Typing password into text field 'name=password'.</msg>
<msg time="2024-05-26T19:33:56.480832" level="INFO">Temporally setting log level to: NONE</msg>
<arg>${pa_word}</arg>
<arg>${password}</arg>
<doc>Types the given password into the text field identified by ``locator``.</doc>
<status status="PASS" start="2024-05-26T19:33:56.447048" elapsed="0.121410"/>
</kw>
<kw name="Click Button" owner="SeleniumLibrary">
<msg time="2024-05-26T19:33:56.574029" level="INFO">Clicking button 'css:.orangehrm-login-button'.</msg>
<arg>${button}</arg>
<doc>Clicks the button identified by ``locator``.</doc>
<status status="PASS" start="2024-05-26T19:33:56.574029" elapsed="1.369681"/>
</kw>
<arg>Admin</arg>
<arg>admin123</arg>
<status status="PASS" start="2024-05-26T19:33:55.607280" elapsed="2.337735"/>
</kw>
<kw name="Click the Admin button" owner="GenericResources">
<kw name="Click Element" owner="SeleniumLibrary">
<msg time="2024-05-26T19:33:57.946221" level="INFO">Clicking element 'css:a[href="/web/index.php/admin/viewAdminModule"]'.</msg>
<arg>${admin}</arg>
<doc>Click the element identified by ``locator``.</doc>
<status status="PASS" start="2024-05-26T19:33:57.945015" elapsed="2.096807"/>
</kw>
<status status="PASS" start="2024-05-26T19:33:57.945015" elapsed="2.096807"/>
</kw>
<kw name="Click the Configurations" owner="Configurations">
<kw name="Wait Until Element Is Visible" owner="SeleniumLibrary">
<arg>${configurations}</arg>
<doc>Waits until the element ``locator`` is visible.</doc>
<status status="PASS" start="2024-05-26T19:34:00.045310" elapsed="0.541988"/>
</kw>
<kw name="Click Element" owner="SeleniumLibrary">
<msg time="2024-05-26T19:34:00.587298" level="INFO">Clicking element 'xpath=(//ul[@data-v-5327b38a]//span)[5]'.</msg>
<arg>${configurations}</arg>
<doc>Click the element identified by ``locator``.</doc>
<status status="PASS" start="2024-05-26T19:34:00.587298" elapsed="0.096964"/>
</kw>
<status status="PASS" start="2024-05-26T19:34:00.041822" elapsed="0.642440"/>
</kw>
<kw name="Click the Email Configurations" owner="Configurations">
<kw name="Wait Until Element Is Visible" owner="SeleniumLibrary">
<arg>${email_config}</arg>
<doc>Waits until the element ``locator`` is visible.</doc>
<status status="PASS" start="2024-05-26T19:34:00.684262" elapsed="0.365529"/>
</kw>
<kw name="Click Element" owner="SeleniumLibrary">
<msg time="2024-05-26T19:34:01.053585" level="INFO">Clicking element 'xpath=(//ul[@class='oxd-dropdown-menu']//a)[1]'.</msg>
<arg>${email_config}</arg>
<doc>Click the element identified by ``locator``.</doc>
<status status="PASS" start="2024-05-26T19:34:01.049791" elapsed="0.772028"/>
</kw>
<status status="PASS" start="2024-05-26T19:34:00.684262" elapsed="1.137557"/>
</kw>
<kw name="Enter the Sent Email id" owner="Configurations">
<kw name="Wait Until Element Is Visible" owner="SeleniumLibrary">
<arg>${sent_email}</arg>
<doc>Waits until the element ``locator`` is visible.</doc>
<status status="PASS" start="2024-05-26T19:34:01.821819" elapsed="0.505032"/>
</kw>
<kw name="Input Text" owner="SeleniumLibrary">
<msg time="2024-05-26T19:34:02.326851" level="INFO">Typing text 'admin@mail.com' into text field 'xpath=(//div[@data-v-957b4417]//input)[1]'.</msg>
<arg>${sent_email}</arg>
<arg>${send_email_id}</arg>
<doc>Types the given ``text`` into the text field identified by ``locator``.</doc>
<status status="PASS" start="2024-05-26T19:34:02.326851" elapsed="0.141040"/>
</kw>
<arg>${send_email_id}</arg>
<status status="PASS" start="2024-05-26T19:34:01.821819" elapsed="0.648713"/>
</kw>
<kw name="Click the Send Mail Checkbox" owner="Configurations">
<kw name="Wait Until Element Is Visible" owner="SeleniumLibrary">
<arg>${checkbox}</arg>
<doc>Waits until the element ``locator`` is visible.</doc>
<status status="PASS" start="2024-05-26T19:34:02.470532" elapsed="0.017360"/>
</kw>
<kw name="Click Element" owner="SeleniumLibrary">
<msg time="2024-05-26T19:34:02.489098" level="INFO">Clicking element 'xpath=(//div[@class='oxd-radio-wrapper']//span)[3]'.</msg>
<arg>${checkbox}</arg>
<doc>Click the element identified by ``locator``.</doc>
<status status="PASS" start="2024-05-26T19:34:02.489098" elapsed="0.208071"/>
</kw>
<status status="PASS" start="2024-05-26T19:34:02.470532" elapsed="0.226637"/>
</kw>
<kw name="Enable the Send Test Mail" owner="Configurations">
<kw name="Wait Until Element Is Visible" owner="SeleniumLibrary">
<arg>${enable}</arg>
<doc>Waits until the element ``locator`` is visible.</doc>
<status status="PASS" start="2024-05-26T19:34:02.697169" elapsed="0.046411"/>
</kw>
<kw name="Click Element" owner="SeleniumLibrary">
<msg time="2024-05-26T19:34:02.743580" level="INFO">Clicking element 'xpath=//input[@type='checkbox']/following-sibling::span'.</msg>
<arg>${enable}</arg>
<doc>Click the element identified by ``locator``.</doc>
<status status="PASS" start="2024-05-26T19:34:02.743580" elapsed="0.074837"/>
</kw>
<status status="PASS" start="2024-05-26T19:34:02.697169" elapsed="0.121248"/>
</kw>
<kw name="Enter the Test Email id" owner="Configurations">
<kw name="Wait Until Element Is Visible" owner="SeleniumLibrary">
<arg>${test_email}</arg>
<doc>Waits until the element ``locator`` is visible.</doc>
<status status="PASS" start="2024-05-26T19:34:02.822089" elapsed="0.012403"/>
</kw>
<kw name="Input Text" owner="SeleniumLibrary">
<msg time="2024-05-26T19:34:02.838553" level="INFO">Typing text 'admin@mail.com' into text field 'xpath=(//div[@data-v-957b4417]//input)[5]'.</msg>
<arg>${test_email}</arg>
<arg>${test_email_id}</arg>
<doc>Types the given ``text`` into the text field identified by ``locator``.</doc>
<status status="PASS" start="2024-05-26T19:34:02.838553" elapsed="0.092844"/>
</kw>
<arg>${test_email_id}</arg>
<status status="PASS" start="2024-05-26T19:34:02.818417" elapsed="0.112980"/>
</kw>
<kw name="Click the Save button" owner="GenericResources">
<kw name="Wait Until Element Is Enabled" owner="SeleniumLibrary">
<arg>${save_button}</arg>
<doc>Waits until the element ``locator`` is enabled.</doc>
<status status="PASS" start="2024-05-26T19:34:02.932601" elapsed="0.020801"/>
</kw>
<kw name="Click Button" owner="SeleniumLibrary">
<msg time="2024-05-26T19:34:02.955586" level="INFO">Clicking button 'xpath=(//p[@class='oxd-text oxd-text--p orangehrm-form-hint']//following-sibling::button)[2]'.</msg>
<arg>${save_button}</arg>
<doc>Clicks the button identified by ``locator``.</doc>
<status status="PASS" start="2024-05-26T19:34:02.955586" elapsed="0.046574"/>
</kw>
<status status="PASS" start="2024-05-26T19:34:02.931397" elapsed="0.070763"/>
</kw>
<kw name="Verify the success message is displayed" owner="GenericResources">
<kw name="Element Text Should Be" owner="SeleniumLibrary">
<msg time="2024-05-26T19:34:03.003450" level="INFO">Verifying element 'xpath=(//div[@class='oxd-toast-content oxd-toast-content--success']//p)[1]' contains exact text 'Success'.</msg>
<arg>${success_saved}</arg>
<arg>Success</arg>
<doc>Verifies that element ``locator`` contains exact the text ``expected``.</doc>
<status status="PASS" start="2024-05-26T19:34:03.003450" elapsed="0.892540"/>
</kw>
<status status="PASS" start="2024-05-26T19:34:03.002160" elapsed="0.895559"/>
</kw>
<arg>send_email_id=admin@mail.com</arg>
<arg>test_email_id=admin@mail.com</arg>
<status status="PASS" start="2024-05-26T19:33:55.607280" elapsed="8.290439"/>
</kw>
<kw name="Close the Browser" owner="GenericResources" type="TEARDOWN">
<kw name="Close Browser" owner="SeleniumLibrary">
<doc>Closes the current browser.</doc>
<status status="PASS" start="2024-05-26T19:34:03.898231" elapsed="2.429908"/>
</kw>
<status status="PASS" start="2024-05-26T19:34:03.898231" elapsed="2.429908"/>
</kw>
<status status="PASS" start="2024-05-26T19:33:43.845291" elapsed="22.484230"/>
</test>
<doc>Configuration of the Email by the Admin</doc>
<status status="PASS" start="2024-05-26T19:33:42.663445" elapsed="23.670227"/>
</suite>
<statistics>
<total>
<stat pass="1" fail="0" skip="0">All Tests</stat>
</total>
<tag>
</tag>
<suite>
<stat pass="1" fail="0" skip="0" id="s1" name="Test Configurations">Test Configurations</stat>
</suite>
</statistics>
<errors>
</errors>
</robot>
