<?xml version="1.0" encoding="UTF-8"?>
<robot generator="Robot 7.0 (Python 3.12.2 on win32)" generated="2024-05-27T23:12:44.081585" rpa="false" schemaversion="5">
<suite id="s1" name="TestCases" source="E:\Git\Team2_OrangeHRM\Team2_OrangeHRM\TestCases">
<suite id="s1-s1" name="Test Qualification" source="E:\Git\Team2_OrangeHRM\Team2_OrangeHRM\TestCases\Test_Qualification.robot">
<test id="s1-s1-t1" name="Add the new work Experience" line="14">
<kw name="Open the Browser with URL" owner="GenericResources" type="SETUP">
<kw name="Create Webdriver" owner="SeleniumLibrary">
<msg time="2024-05-27T23:12:48.752772" level="INFO">Creating an instance of the Chrome WebDriver.</msg>
<arg>Chrome</arg>
<doc>Creates an instance of Selenium WebDriver.</doc>
<status status="PASS" start="2024-05-27T23:12:48.752772" elapsed="4.283899"/>
</kw>
<kw name="Go To" owner="SeleniumLibrary">
<msg time="2024-05-27T23:12:53.037671" level="INFO">Opening url 'https://opensource-demo.orangehrmlive.com/web/index.php/auth/login'</msg>
<arg>${url}</arg>
<doc>Navigates the current browser window to the provided ``url``.</doc>
<status status="PASS" start="2024-05-27T23:12:53.036671" elapsed="7.504918"/>
</kw>
<kw name="Maximize Browser Window" owner="SeleniumLibrary">
<doc>Maximizes current browser window.</doc>
<status status="PASS" start="2024-05-27T23:13:00.547400" elapsed="1.096615"/>
</kw>
<kw name="Set Selenium Implicit Wait" owner="SeleniumLibrary">
<arg>5</arg>
<doc>Sets the implicit wait value used by Selenium.</doc>
<status status="PASS" start="2024-05-27T23:13:01.645191" elapsed="0.003234"/>
</kw>
<status status="PASS" start="2024-05-27T23:12:48.752772" elapsed="12.895653"/>
</kw>
<kw name="Add new Work Experience">
<kw name="Fill the Login Form" owner="User">
<kw name="Input Text" owner="SeleniumLibrary">
<msg time="2024-05-27T23:13:01.652632" level="INFO">Typing text 'Admin' into text field 'xpath=//input[@placeholder='Username']'.</msg>
<arg>${us_name}</arg>
<arg>${username}</arg>
<doc>Types the given ``text`` into the text field identified by ``locator``.</doc>
<status status="PASS" start="2024-05-27T23:13:01.651422" elapsed="0.521362"/>
</kw>
<kw name="Input Password" owner="SeleniumLibrary">
<msg time="2024-05-27T23:13:02.173789" level="INFO">Typing password into text field 'name=password'.</msg>
<msg time="2024-05-27T23:13:02.279778" level="INFO">Temporally setting log level to: NONE</msg>
<arg>${pa_word}</arg>
<arg>${password}</arg>
<doc>Types the given password into the text field identified by ``locator``.</doc>
<status status="PASS" start="2024-05-27T23:13:02.172784" elapsed="0.276771"/>
</kw>
<kw name="Click Button" owner="SeleniumLibrary">
<msg time="2024-05-27T23:13:02.450537" level="INFO">Clicking button 'css:.orangehrm-login-button'.</msg>
<arg>${button}</arg>
<doc>Clicks the button identified by ``locator``.</doc>
<status status="PASS" start="2024-05-27T23:13:02.450537" elapsed="0.193402"/>
</kw>
<arg>Admin</arg>
<arg>admin123</arg>
<status status="PASS" start="2024-05-27T23:13:01.650424" elapsed="0.993515"/>
</kw>
<kw name="Click the My Info" owner="Qualifications">
<msg time="2024-05-27T23:13:02.645005" level="FAIL">User keyword cannot be empty.</msg>
<status status="FAIL" start="2024-05-27T23:13:02.645005" elapsed="0.000000">User keyword cannot be empty.</status>
</kw>
<kw name="Click the Qualifications" owner="Qualifications">
<status status="NOT RUN" start="2024-05-27T23:13:02.646011" elapsed="0.000000"/>
</kw>
<kw name="Click the Add Button">
<status status="NOT RUN" start="2024-05-27T23:13:02.646011" elapsed="0.001001"/>
</kw>
<kw name="Enter the Company Name" owner="Qualifications">
<status status="NOT RUN" start="2024-05-27T23:13:02.647012" elapsed="0.001265"/>
</kw>
<kw name="Enter the Job Title" owner="Qualifications">
<status status="NOT RUN" start="2024-05-27T23:13:02.650281" elapsed="0.002004"/>
</kw>
<kw name="Enter the From Date">
<status status="NOT RUN" start="2024-05-27T23:13:02.656925" elapsed="0.000000"/>
</kw>
<kw name="Enter the To Date">
<status status="NOT RUN" start="2024-05-27T23:13:02.662105" elapsed="0.000000"/>
</kw>
<kw name="Enter the Comment">
<status status="NOT RUN" start="2024-05-27T23:13:02.667485" elapsed="0.000000"/>
</kw>
<kw name="Click the Save button" owner="GenericResources">
<status status="NOT RUN" start="2024-05-27T23:13:02.668492" elapsed="0.000000"/>
</kw>
<status status="FAIL" start="2024-05-27T23:13:01.649424" elapsed="1.019068">User keyword cannot be empty.</status>
</kw>
<kw name="Close the Browser" type="TEARDOWN">
<msg time="2024-05-27T23:13:02.674737" level="FAIL">No keyword with name 'Close the Browser' found. Did you mean:
    SeleniumLibrary.Close Browser</msg>
<status status="FAIL" start="2024-05-27T23:13:02.673737" elapsed="0.001000">No keyword with name 'Close the Browser' found. Did you mean:
    SeleniumLibrary.Close Browser</status>
</kw>
<status status="FAIL" start="2024-05-27T23:12:48.741874" elapsed="13.932863">User keyword cannot be empty.

Also teardown failed:
No keyword with name 'Close the Browser' found. Did you mean:
    SeleniumLibrary.Close Browser</status>
</test>
<doc>Verify the Qualification feature of the Employee</doc>
<status status="FAIL" start="2024-05-27T23:12:44.486235" elapsed="18.190095"/>
</suite>
<status status="FAIL" start="2024-05-27T23:12:44.271826" elapsed="18.409409"/>
</suite>
<statistics>
<total>
<stat pass="0" fail="1" skip="0">All Tests</stat>
</total>
<tag>
</tag>
<suite>
<stat pass="0" fail="1" skip="0" id="s1" name="TestCases">TestCases</stat>
<stat pass="0" fail="1" skip="0" id="s1-s1" name="Test Qualification">TestCases.Test Qualification</stat>
</suite>
</statistics>
<errors>
</errors>
</robot>
