<?xml version="1.0" encoding="UTF-8"?>
<robot generator="Robot 7.0 (Python 3.12.2 on win32)" generated="2024-05-28T12:14:32.452356" rpa="false" schemaversion="5">
<suite id="s1" name="TestCases" source="F:\Git_Clone_Orange\Team2_OrangeHRM\TestCases">
<suite id="s1-s1" name="Test Pay" source="F:\Git_Clone_Orange\Team2_OrangeHRM\TestCases\Test_Pay.robot">
<test id="s1-s1-t1" name="Add the new Pay Grade" line="13">
<kw name="Open the browser with url" owner="GenericResources" type="SETUP">
<kw name="Create Webdriver" owner="SeleniumLibrary">
<msg time="2024-05-28T12:14:34.458105" level="INFO">Creating an instance of the Chrome WebDriver.</msg>
<arg>${browser_name}</arg>
<doc>Creates an instance of Selenium WebDriver.</doc>
<status status="PASS" start="2024-05-28T12:14:34.458105" elapsed="2.734700"/>
</kw>
<kw name="Go To" owner="SeleniumLibrary">
<msg time="2024-05-28T12:14:37.192805" level="INFO">Opening url 'https://opensource-demo.orangehrmlive.com/web/index.php/auth/login'</msg>
<arg>${url}</arg>
<doc>Navigates the current browser window to the provided ``url``.</doc>
<status status="PASS" start="2024-05-28T12:14:37.192805" elapsed="0.705822"/>
</kw>
<kw name="Maximize Browser Window" owner="SeleniumLibrary">
<doc>Maximizes current browser window.</doc>
<status status="PASS" start="2024-05-28T12:14:37.898627" elapsed="3.327588"/>
</kw>
<kw name="Set Selenium Implicit Wait" owner="SeleniumLibrary">
<arg>5</arg>
<doc>Sets the implicit wait value used by Selenium.</doc>
<status status="PASS" start="2024-05-28T12:14:41.226215" elapsed="0.003539"/>
</kw>
<status status="PASS" start="2024-05-28T12:14:34.455719" elapsed="6.774035"/>
</kw>
<kw name="Add a Pay Grade">
<kw name="Fill the login form" owner="LoginResources">
<kw name="Input Text" owner="SeleniumLibrary">
<msg time="2024-05-28T12:14:41.229754" level="INFO">Typing text 'Admin' into text field 'xpath://input[@name='username']'.</msg>
<arg>xpath://input[@name='username']</arg>
<arg>${Username}</arg>
<doc>Types the given ``text`` into the text field identified by ``locator``.</doc>
<status status="PASS" start="2024-05-28T12:14:41.229754" elapsed="1.334812"/>
</kw>
<kw name="Input Password" owner="SeleniumLibrary">
<msg time="2024-05-28T12:14:42.566711" level="INFO">Typing password into text field 'xpath://input[@type='password']'.</msg>
<msg time="2024-05-28T12:14:42.614663" level="INFO">Temporally setting log level to: NONE</msg>
<arg>xpath://input[@type='password']</arg>
<arg>${Password}</arg>
<doc>Types the given password into the text field identified by ``locator``.</doc>
<status status="PASS" start="2024-05-28T12:14:42.564566" elapsed="0.143120"/>
</kw>
<kw name="Click Button" owner="SeleniumLibrary">
<msg time="2024-05-28T12:14:42.707686" level="INFO">Clicking button 'xpath://button[@type='submit']'.</msg>
<arg>xpath://button[@type='submit']</arg>
<doc>Clicks the button identified by ``locator``.</doc>
<status status="PASS" start="2024-05-28T12:14:42.707686" elapsed="0.115429"/>
</kw>
<arg>Admin</arg>
<arg>admin123</arg>
<status status="PASS" start="2024-05-28T12:14:41.229754" elapsed="1.593361"/>
</kw>
<kw name="Click the Admin button" owner="GenericResources">
<kw name="Click Element" owner="SeleniumLibrary">
<msg time="2024-05-28T12:14:42.827046" level="INFO">Clicking element 'css:a[href="/web/index.php/admin/viewAdminModule"]'.</msg>
<arg>${admin}</arg>
<doc>Click the element identified by ``locator``.</doc>
<status status="PASS" start="2024-05-28T12:14:42.827046" elapsed="3.330462"/>
</kw>
<status status="PASS" start="2024-05-28T12:14:42.827046" elapsed="3.330462"/>
</kw>
<kw name="Click the Job" owner="Job">
<kw name="Wait Until Element Is Visible" owner="SeleniumLibrary">
<msg time="2024-05-28T12:14:51.552282" level="INFO" html="true">&lt;/td&gt;&lt;/tr&gt;&lt;tr&gt;&lt;td colspan="3"&gt;&lt;a href="selenium-screenshot-1.png"&gt;&lt;img src="selenium-screenshot-1.png" width="800px"&gt;&lt;/a&gt;</msg>
<msg time="2024-05-28T12:14:51.552282" level="FAIL">Element 'xpath=(//div[@class='oxd-topbar-body toggled']//span)[2]' not visible after 5 seconds.</msg>
<arg>${job}</arg>
<doc>Waits until the element ``locator`` is visible.</doc>
<status status="FAIL" start="2024-05-28T12:14:46.160319" elapsed="5.397168">Element 'xpath=(//div[@class='oxd-topbar-body toggled']//span)[2]' not visible after 5 seconds.</status>
</kw>
<kw name="Click Element" owner="SeleniumLibrary">
<arg>${job}</arg>
<doc>Click the element identified by ``locator``.</doc>
<status status="NOT RUN" start="2024-05-28T12:14:51.557487" elapsed="0.001346"/>
</kw>
<status status="FAIL" start="2024-05-28T12:14:46.160319" elapsed="5.398514">Element 'xpath=(//div[@class='oxd-topbar-body toggled']//span)[2]' not visible after 5 seconds.</status>
</kw>
<kw name="Click the Pay Grade" owner="PayGrade">
<status status="NOT RUN" start="2024-05-28T12:14:51.558833" elapsed="0.000000"/>
</kw>
<kw name="Click the Add Button" owner="GenericResources">
<status status="NOT RUN" start="2024-05-28T12:14:51.558833" elapsed="0.000000"/>
</kw>
<kw name="Enter the Pay Grade" owner="PayGrade">
<arg>${Pay_Grade}</arg>
<status status="NOT RUN" start="2024-05-28T12:14:51.558833" elapsed="0.000000"/>
</kw>
<kw name="Click the Save button" owner="GenericResources">
<status status="NOT RUN" start="2024-05-28T12:14:51.558833" elapsed="0.000000"/>
</kw>
<kw name="Verify the Pay Grade is added" owner="PayGrade">
<status status="NOT RUN" start="2024-05-28T12:14:51.558833" elapsed="0.000000"/>
</kw>
<arg>Pay_Grade=Grade 101</arg>
<status status="FAIL" start="2024-05-28T12:14:41.229754" elapsed="10.329079">Element 'xpath=(//div[@class='oxd-topbar-body toggled']//span)[2]' not visible after 5 seconds.</status>
</kw>
<kw name="Close Browser Session" owner="GenericResources" type="TEARDOWN">
<kw name="Close Browser" owner="SeleniumLibrary">
<doc>Closes the current browser.</doc>
<status status="PASS" start="2024-05-28T12:14:51.561036" elapsed="2.233400"/>
</kw>
<status status="PASS" start="2024-05-28T12:14:51.561036" elapsed="2.233400"/>
</kw>
<doc>Verifies the functions of the Pay Grade</doc>
<tag>Smoke</tag>
<status status="FAIL" start="2024-05-28T12:14:34.453131" elapsed="19.341305">Element 'xpath=(//div[@class='oxd-topbar-body toggled']//span)[2]' not visible after 5 seconds.</status>
</test>
<doc>Verify the Pay Grade feature of the Admin</doc>
<status status="FAIL" start="2024-05-28T12:14:32.502262" elapsed="21.293392"/>
</suite>
<status status="FAIL" start="2024-05-28T12:14:32.481323" elapsed="21.316386"/>
</suite>
<statistics>
<total>
<stat pass="0" fail="1" skip="0">All Tests</stat>
</total>
<tag>
<stat pass="0" fail="1" skip="0">Smoke</stat>
</tag>
<suite>
<stat pass="0" fail="1" skip="0" id="s1" name="TestCases">TestCases</stat>
<stat pass="0" fail="1" skip="0" id="s1-s1" name="Test Pay">TestCases.Test Pay</stat>
</suite>
</statistics>
<errors>
</errors>
</robot>
