<?xml version="1.0" encoding="UTF-8"?>
<robot generator="Robot 7.0 (Python 3.12.2 on win32)" generated="2024-05-24T07:36:44.476192" rpa="false" schemaversion="5">
<suite id="s1" name="TestCases" source="C:\Users\SM\Desktop\Team02_OrangeHRM\Team2_OrangeHRM\TestCases">
<suite id="s1-s1" name="Test LoginValid" source="C:\Users\SM\Desktop\Team02_OrangeHRM\Team2_OrangeHRM\TestCases\Test_LoginValid.robot">
<test id="s1-s1-t1" name="validate Successful login using valid credentials" line="14">
<kw name="Open the browser with url" owner="GenericResources" type="SETUP">
<kw name="Create Webdriver" owner="SeleniumLibrary">
<msg time="2024-05-24T07:36:44.743584" level="INFO">Creating an instance of the Chrome WebDriver.</msg>
<arg>${browser_name}</arg>
<doc>Creates an instance of Selenium WebDriver.</doc>
<status status="PASS" start="2024-05-24T07:36:44.733576" elapsed="5.166791"/>
</kw>
<kw name="Go To" owner="SeleniumLibrary">
<msg time="2024-05-24T07:36:49.902371" level="INFO">Opening url 'https://opensource-demo.orangehrmlive.com/web/index.php/auth/login'</msg>
<arg>${url}</arg>
<doc>Navigates the current browser window to the provided ``url``.</doc>
<status status="PASS" start="2024-05-24T07:36:49.901367" elapsed="9.294432"/>
</kw>
<kw name="Maximize Browser Window" owner="SeleniumLibrary">
<doc>Maximizes current browser window.</doc>
<status status="PASS" start="2024-05-24T07:36:59.196778" elapsed="0.353660"/>
</kw>
<kw name="Set Selenium Implicit Wait" owner="SeleniumLibrary">
<arg>5</arg>
<doc>Sets the implicit wait value used by Selenium.</doc>
<status status="PASS" start="2024-05-24T07:36:59.550438" elapsed="0.022738"/>
</kw>
<status status="PASS" start="2024-05-24T07:36:44.733576" elapsed="14.839600"/>
</kw>
<kw name="Fill the login form" owner="LoginResources">
<kw name="Input Text" owner="SeleniumLibrary">
<msg time="2024-05-24T07:36:59.577612" level="INFO">Typing text 'Admin' into text field 'xpath://input[@name='username']'.</msg>
<arg>xpath://input[@name='username']</arg>
<arg>${Username}</arg>
<doc>Types the given ``text`` into the text field identified by ``locator``.</doc>
<status status="PASS" start="2024-05-24T07:36:59.576419" elapsed="0.797949"/>
</kw>
<kw name="Input Password" owner="SeleniumLibrary">
<msg time="2024-05-24T07:37:00.376385" level="INFO">Typing password into text field 'xpath://input[@type='password']'.</msg>
<msg time="2024-05-24T07:37:00.528397" level="INFO">Temporally setting log level to: NONE</msg>
<arg>xpath://input[@type='password']</arg>
<arg>${Password}</arg>
<doc>Types the given password into the text field identified by ``locator``.</doc>
<status status="PASS" start="2024-05-24T07:37:00.375393" elapsed="0.474899"/>
</kw>
<kw name="Click Button" owner="SeleniumLibrary">
<msg time="2024-05-24T07:37:00.854849" level="INFO">Clicking button 'xpath://button[@type='submit']'.</msg>
<arg>xpath://button[@type='submit']</arg>
<doc>Clicks the button identified by ``locator``.</doc>
<status status="PASS" start="2024-05-24T07:37:00.852304" elapsed="0.326261"/>
</kw>
<arg>${username}</arg>
<arg>${password}</arg>
<status status="PASS" start="2024-05-24T07:36:59.574189" elapsed="1.604376"/>
</kw>
<kw name="Set Selenium Implicit Wait" owner="SeleniumLibrary">
<arg>5</arg>
<doc>Sets the implicit wait value used by Selenium.</doc>
<status status="PASS" start="2024-05-24T07:37:01.179571" elapsed="0.005000"/>
</kw>
<kw name="verify the valid credentials" owner="LoginResources">
<kw name="Element Text Should Be" owner="SeleniumLibrary">
<msg time="2024-05-24T07:37:01.187567" level="INFO">Verifying element 'xpath://h6[text()="Dashboard"]' contains exact text 'Dashboard'.</msg>
<arg>${dashBoard}</arg>
<arg>Dashboard</arg>
<doc>Verifies that element ``locator`` contains exact the text ``expected``.</doc>
<status status="PASS" start="2024-05-24T07:37:01.186574" elapsed="1.921324"/>
</kw>
<status status="PASS" start="2024-05-24T07:37:01.185569" elapsed="1.923322"/>
</kw>
<kw name="Close Browser Session" owner="GenericResources" type="TEARDOWN">
<kw name="Close Browser" owner="SeleniumLibrary">
<doc>Closes the current browser.</doc>
<status status="PASS" start="2024-05-24T07:37:03.109895" elapsed="2.269990"/>
</kw>
<status status="PASS" start="2024-05-24T07:37:03.108891" elapsed="2.270994"/>
</kw>
<status status="PASS" start="2024-05-24T07:36:44.733576" elapsed="20.646309"/>
</test>
<doc>test valid login to login page</doc>
<status status="PASS" start="2024-05-24T07:36:44.511872" elapsed="20.868013"/>
</suite>
<status status="PASS" start="2024-05-24T07:36:44.492375" elapsed="20.907658"/>
</suite>
<statistics>
<total>
<stat pass="1" fail="0" skip="0">All Tests</stat>
</total>
<tag>
</tag>
<suite>
<stat pass="1" fail="0" skip="0" id="s1" name="TestCases">TestCases</stat>
<stat pass="1" fail="0" skip="0" id="s1-s1" name="Test LoginValid">TestCases.Test LoginValid</stat>
</suite>
</statistics>
<errors>
</errors>
</robot>
