<?xml version="1.0" encoding="UTF-8"?>
<robot generator="Robot 7.0 (Python 3.12.2 on win32)" generated="2024-05-28T12:12:22.028004" rpa="false" schemaversion="5">
<suite id="s1" name="TestCases" source="F:\Git_Clone_Orange\Team2_OrangeHRM\TestCases">
<suite id="s1-s1" name="Test General" source="F:\Git_Clone_Orange\Team2_OrangeHRM\TestCases\Test_General.robot">
<test id="s1-s1-t1" name="Verify the Text Box is enabled" line="12">
<kw name="Open the browser with url" owner="GenericResources" type="SETUP">
<kw name="Create Webdriver" owner="SeleniumLibrary">
<msg time="2024-05-28T12:12:22.650296" level="INFO">Creating an instance of the Chrome WebDriver.</msg>
<arg>${browser_name}</arg>
<doc>Creates an instance of Selenium WebDriver.</doc>
<status status="PASS" start="2024-05-28T12:12:22.650296" elapsed="2.789242"/>
</kw>
<kw name="Go To" owner="SeleniumLibrary">
<msg time="2024-05-28T12:12:25.439538" level="INFO">Opening url 'https://opensource-demo.orangehrmlive.com/web/index.php/auth/login'</msg>
<arg>${url}</arg>
<doc>Navigates the current browser window to the provided ``url``.</doc>
<status status="PASS" start="2024-05-28T12:12:25.439538" elapsed="3.399416"/>
</kw>
<kw name="Maximize Browser Window" owner="SeleniumLibrary">
<doc>Maximizes current browser window.</doc>
<status status="PASS" start="2024-05-28T12:12:28.838954" elapsed="0.047951"/>
</kw>
<kw name="Set Selenium Implicit Wait" owner="SeleniumLibrary">
<arg>5</arg>
<doc>Sets the implicit wait value used by Selenium.</doc>
<status status="PASS" start="2024-05-28T12:12:28.886905" elapsed="0.009553"/>
</kw>
<status status="PASS" start="2024-05-28T12:12:22.642175" elapsed="6.254283"/>
</kw>
<kw name="Fill the login form" owner="LoginResources">
<kw name="Input Text" owner="SeleniumLibrary">
<msg time="2024-05-28T12:12:28.897951" level="INFO">Typing text 'Admin' into text field 'xpath://input[@name='username']'.</msg>
<arg>xpath://input[@name='username']</arg>
<arg>${Username}</arg>
<doc>Types the given ``text`` into the text field identified by ``locator``.</doc>
<status status="PASS" start="2024-05-28T12:12:28.897951" elapsed="0.636429"/>
</kw>
<kw name="Input Password" owner="SeleniumLibrary">
<msg time="2024-05-28T12:12:29.534380" level="INFO">Typing password into text field 'xpath://input[@type='password']'.</msg>
<msg time="2024-05-28T12:12:29.733002" level="INFO">Temporally setting log level to: NONE</msg>
<arg>xpath://input[@type='password']</arg>
<arg>${Password}</arg>
<doc>Types the given password into the text field identified by ``locator``.</doc>
<status status="PASS" start="2024-05-28T12:12:29.534380" elapsed="0.374819"/>
</kw>
<kw name="Click Button" owner="SeleniumLibrary">
<msg time="2024-05-28T12:12:29.909199" level="INFO">Clicking button 'xpath://button[@type='submit']'.</msg>
<arg>xpath://button[@type='submit']</arg>
<doc>Clicks the button identified by ``locator``.</doc>
<status status="PASS" start="2024-05-28T12:12:29.909199" elapsed="1.914461"/>
</kw>
<arg>Admin</arg>
<arg>admin123</arg>
<status status="PASS" start="2024-05-28T12:12:28.896458" elapsed="2.927202"/>
</kw>
<kw name="Click the Admin button" owner="GenericResources">
<kw name="Click Element" owner="SeleniumLibrary">
<msg time="2024-05-28T12:12:31.823660" level="INFO">Clicking element 'css:a[href="/web/index.php/admin/viewAdminModule"]'.</msg>
<arg>${admin}</arg>
<doc>Click the element identified by ``locator``.</doc>
<status status="PASS" start="2024-05-28T12:12:31.823660" elapsed="1.644636"/>
</kw>
<status status="PASS" start="2024-05-28T12:12:31.823660" elapsed="1.644636"/>
</kw>
<kw name="Click the Organization" owner="GenInfo">
<kw name="Wait Until Element Is Visible" owner="SeleniumLibrary">
<arg>${organization}</arg>
<doc>Waits until the element ``locator`` is visible.</doc>
<status status="PASS" start="2024-05-28T12:12:33.468296" elapsed="0.440835"/>
</kw>
<kw name="Click Element" owner="SeleniumLibrary">
<msg time="2024-05-28T12:12:33.910147" level="INFO">Clicking element 'xpath=(//i[@class='oxd-icon bi-chevron-down']/ancestor::span)[3]'.</msg>
<arg>${organization}</arg>
<doc>Click the element identified by ``locator``.</doc>
<status status="PASS" start="2024-05-28T12:12:33.909131" elapsed="0.066044"/>
</kw>
<status status="PASS" start="2024-05-28T12:12:33.468296" elapsed="0.506879"/>
</kw>
<kw name="Click the General Information" owner="GenInfo">
<kw name="Wait Until Element Is Visible" owner="SeleniumLibrary">
<arg>${gen_Info}</arg>
<doc>Waits until the element ``locator`` is visible.</doc>
<status status="PASS" start="2024-05-28T12:12:33.975175" elapsed="0.354543"/>
</kw>
<kw name="Click Element" owner="SeleniumLibrary">
<msg time="2024-05-28T12:12:34.329718" level="INFO">Clicking element 'xpath=(//ul[@class='oxd-dropdown-menu']//a)[1]'.</msg>
<arg>${gen_Info}</arg>
<doc>Click the element identified by ``locator``.</doc>
<status status="PASS" start="2024-05-28T12:12:34.329718" elapsed="1.026973"/>
</kw>
<status status="PASS" start="2024-05-28T12:12:33.975175" elapsed="1.384356"/>
</kw>
<kw name="Click the Edit" owner="GenInfo">
<kw name="Wait Until Element Is Visible" owner="SeleniumLibrary">
<arg>${edit}</arg>
<doc>Waits until the element ``locator`` is visible.</doc>
<status status="PASS" start="2024-05-28T12:12:35.359531" elapsed="0.529425"/>
</kw>
<kw name="Click Element" owner="SeleniumLibrary">
<msg time="2024-05-28T12:12:35.892048" level="INFO">Clicking element 'xpath=//input[@type='checkbox']/following-sibling::span'.</msg>
<arg>${edit}</arg>
<doc>Click the element identified by ``locator``.</doc>
<status status="PASS" start="2024-05-28T12:12:35.892048" elapsed="0.077264"/>
</kw>
<status status="PASS" start="2024-05-28T12:12:35.359531" elapsed="0.609781"/>
</kw>
<kw name="Verify the Text Box is enabled" owner="GenInfo">
<kw name="Element Should Be Enabled" owner="SeleniumLibrary">
<arg>${org_name}</arg>
<doc>Verifies that element identified by ``locator`` is enabled.</doc>
<status status="PASS" start="2024-05-28T12:12:35.969312" elapsed="0.099688"/>
</kw>
<status status="PASS" start="2024-05-28T12:12:35.969312" elapsed="0.099688"/>
</kw>
<kw name="Close Browser Session" owner="GenericResources" type="TEARDOWN">
<kw name="Close Browser" owner="SeleniumLibrary">
<doc>Closes the current browser.</doc>
<status status="PASS" start="2024-05-28T12:12:36.071098" elapsed="2.741457"/>
</kw>
<status status="PASS" start="2024-05-28T12:12:36.071098" elapsed="2.741457"/>
</kw>
<doc>Verifies the text box is enabled</doc>
<tag>Smoke</tag>
<status status="PASS" start="2024-05-28T12:12:22.642175" elapsed="16.170380"/>
</test>
<test id="s1-s1-t2" name="Edit the Organization Name" line="22">
<kw name="Open the browser with url" owner="GenericResources" type="SETUP">
<kw name="Create Webdriver" owner="SeleniumLibrary">
<msg time="2024-05-28T12:12:38.815079" level="INFO">Creating an instance of the Chrome WebDriver.</msg>
<arg>${browser_name}</arg>
<doc>Creates an instance of Selenium WebDriver.</doc>
<status status="PASS" start="2024-05-28T12:12:38.815079" elapsed="2.382368"/>
</kw>
<kw name="Go To" owner="SeleniumLibrary">
<msg time="2024-05-28T12:12:41.197447" level="INFO">Opening url 'https://opensource-demo.orangehrmlive.com/web/index.php/auth/login'</msg>
<arg>${url}</arg>
<doc>Navigates the current browser window to the provided ``url``.</doc>
<status status="PASS" start="2024-05-28T12:12:41.197447" elapsed="1.864955"/>
</kw>
<kw name="Maximize Browser Window" owner="SeleniumLibrary">
<doc>Maximizes current browser window.</doc>
<status status="PASS" start="2024-05-28T12:12:43.068919" elapsed="0.059713"/>
</kw>
<kw name="Set Selenium Implicit Wait" owner="SeleniumLibrary">
<arg>5</arg>
<doc>Sets the implicit wait value used by Selenium.</doc>
<status status="PASS" start="2024-05-28T12:12:43.128632" elapsed="0.000000"/>
</kw>
<status status="PASS" start="2024-05-28T12:12:38.813562" elapsed="4.315070"/>
</kw>
<kw name="Fill the login form" owner="LoginResources">
<kw name="Input Text" owner="SeleniumLibrary">
<msg time="2024-05-28T12:12:43.128632" level="INFO">Typing text 'Admin' into text field 'xpath://input[@name='username']'.</msg>
<msg time="2024-05-28T12:12:48.302890" level="INFO" html="true">&lt;/td&gt;&lt;/tr&gt;&lt;tr&gt;&lt;td colspan="3"&gt;&lt;a href="selenium-screenshot-1.png"&gt;&lt;img src="selenium-screenshot-1.png" width="800px"&gt;&lt;/a&gt;</msg>
<msg time="2024-05-28T12:12:48.302890" level="FAIL">Element with locator 'xpath://input[@name='username']' not found.</msg>
<arg>xpath://input[@name='username']</arg>
<arg>${Username}</arg>
<doc>Types the given ``text`` into the text field identified by ``locator``.</doc>
<status status="FAIL" start="2024-05-28T12:12:43.128632" elapsed="5.181325">Element with locator 'xpath://input[@name='username']' not found.</status>
</kw>
<kw name="Input Password" owner="SeleniumLibrary">
<arg>xpath://input[@type='password']</arg>
<arg>${Password}</arg>
<doc>Types the given password into the text field identified by ``locator``.</doc>
<status status="NOT RUN" start="2024-05-28T12:12:48.309957" elapsed="0.000000"/>
</kw>
<kw name="Click Button" owner="SeleniumLibrary">
<arg>xpath://button[@type='submit']</arg>
<doc>Clicks the button identified by ``locator``.</doc>
<status status="NOT RUN" start="2024-05-28T12:12:48.311389" elapsed="0.000000"/>
</kw>
<arg>Admin</arg>
<arg>admin123</arg>
<status status="FAIL" start="2024-05-28T12:12:43.128632" elapsed="5.182757">Element with locator 'xpath://input[@name='username']' not found.</status>
</kw>
<kw name="Click the Admin button" owner="GenericResources">
<status status="NOT RUN" start="2024-05-28T12:12:48.311389" elapsed="0.000000"/>
</kw>
<kw name="Click the Organization" owner="GenInfo">
<status status="NOT RUN" start="2024-05-28T12:12:48.312451" elapsed="0.000000"/>
</kw>
<kw name="Click the General Information" owner="GenInfo">
<status status="NOT RUN" start="2024-05-28T12:12:48.312451" elapsed="0.000000"/>
</kw>
<kw name="Click the Edit" owner="GenInfo">
<status status="NOT RUN" start="2024-05-28T12:12:48.312451" elapsed="0.000000"/>
</kw>
<kw name="Enter the Organization Name" owner="GenInfo">
<status status="NOT RUN" start="2024-05-28T12:12:48.313507" elapsed="0.000000"/>
</kw>
<kw name="Click Save Button" owner="GenInfo">
<status status="NOT RUN" start="2024-05-28T12:12:48.313507" elapsed="0.000000"/>
</kw>
<kw name="Verify the Organization name is changed" owner="GenInfo">
<status status="NOT RUN" start="2024-05-28T12:12:48.313507" elapsed="0.000000"/>
</kw>
<kw name="Close Browser Session" owner="GenericResources" type="TEARDOWN">
<kw name="Close Browser" owner="SeleniumLibrary">
<doc>Closes the current browser.</doc>
<status status="PASS" start="2024-05-28T12:12:48.313507" elapsed="2.320250"/>
</kw>
<status status="PASS" start="2024-05-28T12:12:48.313507" elapsed="2.320250"/>
</kw>
<doc>Verify the Organization name can be editable</doc>
<tag>Smoke</tag>
<status status="FAIL" start="2024-05-28T12:12:38.813562" elapsed="11.820195">Element with locator 'xpath://input[@name='username']' not found.</status>
</test>
<doc>Verify the General Information feature of the Organization</doc>
<status status="FAIL" start="2024-05-28T12:12:22.096704" elapsed="28.537053"/>
</suite>
<status status="FAIL" start="2024-05-28T12:12:22.059155" elapsed="28.574602"/>
</suite>
<statistics>
<total>
<stat pass="1" fail="1" skip="0">All Tests</stat>
</total>
<tag>
<stat pass="1" fail="1" skip="0">Smoke</stat>
</tag>
<suite>
<stat pass="1" fail="1" skip="0" id="s1" name="TestCases">TestCases</stat>
<stat pass="1" fail="1" skip="0" id="s1-s1" name="Test General">TestCases.Test General</stat>
</suite>
</statistics>
<errors>
</errors>
</robot>
