<?xml version="1.0" encoding="UTF-8"?>
<robot generator="Robot 7.0 (Python 3.12.2 on win32)" generated="2024-05-29T00:41:30.974858" rpa="false" schemaversion="5">
<suite id="s1" name="Team2 OrangeHRM" source="C:\Users\SM\Desktop\Project _automation\Team2_OrangeHRM">
<suite id="s1-s1" name="TestCases" source="C:\Users\SM\Desktop\Project _automation\Team2_OrangeHRM\TestCases">
<suite id="s1-s1-s1" name="Test Action" source="C:\Users\SM\Desktop\Project _automation\Team2_OrangeHRM\TestCases\Test_Action.robot">
<test id="s1-s1-s1-t1" name="Verify the Time at Work Feature" line="12">
<kw name="Open the browser with url" owner="GenericResources" type="SETUP">
<kw name="Create Webdriver" owner="SeleniumLibrary">
<msg time="2024-05-29T00:41:31.853745" level="INFO">Creating an instance of the Chrome WebDriver.</msg>
<arg>${browser_name}</arg>
<doc>Creates an instance of Selenium WebDriver.</doc>
<status status="PASS" start="2024-05-29T00:41:31.853745" elapsed="7.073328"/>
</kw>
<kw name="Go To" owner="SeleniumLibrary">
<msg time="2024-05-29T00:41:38.931073" level="INFO">Opening url 'https://opensource-demo.orangehrmlive.com/web/index.php/auth/login'</msg>
<arg>${url}</arg>
<doc>Navigates the current browser window to the provided ``url``.</doc>
<status status="PASS" start="2024-05-29T00:41:38.930076" elapsed="16.190293"/>
</kw>
<kw name="Maximize Browser Window" owner="SeleniumLibrary">
<doc>Maximizes current browser window.</doc>
<status status="PASS" start="2024-05-29T00:41:55.124472" elapsed="0.319611"/>
</kw>
<kw name="Set Selenium Implicit Wait" owner="SeleniumLibrary">
<arg>5</arg>
<doc>Sets the implicit wait value used by Selenium.</doc>
<status status="PASS" start="2024-05-29T00:41:55.446081" elapsed="0.034394"/>
</kw>
<status status="PASS" start="2024-05-29T00:41:31.853745" elapsed="24.049103"/>
</kw>
<kw name="Fill the Login Form" owner="User">
<kw name="Input Text" owner="SeleniumLibrary">
<msg time="2024-05-29T00:41:56.264986" level="INFO">Typing text 'Admin' into text field 'xpath=//input[@placeholder='Username']'.</msg>
<arg>${us_name}</arg>
<arg>${username}</arg>
<doc>Types the given ``text`` into the text field identified by ``locator``.</doc>
<status status="PASS" start="2024-05-29T00:41:56.251868" elapsed="1.319247"/>
</kw>
<kw name="Input Password" owner="SeleniumLibrary">
<msg time="2024-05-29T00:41:57.575455" level="INFO">Typing password into text field 'name=password'.</msg>
<msg time="2024-05-29T00:41:57.820328" level="INFO">Temporally setting log level to: NONE</msg>
<arg>${pa_word}</arg>
<arg>${password}</arg>
<doc>Types the given password into the text field identified by ``locator``.</doc>
<status status="PASS" start="2024-05-29T00:41:57.572478" elapsed="0.615388"/>
</kw>
<kw name="Click Button" owner="SeleniumLibrary">
<msg time="2024-05-29T00:41:58.190589" level="INFO">Clicking button 'css:.orangehrm-login-button'.</msg>
<arg>${button}</arg>
<doc>Clicks the button identified by ``locator``.</doc>
<status status="PASS" start="2024-05-29T00:41:58.189194" elapsed="0.375247"/>
</kw>
<arg>Admin</arg>
<arg>admin123</arg>
<status status="PASS" start="2024-05-29T00:41:55.908148" elapsed="2.656293"/>
</kw>
<kw name="Click the Clock Icon" owner="Dashboard">
<kw name="Wait Until Element Is Visible" owner="SeleniumLibrary">
<arg>${clock}</arg>
<doc>Waits until the element ``locator`` is visible.</doc>
<status status="PASS" start="2024-05-29T00:41:58.567219" elapsed="4.028644"/>
</kw>
<kw name="Click Button" owner="SeleniumLibrary">
<msg time="2024-05-29T00:42:02.602667" level="INFO">Clicking button 'css:button[class='oxd-icon-button oxd-icon-button--solid-main orangehrm-attendance-card-action'][type='button']'.</msg>
<arg>${clock}</arg>
<doc>Clicks the button identified by ``locator``.</doc>
<status status="PASS" start="2024-05-29T00:42:02.598271" elapsed="2.566285"/>
</kw>
<status status="PASS" start="2024-05-29T00:41:58.565479" elapsed="6.599077"/>
</kw>
<kw name="Verify the Punch out page is opened" owner="Dashboard">
<kw name="Page Should Contain Element" owner="SeleniumLibrary">
<msg time="2024-05-29T00:42:07.267400" level="INFO">Current page contains element 'xpath=//div[@class='orangehrm-card-container']//h6'.</msg>
<arg>${punch_out}</arg>
<arg>Punch Out</arg>
<doc>Verifies that element ``locator`` is found on the current page.</doc>
<status status="PASS" start="2024-05-29T00:42:05.164556" elapsed="2.102844"/>
</kw>
<status status="PASS" start="2024-05-29T00:42:05.164556" elapsed="2.104170"/>
</kw>
<kw name="Close the Browser" type="TEARDOWN">
<msg time="2024-05-29T00:42:07.424726" level="FAIL">No keyword with name 'Close the Browser' found. Did you mean:
    SeleniumLibrary.Close Browser</msg>
<status status="FAIL" start="2024-05-29T00:42:07.420612" elapsed="0.009316">No keyword with name 'Close the Browser' found. Did you mean:
    SeleniumLibrary.Close Browser</status>
</kw>
<doc>Verifies the Punch out time page is opened</doc>
<tag>Smoke</tag>
<status status="FAIL" start="2024-05-29T00:41:31.813376" elapsed="35.628928">Teardown failed:
No keyword with name 'Close the Browser' found. Did you mean:
    SeleniumLibrary.Close Browser</status>
</test>
<test id="s1-s1-s1-t2" name="Verify the Pending review" line="19">
<kw name="Open the browser with url" owner="GenericResources" type="SETUP">
<kw name="Create Webdriver" owner="SeleniumLibrary">
<msg time="2024-05-29T00:42:07.601488" level="INFO">Creating an instance of the Chrome WebDriver.</msg>
<arg>${browser_name}</arg>
<doc>Creates an instance of Selenium WebDriver.</doc>
<status status="PASS" start="2024-05-29T00:42:07.599441" elapsed="17.328155"/>
</kw>
<kw name="Go To" owner="SeleniumLibrary">
<msg time="2024-05-29T00:42:24.935027" level="INFO">Opening url 'https://opensource-demo.orangehrmlive.com/web/index.php/auth/login'</msg>
<arg>${url}</arg>
<doc>Navigates the current browser window to the provided ``url``.</doc>
<status status="PASS" start="2024-05-29T00:42:24.932969" elapsed="12.833762"/>
</kw>
<kw name="Maximize Browser Window" owner="SeleniumLibrary">
<doc>Maximizes current browser window.</doc>
<status status="PASS" start="2024-05-29T00:42:37.768787" elapsed="0.216728"/>
</kw>
<kw name="Set Selenium Implicit Wait" owner="SeleniumLibrary">
<arg>5</arg>
<doc>Sets the implicit wait value used by Selenium.</doc>
<status status="PASS" start="2024-05-29T00:42:37.988532" elapsed="0.059455"/>
</kw>
<status status="PASS" start="2024-05-29T00:42:07.596013" elapsed="30.453952"/>
</kw>
<kw name="Fill the Login Form" owner="User">
<kw name="Input Text" owner="SeleniumLibrary">
<msg time="2024-05-29T00:42:38.068522" level="INFO">Typing text 'Admin' into text field 'xpath=//input[@placeholder='Username']'.</msg>
<arg>${us_name}</arg>
<arg>${username}</arg>
<doc>Types the given ``text`` into the text field identified by ``locator``.</doc>
<status status="PASS" start="2024-05-29T00:42:38.064711" elapsed="1.128551"/>
</kw>
<kw name="Input Password" owner="SeleniumLibrary">
<msg time="2024-05-29T00:42:39.197290" level="INFO">Typing password into text field 'name=password'.</msg>
<msg time="2024-05-29T00:42:39.342982" level="INFO">Temporally setting log level to: NONE</msg>
<arg>${pa_word}</arg>
<arg>${password}</arg>
<doc>Types the given password into the text field identified by ``locator``.</doc>
<status status="PASS" start="2024-05-29T00:42:39.194289" elapsed="0.498072"/>
</kw>
<kw name="Click Button" owner="SeleniumLibrary">
<msg time="2024-05-29T00:42:39.696826" level="INFO">Clicking button 'css:.orangehrm-login-button'.</msg>
<arg>${button}</arg>
<doc>Clicks the button identified by ``locator``.</doc>
<status status="PASS" start="2024-05-29T00:42:39.695811" elapsed="0.336499"/>
</kw>
<arg>Admin</arg>
<arg>admin123</arg>
<status status="PASS" start="2024-05-29T00:42:38.050966" elapsed="1.981344"/>
</kw>
<kw name="Click the Pending self review" owner="Dashboard">
<kw name="Wait Until Element Is Visible" owner="SeleniumLibrary">
<arg>${pending}</arg>
<doc>Waits until the element ``locator`` is visible.</doc>
<status status="PASS" start="2024-05-29T00:42:40.036428" elapsed="3.132216"/>
</kw>
<kw name="Click Element" owner="SeleniumLibrary">
<msg time="2024-05-29T00:42:43.175173" level="INFO">Clicking element 'xpath=(//div[@class='orangehrm-todo-list']//p)[1]'.</msg>
<arg>${pending}</arg>
<doc>Click the element identified by ``locator``.</doc>
<status status="PASS" start="2024-05-29T00:42:43.170657" elapsed="1.136975"/>
</kw>
<status status="PASS" start="2024-05-29T00:42:40.033992" elapsed="4.273939"/>
</kw>
<kw name="Verify the Performance Page is opened" owner="Dashboard">
<kw name="Page Should Contain Element" owner="SeleniumLibrary">
<msg time="2024-05-29T00:42:44.699011" level="INFO">Current page contains element 'xpath=//h6[contains(@class,'oxd-text oxd-text--h6 orangehrm-main-title')]'.</msg>
<arg>${my_review}</arg>
<arg>My Review</arg>
<doc>Verifies that element ``locator`` is found on the current page.</doc>
<status status="PASS" start="2024-05-29T00:42:44.309614" elapsed="0.389397"/>
</kw>
<status status="PASS" start="2024-05-29T00:42:44.308599" elapsed="0.390412"/>
</kw>
<kw name="Close the Browser" type="TEARDOWN">
<msg time="2024-05-29T00:42:44.708530" level="FAIL">No keyword with name 'Close the Browser' found. Did you mean:
    SeleniumLibrary.Close Browser</msg>
<status status="FAIL" start="2024-05-29T00:42:44.708530" elapsed="0.000000">No keyword with name 'Close the Browser' found. Did you mean:
    SeleniumLibrary.Close Browser</status>
</kw>
<doc>Verifies the My Review page is opened</doc>
<tag>Smoke</tag>
<status status="FAIL" start="2024-05-29T00:42:07.561741" elapsed="37.146789">Teardown failed:
No keyword with name 'Close the Browser' found. Did you mean:
    SeleniumLibrary.Close Browser</status>
</test>
<test id="s1-s1-s1-t3" name="Verify the Candidates review" line="26">
<kw name="Open the browser with url" owner="GenericResources" type="SETUP">
<kw name="Create Webdriver" owner="SeleniumLibrary">
<msg time="2024-05-29T00:42:44.720358" level="INFO">Creating an instance of the Chrome WebDriver.</msg>
<arg>${browser_name}</arg>
<doc>Creates an instance of Selenium WebDriver.</doc>
<status status="PASS" start="2024-05-29T00:42:44.719364" elapsed="5.141157"/>
</kw>
<kw name="Go To" owner="SeleniumLibrary">
<msg time="2024-05-29T00:42:49.861525" level="INFO">Opening url 'https://opensource-demo.orangehrmlive.com/web/index.php/auth/login'</msg>
<arg>${url}</arg>
<doc>Navigates the current browser window to the provided ``url``.</doc>
<status status="PASS" start="2024-05-29T00:42:49.860521" elapsed="7.221516"/>
</kw>
<kw name="Maximize Browser Window" owner="SeleniumLibrary">
<doc>Maximizes current browser window.</doc>
<status status="PASS" start="2024-05-29T00:42:57.086036" elapsed="0.859875"/>
</kw>
<kw name="Set Selenium Implicit Wait" owner="SeleniumLibrary">
<arg>5</arg>
<doc>Sets the implicit wait value used by Selenium.</doc>
<status status="PASS" start="2024-05-29T00:42:57.947907" elapsed="0.046932"/>
</kw>
<status status="PASS" start="2024-05-29T00:42:44.716556" elapsed="13.278283"/>
</kw>
<kw name="Fill the Login Form" owner="User">
<kw name="Input Text" owner="SeleniumLibrary">
<msg time="2024-05-29T00:42:58.000793" level="INFO">Typing text 'Admin' into text field 'xpath=//input[@placeholder='Username']'.</msg>
<arg>${us_name}</arg>
<arg>${username}</arg>
<doc>Types the given ``text`` into the text field identified by ``locator``.</doc>
<status status="PASS" start="2024-05-29T00:42:57.997204" elapsed="0.587617"/>
</kw>
<kw name="Input Password" owner="SeleniumLibrary">
<msg time="2024-05-29T00:42:58.584821" level="INFO">Typing password into text field 'name=password'.</msg>
<msg time="2024-05-29T00:42:58.792240" level="INFO">Temporally setting log level to: NONE</msg>
<arg>${pa_word}</arg>
<arg>${password}</arg>
<doc>Types the given password into the text field identified by ``locator``.</doc>
<status status="PASS" start="2024-05-29T00:42:58.584821" elapsed="0.647648"/>
</kw>
<kw name="Click Button" owner="SeleniumLibrary">
<msg time="2024-05-29T00:42:59.234754" level="INFO">Clicking button 'css:.orangehrm-login-button'.</msg>
<arg>${button}</arg>
<doc>Clicks the button identified by ``locator``.</doc>
<status status="PASS" start="2024-05-29T00:42:59.233485" elapsed="2.080898"/>
</kw>
<arg>Admin</arg>
<arg>admin123</arg>
<status status="PASS" start="2024-05-29T00:42:57.995973" elapsed="3.318410"/>
</kw>
<kw name="Click the remaining candidates review" owner="Dashboard">
<kw name="Wait Until Element Is Visible" owner="SeleniumLibrary">
<arg>${review}</arg>
<doc>Waits until the element ``locator`` is visible.</doc>
<status status="PASS" start="2024-05-29T00:43:01.317380" elapsed="3.973672"/>
</kw>
<kw name="Click Element" owner="SeleniumLibrary">
<msg time="2024-05-29T00:43:05.292485" level="INFO">Clicking element 'xpath=(//div[@class='orangehrm-todo-list']//p)[2]'.</msg>
<arg>${review}</arg>
<doc>Click the element identified by ``locator``.</doc>
<status status="PASS" start="2024-05-29T00:43:05.291052" elapsed="1.013138"/>
</kw>
<status status="PASS" start="2024-05-29T00:43:01.315388" elapsed="4.989811"/>
</kw>
<kw name="Verify the Recruitment Page is opened" owner="Dashboard">
<kw name="Page Should Contain Element" owner="SeleniumLibrary">
<msg time="2024-05-29T00:43:07.186856" level="INFO">Current page contains element 'xpath=//h5[text()='Candidates']'.</msg>
<arg>${candidates}</arg>
<arg>Candidates</arg>
<doc>Verifies that element ``locator`` is found on the current page.</doc>
<status status="PASS" start="2024-05-29T00:43:06.307727" elapsed="0.881136"/>
</kw>
<status status="PASS" start="2024-05-29T00:43:06.306089" elapsed="0.883781"/>
</kw>
<kw name="Close the Browser" type="TEARDOWN">
<msg time="2024-05-29T00:43:07.239855" level="FAIL">No keyword with name 'Close the Browser' found. Did you mean:
    SeleniumLibrary.Close Browser</msg>
<status status="FAIL" start="2024-05-29T00:43:07.204995" elapsed="0.035857">No keyword with name 'Close the Browser' found. Did you mean:
    SeleniumLibrary.Close Browser</status>
</kw>
<doc>Verifies the Candidate page is opened</doc>
<tag>Retest</tag>
<status status="FAIL" start="2024-05-29T00:42:44.708530" elapsed="22.533327">Teardown failed:
No keyword with name 'Close the Browser' found. Did you mean:
    SeleniumLibrary.Close Browser</status>
</test>
<doc>Verifies the My Action feature of the Admin</doc>
<status status="FAIL" start="2024-05-29T00:41:31.067207" elapsed="96.237108"/>
</suite>
<status status="FAIL" start="2024-05-29T00:41:31.060624" elapsed="96.271713"/>
</suite>
<status status="FAIL" start="2024-05-29T00:41:31.023583" elapsed="96.315354"/>
</suite>
<statistics>
<total>
<stat pass="0" fail="3" skip="0">All Tests</stat>
</total>
<tag>
<stat pass="0" fail="1" skip="0">Retest</stat>
<stat pass="0" fail="2" skip="0">Smoke</stat>
</tag>
<suite>
<stat pass="0" fail="3" skip="0" id="s1" name="Team2 OrangeHRM">Team2 OrangeHRM</stat>
<stat pass="0" fail="3" skip="0" id="s1-s1" name="TestCases">Team2 OrangeHRM.TestCases</stat>
<stat pass="0" fail="3" skip="0" id="s1-s1-s1" name="Test Action">Team2 OrangeHRM.TestCases.Test Action</stat>
</suite>
</statistics>
<errors>
</errors>
</robot>
