<?xml version="1.0" encoding="UTF-8"?>
<robot generator="Robot 7.0 (Python 3.12.2 on win32)" generated="2024-05-28T12:16:03.916688" rpa="false" schemaversion="5">
<suite id="s1" name="TestCases" source="F:\Git_Clone_Orange\Team2_OrangeHRM\TestCases">
<suite id="s1-s1" name="Test logout" source="F:\Git_Clone_Orange\Team2_OrangeHRM\TestCases\Test_logout.robot">
<test id="s1-s1-t1" name="validate successful change password" line="17">
<kw name="Open the browser with url" owner="GenericResources" type="SETUP">
<kw name="Create Webdriver" owner="SeleniumLibrary">
<msg time="2024-05-28T12:16:04.407838" level="INFO">Creating an instance of the Chrome WebDriver.</msg>
<arg>${browser_name}</arg>
<doc>Creates an instance of Selenium WebDriver.</doc>
<status status="PASS" start="2024-05-28T12:16:04.401623" elapsed="3.189471"/>
</kw>
<kw name="Go To" owner="SeleniumLibrary">
<msg time="2024-05-28T12:16:07.594229" level="INFO">Opening url 'https://opensource-demo.orangehrmlive.com/web/index.php/auth/login'</msg>
<arg>${url}</arg>
<doc>Navigates the current browser window to the provided ``url``.</doc>
<status status="PASS" start="2024-05-28T12:16:07.594229" elapsed="0.873180"/>
</kw>
<kw name="Maximize Browser Window" owner="SeleniumLibrary">
<doc>Maximizes current browser window.</doc>
<status status="PASS" start="2024-05-28T12:16:08.467409" elapsed="3.711266"/>
</kw>
<kw name="Set Selenium Implicit Wait" owner="SeleniumLibrary">
<arg>5</arg>
<doc>Sets the implicit wait value used by Selenium.</doc>
<status status="PASS" start="2024-05-28T12:16:12.178675" elapsed="0.003513"/>
</kw>
<status status="PASS" start="2024-05-28T12:16:04.401623" elapsed="7.780565"/>
</kw>
<kw name="Run Keyword If" owner="BuiltIn">
<arg>${should_fail}</arg>
<arg>Fail</arg>
<arg>Intentional fail.</arg>
<doc>Runs the given keyword with the given arguments, if ``condition`` is true.</doc>
<status status="PASS" start="2024-05-28T12:16:12.182188" elapsed="0.000000"/>
</kw>
<kw name="Fill the login form" owner="LoginResources">
<kw name="Input Text" owner="SeleniumLibrary">
<msg time="2024-05-28T12:16:12.188164" level="INFO">Typing text 'Admin' into text field 'xpath://input[@name='username']'.</msg>
<arg>xpath://input[@name='username']</arg>
<arg>${Username}</arg>
<doc>Types the given ``text`` into the text field identified by ``locator``.</doc>
<status status="PASS" start="2024-05-28T12:16:12.187091" elapsed="1.293563"/>
</kw>
<kw name="Input Password" owner="SeleniumLibrary">
<msg time="2024-05-28T12:16:13.481702" level="INFO">Typing password into text field 'xpath://input[@type='password']'.</msg>
<msg time="2024-05-28T12:16:13.535826" level="INFO">Temporally setting log level to: NONE</msg>
<arg>xpath://input[@type='password']</arg>
<arg>${Password}</arg>
<doc>Types the given password into the text field identified by ``locator``.</doc>
<status status="PASS" start="2024-05-28T12:16:13.480654" elapsed="0.132114"/>
</kw>
<kw name="Click Button" owner="SeleniumLibrary">
<msg time="2024-05-28T12:16:13.613940" level="INFO">Clicking button 'xpath://button[@type='submit']'.</msg>
<arg>xpath://button[@type='submit']</arg>
<doc>Clicks the button identified by ``locator``.</doc>
<status status="PASS" start="2024-05-28T12:16:13.613940" elapsed="1.654742"/>
</kw>
<arg>${username}</arg>
<arg>${password}</arg>
<status status="PASS" start="2024-05-28T12:16:12.182188" elapsed="3.087503"/>
</kw>
<kw name="Set Selenium Implicit Wait" owner="SeleniumLibrary">
<arg>5</arg>
<doc>Sets the implicit wait value used by Selenium.</doc>
<status status="PASS" start="2024-05-28T12:16:15.269691" elapsed="0.004870"/>
</kw>
<kw name="verify the valid credentials" owner="LoginResources">
<kw name="Element Text Should Be" owner="SeleniumLibrary">
<msg time="2024-05-28T12:16:15.277031" level="INFO">Verifying element 'xpath://h6[text()="Dashboard"]' contains exact text 'Dashboard'.</msg>
<arg>${dashBoard}</arg>
<arg>Dashboard</arg>
<doc>Verifies that element ``locator`` contains exact the text ``expected``.</doc>
<status status="PASS" start="2024-05-28T12:16:15.277031" elapsed="0.482537"/>
</kw>
<status status="PASS" start="2024-05-28T12:16:15.275888" elapsed="0.483680"/>
</kw>
<kw name="click user icon" owner="ChangePasswordResources">
<kw name="Click Element" owner="SeleniumLibrary">
<msg time="2024-05-28T12:16:15.761635" level="INFO">Clicking element 'xpath://p[@class="oxd-userdropdown-name"]'.</msg>
<arg>${user}</arg>
<doc>Click the element identified by ``locator``.</doc>
<status status="PASS" start="2024-05-28T12:16:15.761635" elapsed="0.115335"/>
</kw>
<status status="PASS" start="2024-05-28T12:16:15.760624" elapsed="0.116346"/>
</kw>
<kw name="click logout" owner="ChangePasswordResources">
<kw name="Click Element" owner="SeleniumLibrary">
<msg time="2024-05-28T12:16:15.886073" level="INFO">Clicking element 'xpath:(//a[@class="oxd-userdropdown-link"])[4]'.</msg>
<arg>${logout}</arg>
<doc>Click the element identified by ``locator``.</doc>
<status status="PASS" start="2024-05-28T12:16:15.886073" elapsed="1.315652"/>
</kw>
<status status="PASS" start="2024-05-28T12:16:15.884995" elapsed="1.318091"/>
</kw>
<kw name="Close Browser Session" owner="GenericResources" type="TEARDOWN">
<kw name="Close Browser" owner="SeleniumLibrary">
<doc>Closes the current browser.</doc>
<status status="PASS" start="2024-05-28T12:16:17.204598" elapsed="2.762261"/>
</kw>
<status status="PASS" start="2024-05-28T12:16:17.204598" elapsed="2.762261"/>
</kw>
<doc>Intentionally fail and then pass on rerun.</doc>
<tag>UAT</tag>
<status status="PASS" start="2024-05-28T12:16:04.401623" elapsed="15.565236"/>
</test>
<doc>test valid logout page</doc>
<status status="PASS" start="2024-05-28T12:16:03.959820" elapsed="16.007039"/>
</suite>
<status status="PASS" start="2024-05-28T12:16:03.940924" elapsed="16.030557"/>
</suite>
<statistics>
<total>
<stat pass="1" fail="0" skip="0">All Tests</stat>
</total>
<tag>
<stat pass="1" fail="0" skip="0">UAT</stat>
</tag>
<suite>
<stat pass="1" fail="0" skip="0" id="s1" name="TestCases">TestCases</stat>
<stat pass="1" fail="0" skip="0" id="s1-s1" name="Test logout">TestCases.Test logout</stat>
</suite>
</statistics>
<errors>
</errors>
</robot>
