<?xml version="1.0" encoding="UTF-8"?>
<robot generator="Robot 7.0 (Python 3.12.2 on win32)" generated="2024-05-27T23:13:24.498223" rpa="false" schemaversion="5">
<suite id="s1" name="TestCases" source="E:\Git\Team2_OrangeHRM\Team2_OrangeHRM\TestCases">
<suite id="s1-s1" name="Test Vacancy" source="E:\Git\Team2_OrangeHRM\Team2_OrangeHRM\TestCases\Test_Vacancy.robot">
<test id="s1-s1-t1" name="Vacancies" line="16">
<kw name="Open the Browser with URL" owner="GenericResources" type="SETUP">
<kw name="Create Webdriver" owner="SeleniumLibrary">
<msg time="2024-05-27T23:13:24.891215" level="INFO">Creating an instance of the Chrome WebDriver.</msg>
<arg>Chrome</arg>
<doc>Creates an instance of Selenium WebDriver.</doc>
<status status="PASS" start="2024-05-27T23:13:24.890215" elapsed="2.670942"/>
</kw>
<kw name="Go To" owner="SeleniumLibrary">
<msg time="2024-05-27T23:13:27.562157" level="INFO">Opening url 'https://opensource-demo.orangehrmlive.com/web/index.php/auth/login'</msg>
<arg>${url}</arg>
<doc>Navigates the current browser window to the provided ``url``.</doc>
<status status="PASS" start="2024-05-27T23:13:27.561157" elapsed="11.346167"/>
</kw>
<kw name="Maximize Browser Window" owner="SeleniumLibrary">
<doc>Maximizes current browser window.</doc>
<status status="PASS" start="2024-05-27T23:13:38.908329" elapsed="0.055649"/>
</kw>
<kw name="Set Selenium Implicit Wait" owner="SeleniumLibrary">
<arg>5</arg>
<doc>Sets the implicit wait value used by Selenium.</doc>
<status status="PASS" start="2024-05-27T23:13:38.963978" elapsed="0.002000"/>
</kw>
<status status="PASS" start="2024-05-27T23:13:24.887323" elapsed="14.079656"/>
</kw>
<kw name="Fill the login form" owner="LoginResources">
<kw name="Input Text" owner="SeleniumLibrary">
<msg time="2024-05-27T23:13:38.974529" level="INFO">Typing text 'Admin' into text field 'xpath://input[@name='username']'.</msg>
<arg>xpath://input[@name='username']</arg>
<arg>${Username}</arg>
<doc>Types the given ``text`` into the text field identified by ``locator``.</doc>
<status status="PASS" start="2024-05-27T23:13:38.968988" elapsed="2.055953"/>
</kw>
<kw name="Input Password" owner="SeleniumLibrary">
<msg time="2024-05-27T23:13:41.024941" level="INFO">Typing password into text field 'xpath://input[@type='password']'.</msg>
<msg time="2024-05-27T23:13:41.094187" level="INFO">Temporally setting log level to: NONE</msg>
<arg>xpath://input[@type='password']</arg>
<arg>${Password}</arg>
<doc>Types the given password into the text field identified by ``locator``.</doc>
<status status="PASS" start="2024-05-27T23:13:41.024941" elapsed="0.206347"/>
</kw>
<kw name="Click Button" owner="SeleniumLibrary">
<msg time="2024-05-27T23:13:41.234298" level="INFO">Clicking button 'xpath://button[@type='submit']'.</msg>
<arg>xpath://button[@type='submit']</arg>
<doc>Clicks the button identified by ``locator``.</doc>
<status status="PASS" start="2024-05-27T23:13:41.232293" elapsed="1.899665"/>
</kw>
<arg>${username}</arg>
<arg>${password}</arg>
<status status="PASS" start="2024-05-27T23:13:38.966979" elapsed="4.164979"/>
</kw>
<kw name="Set Selenium Implicit Wait" owner="SeleniumLibrary">
<arg>5</arg>
<doc>Sets the implicit wait value used by Selenium.</doc>
<status status="PASS" start="2024-05-27T23:13:43.133957" elapsed="0.007684"/>
</kw>
<kw name="verify the valid credentials" owner="LoginResources">
<kw name="Element Text Should Be" owner="SeleniumLibrary">
<msg time="2024-05-27T23:13:43.142643" level="INFO">Verifying element 'xpath://h6[text()="Dashboard"]' contains exact text 'Dashboard'.</msg>
<arg>${dashBoard}</arg>
<arg>Dashboard</arg>
<doc>Verifies that element ``locator`` contains exact the text ``expected``.</doc>
<status status="PASS" start="2024-05-27T23:13:43.142643" elapsed="0.832023"/>
</kw>
<status status="PASS" start="2024-05-27T23:13:43.141641" elapsed="0.834024"/>
</kw>
<kw name="Click on Recruitment Icon" owner="RecruitmentResources">
<kw name="Click Link" owner="SeleniumLibrary">
<msg time="2024-05-27T23:13:43.976666" level="INFO">Clicking link 'xpath:(//a[@class="oxd-main-menu-item"])[5]'.</msg>
<arg>${recruitment_icon}</arg>
<doc>Clicks a link identified by ``locator``.</doc>
<status status="PASS" start="2024-05-27T23:13:43.975665" elapsed="2.547010"/>
</kw>
<status status="PASS" start="2024-05-27T23:13:43.975665" elapsed="2.547010"/>
</kw>
<kw name="Click on Vacancies_button Icon" owner="RecruitmentResources">
<kw name="Click Element" owner="SeleniumLibrary">
<msg time="2024-05-27T23:13:46.523674" level="INFO">Clicking element 'xpath://a[text()='Vacancies']'.</msg>
<arg>${vacancies_icon}</arg>
<doc>Click the element identified by ``locator``.</doc>
<status status="PASS" start="2024-05-27T23:13:46.523674" elapsed="1.669326"/>
</kw>
<status status="PASS" start="2024-05-27T23:13:46.522675" elapsed="1.670325"/>
</kw>
<kw name="click on xpath for vacancy" owner="RecruitmentResources">
<kw name="Click Element" owner="SeleniumLibrary">
<msg time="2024-05-27T23:13:48.194000" level="INFO">Clicking element 'xpath:(//div[@class="oxd-select-text oxd-select-text--active"])[1]'.</msg>
<arg>${Xpath_Vacancy}</arg>
<doc>Click the element identified by ``locator``.</doc>
<status status="PASS" start="2024-05-27T23:13:48.194000" elapsed="0.565320"/>
</kw>
<kw name="Wait Until Element Is Visible" owner="SeleniumLibrary">
<arg>${Xpath_Vacancy}</arg>
<arg>5s</arg>
<doc>Waits until the element ``locator`` is visible.</doc>
<status status="PASS" start="2024-05-27T23:13:48.759320" elapsed="0.030694"/>
</kw>
<kw name="Wait Until Element Is Enabled" owner="SeleniumLibrary">
<arg>${Xpath_Vacancy}</arg>
<arg>5s</arg>
<doc>Waits until the element ``locator`` is enabled.</doc>
<status status="PASS" start="2024-05-27T23:13:48.791249" elapsed="0.032144"/>
</kw>
<status status="PASS" start="2024-05-27T23:13:48.193000" elapsed="0.631622"/>
</kw>
<kw name="Dropdown functionality" owner="RecruitmentResources">
<kw name="Wait Until Element Is Visible" owner="SeleniumLibrary">
<msg time="2024-05-27T23:13:54.911056" level="INFO" html="true">&lt;/td&gt;&lt;/tr&gt;&lt;tr&gt;&lt;td colspan="3"&gt;&lt;a href="selenium-screenshot-1.png"&gt;&lt;img src="selenium-screenshot-1.png" width="800px"&gt;&lt;/a&gt;</msg>
<msg time="2024-05-27T23:13:54.911806" level="FAIL">Element 'xpath://span[text()='Account Assistant']' not visible after 5 seconds.</msg>
<arg>xpath://span[text()='${emp}']</arg>
<arg>5s</arg>
<doc>Waits until the element ``locator`` is visible.</doc>
<status status="FAIL" start="2024-05-27T23:13:48.825628" elapsed="6.089796">Element 'xpath://span[text()='Account Assistant']' not visible after 5 seconds.</status>
</kw>
<kw name="Click Element" owner="SeleniumLibrary">
<arg>xpath://span[text()='${emp}']</arg>
<doc>Click the element identified by ``locator``.</doc>
<status status="NOT RUN" start="2024-05-27T23:13:54.915424" elapsed="0.001006"/>
</kw>
<arg>Account Assistant</arg>
<status status="FAIL" start="2024-05-27T23:13:48.824622" elapsed="6.091808">Element 'xpath://span[text()='Account Assistant']' not visible after 5 seconds.</status>
</kw>
<kw name="click on search button" owner="PIMResources">
<status status="NOT RUN" start="2024-05-27T23:13:54.916430" elapsed="0.000000"/>
</kw>
<kw name="check the count of record" owner="RecruitmentResources">
<var>${count}</var>
<status status="NOT RUN" start="2024-05-27T23:13:54.917430" elapsed="0.001004"/>
</kw>
<if>
<branch type="IF" condition="'${count}'== '0'">
<kw name="Log To Console" owner="BuiltIn">
<arg>${count} Records found</arg>
<doc>Logs the given message to the console.</doc>
<status status="NOT RUN" start="2024-05-27T23:13:54.920434" elapsed="0.000000"/>
</kw>
<status status="NOT RUN" start="2024-05-27T23:13:54.919441" elapsed="0.000993"/>
</branch>
<branch type="ELSE">
<kw name="Log To Console" owner="BuiltIn">
<arg>${count} Records Found</arg>
<doc>Logs the given message to the console.</doc>
<status status="NOT RUN" start="2024-05-27T23:13:54.921434" elapsed="0.000000"/>
</kw>
<status status="NOT RUN" start="2024-05-27T23:13:54.920434" elapsed="0.001000"/>
</branch>
<status status="NOT RUN" start="2024-05-27T23:13:54.919441" elapsed="0.001993"/>
</if>
<kw name="Close Browser Session" owner="GenericResources" type="TEARDOWN">
<kw name="Close Browser" owner="SeleniumLibrary">
<doc>Closes the current browser.</doc>
<status status="PASS" start="2024-05-27T23:13:54.923434" elapsed="3.688714"/>
</kw>
<status status="PASS" start="2024-05-27T23:13:54.922433" elapsed="3.690835"/>
</kw>
<status status="FAIL" start="2024-05-27T23:13:24.887323" elapsed="33.725945">Element 'xpath://span[text()='Account Assistant']' not visible after 5 seconds.</status>
</test>
<doc>Test for Recruitment</doc>
<status status="FAIL" start="2024-05-27T23:13:24.564692" elapsed="34.050531"/>
</suite>
<status status="FAIL" start="2024-05-27T23:13:24.529932" elapsed="34.085795"/>
</suite>
<statistics>
<total>
<stat pass="0" fail="1" skip="0">All Tests</stat>
</total>
<tag>
</tag>
<suite>
<stat pass="0" fail="1" skip="0" id="s1" name="TestCases">TestCases</stat>
<stat pass="0" fail="1" skip="0" id="s1-s1" name="Test Vacancy">TestCases.Test Vacancy</stat>
</suite>
</statistics>
<errors>
</errors>
</robot>
