==============================================================================
TestCases                                                                     
==============================================================================
<<<<<<< Updated upstream
TestCases.Test LoginInvalid :: test invalid login to login page               
==============================================================================
Login to form using                                                   | PASS |
------------------------------------------------------------------------------
Login to form using                                                   | PASS |
------------------------------------------------------------------------------
Login to form using                                                   | PASS |
------------------------------------------------------------------------------
TestCases.Test LoginInvalid :: test invalid login to login page       | PASS |
3 tests, 3 passed, 0 failed
==============================================================================
TestCases                                                             | PASS |
3 tests, 3 passed, 0 failed
==============================================================================
Output:  C:\Users\SM\Desktop\Team02_OrangeHRM\Team2_OrangeHRM\TestCases\pabot_results\2\output.xml
=======
TestCases.Test AddEmployee :: Test for Add Employee                           
==============================================================================
Add new Employee                                                        
  Traceback (most recent call last):
    ~~~~~~~~~~~~~~~~~~~~~~~~~~~~~~~~~~~~~~~~~~~~~~~~~~~~~~~~~~~~~~~~~~~~~~~~~~
    File  F:\Git_Clone_Orange\Team2_OrangeHRM\TestCases\Test_AddEmployee.robot:13
    T:  Add new Employee    
    ~~~~~~~~~~~~~~~~~~~~~~~~~~~~~~~~~~~~~~~~~~~~~~~~~~~~~~~~~~~~~~~~~~~~~~~~~~
    File  F:\Git_Clone_Orange\Team2_OrangeHRM\TestCases\Test_AddEmployee.robot:20
      Add new Employee    fname=AZX    mname=BYZ    lname=ZCV
    ~~~~~~~~~~~~~~~~~~~~~~~~~~~~~~~~~~~~~~~~~~~~~~~~~~~~~~~~~~~~~~~~~~~~~~~~~~
    File  F:\Git_Clone_Orange\Team2_OrangeHRM\TestCases\Test_AddEmployee.robot:30
      click on save button    
    ~~~~~~~~~~~~~~~~~~~~~~~~~~~~~~~~~~~~~~~~~~~~~~~~~~~~~~~~~~~~~~~~~~~~~~~~~~
    File  F:\Git_Clone_Orange\Team2_OrangeHRM\Resources\PIMResources.robot:107
      Element Text Should Be    ${success_message}    Successfully Updated
      |  ${success_message} = xpath=(//div[@class='oxd-toast-start']//p)[2] (str)
______________________________________________________________________________
| FAIL |
The text of element 'xpath=(//div[@class='oxd-toast-start']//p)[2]' should have been 'Successfully Updated' but it was 'Successfully Saved'.
------------------------------------------------------------------------------
Add new Employee                                                        
  Traceback (most recent call last):
    ~~~~~~~~~~~~~~~~~~~~~~~~~~~~~~~~~~~~~~~~~~~~~~~~~~~~~~~~~~~~~~~~~~~~~~~~~~
    File  F:\Git_Clone_Orange\Team2_OrangeHRM\TestCases\Test_AddEmployee.robot:13
    T:  Add new Employee    
    ~~~~~~~~~~~~~~~~~~~~~~~~~~~~~~~~~~~~~~~~~~~~~~~~~~~~~~~~~~~~~~~~~~~~~~~~~~
    File  F:\Git_Clone_Orange\Team2_OrangeHRM\TestCases\Test_AddEmployee.robot:20
      Add new Employee    fname=aaa    mname=bbb    lname=ccc
    ~~~~~~~~~~~~~~~~~~~~~~~~~~~~~~~~~~~~~~~~~~~~~~~~~~~~~~~~~~~~~~~~~~~~~~~~~~
    File  F:\Git_Clone_Orange\Team2_OrangeHRM\TestCases\Test_AddEmployee.robot:30
      click on save button    
    ~~~~~~~~~~~~~~~~~~~~~~~~~~~~~~~~~~~~~~~~~~~~~~~~~~~~~~~~~~~~~~~~~~~~~~~~~~
    File  F:\Git_Clone_Orange\Team2_OrangeHRM\Resources\PIMResources.robot:107
      Element Text Should Be    ${success_message}    Successfully Updated
      |  ${success_message} = xpath=(//div[@class='oxd-toast-start']//p)[2] (str)
______________________________________________________________________________
| FAIL |
The text of element 'xpath=(//div[@class='oxd-toast-start']//p)[2]' should have been 'Successfully Updated' but it was ''.
------------------------------------------------------------------------------
Add new Employee                                                        
  Traceback (most recent call last):
    ~~~~~~~~~~~~~~~~~~~~~~~~~~~~~~~~~~~~~~~~~~~~~~~~~~~~~~~~~~~~~~~~~~~~~~~~~~
    File  F:\Git_Clone_Orange\Team2_OrangeHRM\TestCases\Test_AddEmployee.robot:13
    T:  Add new Employee    
    ~~~~~~~~~~~~~~~~~~~~~~~~~~~~~~~~~~~~~~~~~~~~~~~~~~~~~~~~~~~~~~~~~~~~~~~~~~
    File  F:\Git_Clone_Orange\Team2_OrangeHRM\TestCases\Test_AddEmployee.robot:20
      Add new Employee    fname=min    mname=    lname=user
    ~~~~~~~~~~~~~~~~~~~~~~~~~~~~~~~~~~~~~~~~~~~~~~~~~~~~~~~~~~~~~~~~~~~~~~~~~~
    File  F:\Git_Clone_Orange\Team2_OrangeHRM\TestCases\Test_AddEmployee.robot:30
      click on save button    
    ~~~~~~~~~~~~~~~~~~~~~~~~~~~~~~~~~~~~~~~~~~~~~~~~~~~~~~~~~~~~~~~~~~~~~~~~~~
    File  F:\Git_Clone_Orange\Team2_OrangeHRM\Resources\PIMResources.robot:107
      Element Text Should Be    ${success_message}    Successfully Updated
      |  ${success_message} = xpath=(//div[@class='oxd-toast-start']//p)[2] (str)
______________________________________________________________________________
| FAIL |
The text of element 'xpath=(//div[@class='oxd-toast-start']//p)[2]' should have been 'Successfully Updated' but it was 'Successfully Saved'.
------------------------------------------------------------------------------
TestCases.Test AddEmployee :: Test for Add Employee                   | FAIL |
3 tests, 0 passed, 3 failed
==============================================================================
TestCases                                                             | FAIL |
3 tests, 0 passed, 3 failed
==============================================================================
Output:  F:\Git_Clone_Orange\Team2_OrangeHRM\TestCases\pabot_results\2\output.xml
>>>>>>> Stashed changes
