<?xml version="1.0" encoding="UTF-8"?>
<robot generator="Robot 7.0 (Python 3.12.2 on win32)" generated="2024-05-28T12:13:31.567940" rpa="false" schemaversion="5">
<suite id="s1" name="TestCases" source="F:\Git_Clone_Orange\Team2_OrangeHRM\TestCases">
<suite id="s1-s1" name="Test LoginInvalid" source="F:\Git_Clone_Orange\Team2_OrangeHRM\TestCases\Test_LoginInvalid.robot">
<test id="s1-s1-t1" name="Login to form using" line="13">
<kw name="Open the browser with url" owner="GenericResources" type="SETUP">
<kw name="Create Webdriver" owner="SeleniumLibrary">
<msg time="2024-05-28T12:13:34.443036" level="INFO">Creating an instance of the Chrome WebDriver.</msg>
<arg>${browser_name}</arg>
<doc>Creates an instance of Selenium WebDriver.</doc>
<status status="PASS" start="2024-05-28T12:13:34.443036" elapsed="2.594667"/>
</kw>
<kw name="Go To" owner="SeleniumLibrary">
<msg time="2024-05-28T12:13:37.037703" level="INFO">Opening url 'https://opensource-demo.orangehrmlive.com/web/index.php/auth/login'</msg>
<arg>${url}</arg>
<doc>Navigates the current browser window to the provided ``url``.</doc>
<status status="PASS" start="2024-05-28T12:13:37.037703" elapsed="3.947437"/>
</kw>
<kw name="Maximize Browser Window" owner="SeleniumLibrary">
<doc>Maximizes current browser window.</doc>
<status status="PASS" start="2024-05-28T12:13:40.986654" elapsed="0.082450"/>
</kw>
<kw name="Set Selenium Implicit Wait" owner="SeleniumLibrary">
<arg>5</arg>
<doc>Sets the implicit wait value used by Selenium.</doc>
<status status="PASS" start="2024-05-28T12:13:41.070910" elapsed="0.009595"/>
</kw>
<status status="PASS" start="2024-05-28T12:13:34.442008" elapsed="6.638497"/>
</kw>
<kw name="validate unsuccessful login using invalid username">
<kw name="Fill the login form" owner="LoginResources">
<kw name="Input Text" owner="SeleniumLibrary">
<msg time="2024-05-28T12:13:41.083597" level="INFO">Typing text 'aadmin' into text field 'xpath://input[@name='username']'.</msg>
<arg>xpath://input[@name='username']</arg>
<arg>${Username}</arg>
<doc>Types the given ``text`` into the text field identified by ``locator``.</doc>
<status status="PASS" start="2024-05-28T12:13:41.081586" elapsed="1.480386"/>
</kw>
<kw name="Input Password" owner="SeleniumLibrary">
<msg time="2024-05-28T12:13:42.565234" level="INFO">Typing password into text field 'xpath://input[@type='password']'.</msg>
<msg time="2024-05-28T12:13:42.618733" level="INFO">Temporally setting log level to: NONE</msg>
<arg>xpath://input[@type='password']</arg>
<arg>${Password}</arg>
<doc>Types the given password into the text field identified by ``locator``.</doc>
<status status="PASS" start="2024-05-28T12:13:42.561972" elapsed="0.186669"/>
</kw>
<kw name="Click Button" owner="SeleniumLibrary">
<msg time="2024-05-28T12:13:42.750074" level="INFO">Clicking button 'xpath://button[@type='submit']'.</msg>
<arg>xpath://button[@type='submit']</arg>
<doc>Clicks the button identified by ``locator``.</doc>
<status status="PASS" start="2024-05-28T12:13:42.750074" elapsed="0.997832"/>
</kw>
<arg>${username}</arg>
<arg>${password}</arg>
<status status="PASS" start="2024-05-28T12:13:41.081586" elapsed="2.666320"/>
</kw>
<kw name="verify the invalid credentials" owner="LoginResources">
<kw name="Get Text" owner="SeleniumLibrary">
<msg time="2024-05-28T12:13:44.216623" level="INFO">${result} = Invalid credentials</msg>
<var>${result}</var>
<arg>${error_msg}</arg>
<doc>Returns the text value of the element identified by ``locator``.</doc>
<status status="PASS" start="2024-05-28T12:13:43.749505" elapsed="0.467118"/>
</kw>
<kw name="Should Be Equal As Strings" owner="BuiltIn">
<arg>${result}</arg>
<arg>Invalid credentials</arg>
<doc>Fails if objects are unequal after converting them to strings.</doc>
<status status="PASS" start="2024-05-28T12:13:44.216623" elapsed="0.000000"/>
</kw>
<status status="PASS" start="2024-05-28T12:13:43.747906" elapsed="0.468717"/>
</kw>
<arg>username=aadmin</arg>
<arg>password=admin123</arg>
<tag>Regression</tag>
<status status="PASS" start="2024-05-28T12:13:41.081586" elapsed="3.137050"/>
</kw>
<kw name="Close Browser Session" owner="GenericResources" type="TEARDOWN">
<kw name="Close Browser" owner="SeleniumLibrary">
<doc>Closes the current browser.</doc>
<status status="PASS" start="2024-05-28T12:13:44.219717" elapsed="2.430540"/>
</kw>
<status status="PASS" start="2024-05-28T12:13:44.218636" elapsed="2.431621"/>
</kw>
<status status="PASS" start="2024-05-28T12:13:34.433997" elapsed="12.216260"/>
</test>
<test id="s1-s1-t2" name="Login to form using" line="13">
<kw name="Open the browser with url" owner="GenericResources" type="SETUP">
<kw name="Create Webdriver" owner="SeleniumLibrary">
<msg time="2024-05-28T12:13:46.650257" level="INFO">Creating an instance of the Chrome WebDriver.</msg>
<arg>${browser_name}</arg>
<doc>Creates an instance of Selenium WebDriver.</doc>
<status status="PASS" start="2024-05-28T12:13:46.650257" elapsed="3.182561"/>
</kw>
<kw name="Go To" owner="SeleniumLibrary">
<msg time="2024-05-28T12:13:49.832818" level="INFO">Opening url 'https://opensource-demo.orangehrmlive.com/web/index.php/auth/login'</msg>
<arg>${url}</arg>
<doc>Navigates the current browser window to the provided ``url``.</doc>
<status status="PASS" start="2024-05-28T12:13:49.832818" elapsed="5.376636"/>
</kw>
<kw name="Maximize Browser Window" owner="SeleniumLibrary">
<doc>Maximizes current browser window.</doc>
<status status="PASS" start="2024-05-28T12:13:55.210510" elapsed="0.067464"/>
</kw>
<kw name="Set Selenium Implicit Wait" owner="SeleniumLibrary">
<arg>5</arg>
<doc>Sets the implicit wait value used by Selenium.</doc>
<status status="PASS" start="2024-05-28T12:13:55.278996" elapsed="0.001152"/>
</kw>
<status status="PASS" start="2024-05-28T12:13:46.650257" elapsed="8.631638"/>
</kw>
<kw name="validate unsuccessful login using invalid username">
<kw name="Fill the login form" owner="LoginResources">
<kw name="Input Text" owner="SeleniumLibrary">
<msg time="2024-05-28T12:13:55.283702" level="INFO">Typing text 'Admin' into text field 'xpath://input[@name='username']'.</msg>
<arg>xpath://input[@name='username']</arg>
<arg>${Username}</arg>
<doc>Types the given ``text`` into the text field identified by ``locator``.</doc>
<status status="PASS" start="2024-05-28T12:13:55.283702" elapsed="1.302825"/>
</kw>
<kw name="Input Password" owner="SeleniumLibrary">
<msg time="2024-05-28T12:13:56.588484" level="INFO">Typing password into text field 'xpath://input[@type='password']'.</msg>
<msg time="2024-05-28T12:13:56.775025" level="INFO">Temporally setting log level to: NONE</msg>
<arg>xpath://input[@type='password']</arg>
<arg>${Password}</arg>
<doc>Types the given password into the text field identified by ``locator``.</doc>
<status status="PASS" start="2024-05-28T12:13:56.587969" elapsed="0.270546"/>
</kw>
<kw name="Click Button" owner="SeleniumLibrary">
<msg time="2024-05-28T12:13:56.860729" level="INFO">Clicking button 'xpath://button[@type='submit']'.</msg>
<arg>xpath://button[@type='submit']</arg>
<doc>Clicks the button identified by ``locator``.</doc>
<status status="PASS" start="2024-05-28T12:13:56.858515" elapsed="1.289656"/>
</kw>
<arg>${username}</arg>
<arg>${password}</arg>
<status status="PASS" start="2024-05-28T12:13:55.283192" elapsed="2.864979"/>
</kw>
<kw name="verify the invalid credentials" owner="LoginResources">
<kw name="Get Text" owner="SeleniumLibrary">
<msg time="2024-05-28T12:13:58.777681" level="INFO">${result} = Invalid credentials</msg>
<var>${result}</var>
<arg>${error_msg}</arg>
<doc>Returns the text value of the element identified by ``locator``.</doc>
<status status="PASS" start="2024-05-28T12:13:58.152427" elapsed="0.625254"/>
</kw>
<kw name="Should Be Equal As Strings" owner="BuiltIn">
<arg>${result}</arg>
<arg>Invalid credentials</arg>
<doc>Fails if objects are unequal after converting them to strings.</doc>
<status status="PASS" start="2024-05-28T12:13:58.779188" elapsed="0.000000"/>
</kw>
<status status="PASS" start="2024-05-28T12:13:58.152427" elapsed="0.626761"/>
</kw>
<arg>username=Admin</arg>
<arg>password=1234</arg>
<tag>Regression</tag>
<status status="PASS" start="2024-05-28T12:13:55.281895" elapsed="3.497293"/>
</kw>
<kw name="Close Browser Session" owner="GenericResources" type="TEARDOWN">
<kw name="Close Browser" owner="SeleniumLibrary">
<doc>Closes the current browser.</doc>
<status status="PASS" start="2024-05-28T12:13:58.779188" elapsed="3.380359"/>
</kw>
<status status="PASS" start="2024-05-28T12:13:58.779188" elapsed="3.380359"/>
</kw>
<status status="PASS" start="2024-05-28T12:13:46.650257" elapsed="15.509290"/>
</test>
<test id="s1-s1-t3" name="Login to form using" line="13">
<kw name="Open the browser with url" owner="GenericResources" type="SETUP">
<kw name="Create Webdriver" owner="SeleniumLibrary">
<msg time="2024-05-28T12:14:02.163317" level="INFO">Creating an instance of the Chrome WebDriver.</msg>
<arg>${browser_name}</arg>
<doc>Creates an instance of Selenium WebDriver.</doc>
<status status="PASS" start="2024-05-28T12:14:02.163317" elapsed="2.161126"/>
</kw>
<kw name="Go To" owner="SeleniumLibrary">
<msg time="2024-05-28T12:14:04.324443" level="INFO">Opening url 'https://opensource-demo.orangehrmlive.com/web/index.php/auth/login'</msg>
<arg>${url}</arg>
<doc>Navigates the current browser window to the provided ``url``.</doc>
<status status="PASS" start="2024-05-28T12:14:04.324443" elapsed="4.993311"/>
</kw>
<kw name="Maximize Browser Window" owner="SeleniumLibrary">
<doc>Maximizes current browser window.</doc>
<status status="PASS" start="2024-05-28T12:14:09.321765" elapsed="0.134312"/>
</kw>
<kw name="Set Selenium Implicit Wait" owner="SeleniumLibrary">
<arg>5</arg>
<doc>Sets the implicit wait value used by Selenium.</doc>
<status status="PASS" start="2024-05-28T12:14:09.456077" elapsed="0.000000"/>
</kw>
<status status="PASS" start="2024-05-28T12:14:02.163317" elapsed="7.295270"/>
</kw>
<kw name="validate unsuccessful login using invalid username">
<kw name="Fill the login form" owner="LoginResources">
<kw name="Input Text" owner="SeleniumLibrary">
<msg time="2024-05-28T12:14:09.458587" level="INFO">Typing text 'aadmin' into text field 'xpath://input[@name='username']'.</msg>
<arg>xpath://input[@name='username']</arg>
<arg>${Username}</arg>
<doc>Types the given ``text`` into the text field identified by ``locator``.</doc>
<status status="PASS" start="2024-05-28T12:14:09.458587" elapsed="0.734371"/>
</kw>
<kw name="Input Password" owner="SeleniumLibrary">
<msg time="2024-05-28T12:14:10.192958" level="INFO">Typing password into text field 'xpath://input[@type='password']'.</msg>
<msg time="2024-05-28T12:14:10.248982" level="INFO">Temporally setting log level to: NONE</msg>
<arg>xpath://input[@type='password']</arg>
<arg>${Password}</arg>
<doc>Types the given password into the text field identified by ``locator``.</doc>
<status status="PASS" start="2024-05-28T12:14:10.192958" elapsed="0.133548"/>
</kw>
<kw name="Click Button" owner="SeleniumLibrary">
<msg time="2024-05-28T12:14:10.326506" level="INFO">Clicking button 'xpath://button[@type='submit']'.</msg>
<arg>xpath://button[@type='submit']</arg>
<doc>Clicks the button identified by ``locator``.</doc>
<status status="PASS" start="2024-05-28T12:14:10.326506" elapsed="1.695645"/>
</kw>
<arg>${username}</arg>
<arg>${password}</arg>
<status status="PASS" start="2024-05-28T12:14:09.458587" elapsed="2.563564"/>
</kw>
<kw name="verify the invalid credentials" owner="LoginResources">
<kw name="Get Text" owner="SeleniumLibrary">
<msg time="2024-05-28T12:14:12.405159" level="INFO">${result} = Invalid credentials</msg>
<var>${result}</var>
<arg>${error_msg}</arg>
<doc>Returns the text value of the element identified by ``locator``.</doc>
<status status="PASS" start="2024-05-28T12:14:12.023263" elapsed="0.381896"/>
</kw>
<kw name="Should Be Equal As Strings" owner="BuiltIn">
<arg>${result}</arg>
<arg>Invalid credentials</arg>
<doc>Fails if objects are unequal after converting them to strings.</doc>
<status status="PASS" start="2024-05-28T12:14:12.405159" elapsed="0.004961"/>
</kw>
<status status="PASS" start="2024-05-28T12:14:12.023263" elapsed="0.386857"/>
</kw>
<arg>username=aadmin</arg>
<arg>password=12345</arg>
<tag>Regression</tag>
<status status="PASS" start="2024-05-28T12:14:09.458587" elapsed="2.951533"/>
</kw>
<kw name="Close Browser Session" owner="GenericResources" type="TEARDOWN">
<kw name="Close Browser" owner="SeleniumLibrary">
<doc>Closes the current browser.</doc>
<status status="PASS" start="2024-05-28T12:14:12.410120" elapsed="2.282118"/>
</kw>
<status status="PASS" start="2024-05-28T12:14:12.410120" elapsed="2.282118"/>
</kw>
<status status="PASS" start="2024-05-28T12:14:02.160768" elapsed="12.531470"/>
</test>
<doc>test invalid login to login page</doc>
<status status="PASS" start="2024-05-28T12:13:31.622940" elapsed="43.069298"/>
</suite>
<status status="PASS" start="2024-05-28T12:13:31.591843" elapsed="43.100395"/>
</suite>
<statistics>
<total>
<stat pass="3" fail="0" skip="0">All Tests</stat>
</total>
<tag>
</tag>
<suite>
<stat pass="3" fail="0" skip="0" id="s1" name="TestCases">TestCases</stat>
<stat pass="3" fail="0" skip="0" id="s1-s1" name="Test LoginInvalid">TestCases.Test LoginInvalid</stat>
</suite>
</statistics>
<errors>
<msg time="2024-05-28T12:13:46.650257" level="WARN">Multiple tests with name 'Login to form using' executed in suite 'TestCases.Test LoginInvalid'.</msg>
<msg time="2024-05-28T12:14:02.160768" level="WARN">Multiple tests with name 'Login to form using' executed in suite 'TestCases.Test LoginInvalid'.</msg>
</errors>
</robot>
