<?xml version="1.0" encoding="UTF-8"?>
<robot generator="Robot 7.0 (Python 3.12.2 on win32)" generated="2024-05-24T07:36:44.496894" rpa="false" schemaversion="5">
<suite id="s1" name="TestCases" source="C:\Users\SM\Desktop\Team02_OrangeHRM\Team2_OrangeHRM\TestCases">
<suite id="s1-s1" name="Test ChangePassword" source="C:\Users\SM\Desktop\Team02_OrangeHRM\Team2_OrangeHRM\TestCases\Test_ChangePassword.robot">
<test id="s1-s1-t1" name="validate successful change password" line="20">
<kw name="Open the browser with url" owner="GenericResources" type="SETUP">
<kw name="Create Webdriver" owner="SeleniumLibrary">
<msg time="2024-05-24T07:36:44.753583" level="INFO">Creating an instance of the Chrome WebDriver.</msg>
<arg>${browser_name}</arg>
<doc>Creates an instance of Selenium WebDriver.</doc>
<status status="PASS" start="2024-05-24T07:36:44.753583" elapsed="4.424948"/>
</kw>
<kw name="Go To" owner="SeleniumLibrary">
<msg time="2024-05-24T07:36:49.181538" level="INFO">Opening url 'https://opensource-demo.orangehrmlive.com/web/index.php/auth/login'</msg>
<arg>${url}</arg>
<doc>Navigates the current browser window to the provided ``url``.</doc>
<status status="PASS" start="2024-05-24T07:36:49.179530" elapsed="8.362183"/>
</kw>
<kw name="Maximize Browser Window" owner="SeleniumLibrary">
<doc>Maximizes current browser window.</doc>
<status status="PASS" start="2024-05-24T07:36:57.541847" elapsed="0.258218"/>
</kw>
<kw name="Set Selenium Implicit Wait" owner="SeleniumLibrary">
<arg>5</arg>
<doc>Sets the implicit wait value used by Selenium.</doc>
<status status="PASS" start="2024-05-24T07:36:57.802068" elapsed="0.029475"/>
</kw>
<status status="PASS" start="2024-05-24T07:36:44.753583" elapsed="13.081957"/>
</kw>
<kw name="Fill the login form" owner="LoginResources">
<kw name="Input Text" owner="SeleniumLibrary">
<msg time="2024-05-24T07:36:57.844541" level="INFO">Typing text 'Admin' into text field 'xpath://input[@name='username']'.</msg>
<arg>xpath://input[@name='username']</arg>
<arg>${Username}</arg>
<doc>Types the given ``text`` into the text field identified by ``locator``.</doc>
<status status="PASS" start="2024-05-24T07:36:57.840539" elapsed="2.172148"/>
</kw>
<kw name="Input Password" owner="SeleniumLibrary">
<msg time="2024-05-24T07:37:00.013685" level="INFO">Typing password into text field 'xpath://input[@type='password']'.</msg>
<msg time="2024-05-24T07:37:00.267165" level="INFO">Temporally setting log level to: NONE</msg>
<arg>xpath://input[@type='password']</arg>
<arg>${Password}</arg>
<doc>Types the given password into the text field identified by ``locator``.</doc>
<status status="PASS" start="2024-05-24T07:37:00.012687" elapsed="0.465212"/>
</kw>
<kw name="Click Button" owner="SeleniumLibrary">
<msg time="2024-05-24T07:37:00.477899" level="INFO">Clicking button 'xpath://button[@type='submit']'.</msg>
<arg>xpath://button[@type='submit']</arg>
<doc>Clicks the button identified by ``locator``.</doc>
<status status="PASS" start="2024-05-24T07:37:00.477899" elapsed="1.690889"/>
</kw>
<arg>${username}</arg>
<arg>${password}</arg>
<status status="PASS" start="2024-05-24T07:36:57.837542" elapsed="4.331246"/>
</kw>
<kw name="Set Selenium Implicit Wait" owner="SeleniumLibrary">
<arg>5</arg>
<doc>Sets the implicit wait value used by Selenium.</doc>
<status status="PASS" start="2024-05-24T07:37:02.169804" elapsed="0.004790"/>
</kw>
<kw name="verify the valid credentials" owner="LoginResources">
<kw name="Element Text Should Be" owner="SeleniumLibrary">
<msg time="2024-05-24T07:37:02.177145" level="INFO">Verifying element 'xpath://h6[text()="Dashboard"]' contains exact text 'Dashboard'.</msg>
<arg>${dashBoard}</arg>
<arg>Dashboard</arg>
<doc>Verifies that element ``locator`` contains exact the text ``expected``.</doc>
<status status="PASS" start="2024-05-24T07:37:02.176608" elapsed="0.661908"/>
</kw>
<status status="PASS" start="2024-05-24T07:37:02.175609" elapsed="0.663904"/>
</kw>
<kw name="click user icon" owner="ChangePasswordResources">
<kw name="Click Element" owner="SeleniumLibrary">
<msg time="2024-05-24T07:37:02.843024" level="INFO">Clicking element 'xpath://p[@class="oxd-userdropdown-name"]'.</msg>
<arg>${user}</arg>
<doc>Click the element identified by ``locator``.</doc>
<status status="PASS" start="2024-05-24T07:37:02.842513" elapsed="0.179737"/>
</kw>
<status status="PASS" start="2024-05-24T07:37:02.840513" elapsed="0.182738"/>
</kw>
<kw name="click change password" owner="ChangePasswordResources">
<kw name="Click Element" owner="SeleniumLibrary">
<msg time="2024-05-24T07:37:03.025252" level="INFO">Clicking element 'xpath:(//a[@class="oxd-userdropdown-link"])[3]'.</msg>
<arg>${change_password}</arg>
<doc>Click the element identified by ``locator``.</doc>
<status status="PASS" start="2024-05-24T07:37:03.025252" elapsed="1.038311"/>
</kw>
<status status="PASS" start="2024-05-24T07:37:03.024247" elapsed="1.040842"/>
</kw>
<kw name="Fill the change password" owner="ChangePasswordResources">
<kw name="Input Password" owner="SeleniumLibrary">
<msg time="2024-05-24T07:37:04.067412" level="INFO">Typing password into text field 'xpath:(//input[@type="password"])[1]'.</msg>
<msg time="2024-05-24T07:37:04.607157" level="INFO">Temporally setting log level to: NONE</msg>
<arg>${current_password_field}</arg>
<arg>${current_password}</arg>
<doc>Types the given password into the text field identified by ``locator``.</doc>
<status status="PASS" start="2024-05-24T07:37:04.066414" elapsed="0.661025"/>
</kw>
<kw name="Input Password" owner="SeleniumLibrary">
<msg time="2024-05-24T07:37:04.727439" level="INFO">Typing password into text field 'xpath:(//input[@type="password"])[2]'.</msg>
<msg time="2024-05-24T07:37:04.777499" level="INFO">Temporally setting log level to: NONE</msg>
<arg>${new_password_field}</arg>
<arg>${new_password}</arg>
<doc>Types the given password into the text field identified by ``locator``.</doc>
<status status="PASS" start="2024-05-24T07:37:04.727439" elapsed="0.220251"/>
</kw>
<kw name="Input Password" owner="SeleniumLibrary">
<msg time="2024-05-24T07:37:04.947690" level="INFO">Typing password into text field 'xpath:(//input[@type="password"])[3]'.</msg>
<msg time="2024-05-24T07:37:05.028477" level="INFO">Temporally setting log level to: NONE</msg>
<arg>${confirm_password_field}</arg>
<arg>${confirm_password}</arg>
<doc>Types the given password into the text field identified by ``locator``.</doc>
<status status="PASS" start="2024-05-24T07:37:04.947690" elapsed="0.200970"/>
</kw>
<kw name="Click Button" owner="SeleniumLibrary">
<msg time="2024-05-24T07:37:05.148660" level="INFO">Clicking button 'xpath://button[@type='submit']'.</msg>
<arg>${submit_button}</arg>
<doc>Clicks the button identified by ``locator``.</doc>
<status status="PASS" start="2024-05-24T07:37:05.148660" elapsed="0.111889"/>
</kw>
<arg>${currentPassword}</arg>
<arg>${Password}</arg>
<arg>${confirm_password}</arg>
<status status="PASS" start="2024-05-24T07:37:04.065411" elapsed="1.195138"/>
</kw>
<kw name="Set Selenium Implicit Wait" owner="SeleniumLibrary">
<arg>3</arg>
<doc>Sets the implicit wait value used by Selenium.</doc>
<status status="PASS" start="2024-05-24T07:37:05.260549" elapsed="0.000000"/>
</kw>
<kw name="verify successful update message" owner="ChangePasswordResources">
<kw name="Should Contain" owner="BuiltIn">
<arg>${updated}</arg>
<arg>Successfully Saved</arg>
<doc>Fails if ``container`` does not contain ``item`` one or more times.</doc>
<status status="PASS" start="2024-05-24T07:37:05.260549" elapsed="0.000000"/>
</kw>
<status status="PASS" start="2024-05-24T07:37:05.260549" elapsed="0.000000"/>
</kw>
<kw name="Close Browser Session" owner="GenericResources" type="TEARDOWN">
<kw name="Close Browser" owner="SeleniumLibrary">
<doc>Closes the current browser.</doc>
<status status="PASS" start="2024-05-24T07:37:05.265073" elapsed="2.331836"/>
</kw>
<status status="PASS" start="2024-05-24T07:37:05.260549" elapsed="2.337363"/>
</kw>
<status status="PASS" start="2024-05-24T07:36:44.743584" elapsed="22.854328"/>
</test>
<test id="s1-s1-t2" name="Verify invalid current password" line="30">
<kw name="Open the browser with url" owner="GenericResources" type="SETUP">
<kw name="Create Webdriver" owner="SeleniumLibrary">
<msg time="2024-05-24T07:37:07.604663" level="INFO">Creating an instance of the Chrome WebDriver.</msg>
<arg>${browser_name}</arg>
<doc>Creates an instance of Selenium WebDriver.</doc>
<status status="PASS" start="2024-05-24T07:37:07.603662" elapsed="1.888753"/>
</kw>
<kw name="Go To" owner="SeleniumLibrary">
<msg time="2024-05-24T07:37:09.493413" level="INFO">Opening url 'https://opensource-demo.orangehrmlive.com/web/index.php/auth/login'</msg>
<arg>${url}</arg>
<doc>Navigates the current browser window to the provided ``url``.</doc>
<status status="PASS" start="2024-05-24T07:37:09.492415" elapsed="8.789395"/>
</kw>
<kw name="Maximize Browser Window" owner="SeleniumLibrary">
<doc>Maximizes current browser window.</doc>
<status status="PASS" start="2024-05-24T07:37:18.281810" elapsed="0.096534"/>
</kw>
<kw name="Set Selenium Implicit Wait" owner="SeleniumLibrary">
<arg>5</arg>
<doc>Sets the implicit wait value used by Selenium.</doc>
<status status="PASS" start="2024-05-24T07:37:18.379357" elapsed="0.001680"/>
</kw>
<status status="PASS" start="2024-05-24T07:37:07.602660" elapsed="10.778377"/>
</kw>
<kw name="Fill the login form" owner="LoginResources">
<kw name="Input Text" owner="SeleniumLibrary">
<msg time="2024-05-24T07:37:18.389793" level="INFO">Typing text 'Admin' into text field 'xpath://input[@name='username']'.</msg>
<arg>xpath://input[@name='username']</arg>
<arg>${Username}</arg>
<doc>Types the given ``text`` into the text field identified by ``locator``.</doc>
<status status="PASS" start="2024-05-24T07:37:18.386623" elapsed="0.516122"/>
</kw>
<kw name="Input Password" owner="SeleniumLibrary">
<msg time="2024-05-24T07:37:18.902745" level="INFO">Typing password into text field 'xpath://input[@type='password']'.</msg>
<msg time="2024-05-24T07:37:18.999170" level="INFO">Temporally setting log level to: NONE</msg>
<arg>xpath://input[@type='password']</arg>
<arg>${Password}</arg>
<doc>Types the given password into the text field identified by ``locator``.</doc>
<status status="PASS" start="2024-05-24T07:37:18.902745" elapsed="0.193015"/>
</kw>
<kw name="Click Button" owner="SeleniumLibrary">
<msg time="2024-05-24T07:37:19.096759" level="INFO">Clicking button 'xpath://button[@type='submit']'.</msg>
<arg>xpath://button[@type='submit']</arg>
<doc>Clicks the button identified by ``locator``.</doc>
<status status="PASS" start="2024-05-24T07:37:19.095760" elapsed="1.351347"/>
</kw>
<arg>${username}</arg>
<arg>${password}</arg>
<status status="PASS" start="2024-05-24T07:37:18.384692" elapsed="2.062415"/>
</kw>
<kw name="Set Selenium Implicit Wait" owner="SeleniumLibrary">
<arg>5</arg>
<doc>Sets the implicit wait value used by Selenium.</doc>
<status status="PASS" start="2024-05-24T07:37:20.447107" elapsed="0.001988"/>
</kw>
<kw name="verify the valid credentials" owner="LoginResources">
<kw name="Element Text Should Be" owner="SeleniumLibrary">
<msg time="2024-05-24T07:37:20.451675" level="INFO">Verifying element 'xpath://h6[text()="Dashboard"]' contains exact text 'Dashboard'.</msg>
<arg>${dashBoard}</arg>
<arg>Dashboard</arg>
<doc>Verifies that element ``locator`` contains exact the text ``expected``.</doc>
<status status="PASS" start="2024-05-24T07:37:20.450096" elapsed="0.407627"/>
</kw>
<status status="PASS" start="2024-05-24T07:37:20.449095" elapsed="0.408628"/>
</kw>
<kw name="click user icon" owner="ChangePasswordResources">
<kw name="Click Element" owner="SeleniumLibrary">
<msg time="2024-05-24T07:37:20.859727" level="INFO">Clicking element 'xpath://p[@class="oxd-userdropdown-name"]'.</msg>
<arg>${user}</arg>
<doc>Click the element identified by ``locator``.</doc>
<status status="PASS" start="2024-05-24T07:37:20.859727" elapsed="0.094499"/>
</kw>
<status status="PASS" start="2024-05-24T07:37:20.857723" elapsed="0.096503"/>
</kw>
<kw name="click change password" owner="ChangePasswordResources">
<kw name="Click Element" owner="SeleniumLibrary">
<msg time="2024-05-24T07:37:20.957220" level="INFO">Clicking element 'xpath:(//a[@class="oxd-userdropdown-link"])[3]'.</msg>
<arg>${change_password}</arg>
<doc>Click the element identified by ``locator``.</doc>
<status status="PASS" start="2024-05-24T07:37:20.956223" elapsed="0.867504"/>
</kw>
<status status="PASS" start="2024-05-24T07:37:20.955222" elapsed="0.868505"/>
</kw>
<kw name="Fill the change password" owner="ChangePasswordResources">
<kw name="Input Password" owner="SeleniumLibrary">
<msg time="2024-05-24T07:37:21.826737" level="INFO">Typing password into text field 'xpath:(//input[@type="password"])[1]'.</msg>
<msg time="2024-05-24T07:37:22.235843" level="INFO">Temporally setting log level to: NONE</msg>
<arg>${current_password_field}</arg>
<arg>${current_password}</arg>
<doc>Types the given password into the text field identified by ``locator``.</doc>
<status status="PASS" start="2024-05-24T07:37:21.825734" elapsed="0.465426"/>
</kw>
<kw name="Input Password" owner="SeleniumLibrary">
<msg time="2024-05-24T07:37:22.292180" level="INFO">Typing password into text field 'xpath:(//input[@type="password"])[2]'.</msg>
<msg time="2024-05-24T07:37:22.323986" level="INFO">Temporally setting log level to: NONE</msg>
<arg>${new_password_field}</arg>
<arg>${new_password}</arg>
<doc>Types the given password into the text field identified by ``locator``.</doc>
<status status="PASS" start="2024-05-24T07:37:22.291160" elapsed="0.091926"/>
</kw>
<kw name="Input Password" owner="SeleniumLibrary">
<msg time="2024-05-24T07:37:22.385084" level="INFO">Typing password into text field 'xpath:(//input[@type="password"])[3]'.</msg>
<msg time="2024-05-24T07:37:22.417662" level="INFO">Temporally setting log level to: NONE</msg>
<arg>${confirm_password_field}</arg>
<arg>${confirm_password}</arg>
<doc>Types the given password into the text field identified by ``locator``.</doc>
<status status="PASS" start="2024-05-24T07:37:22.384084" elapsed="0.088916"/>
</kw>
<kw name="Click Button" owner="SeleniumLibrary">
<msg time="2024-05-24T07:37:22.476073" level="INFO">Clicking button 'xpath://button[@type='submit']'.</msg>
<arg>${submit_button}</arg>
<doc>Clicks the button identified by ``locator``.</doc>
<status status="PASS" start="2024-05-24T07:37:22.473000" elapsed="0.079508"/>
</kw>
<arg>${invalid_password}</arg>
<arg>${Password}</arg>
<arg>${confirm_password}</arg>
<status status="PASS" start="2024-05-24T07:37:21.823727" elapsed="0.728781"/>
</kw>
<kw name="Set Selenium Implicit Wait" owner="SeleniumLibrary">
<arg>3</arg>
<doc>Sets the implicit wait value used by Selenium.</doc>
<status status="PASS" start="2024-05-24T07:37:22.553506" elapsed="0.001035"/>
</kw>
<kw name="Verify error message for incorrect current message" owner="ChangePasswordResources">
<kw name="Should Contain" owner="BuiltIn">
<arg>${error_message}</arg>
<arg>Current Password is Incorrect</arg>
<doc>Fails if ``container`` does not contain ``item`` one or more times.</doc>
<status status="PASS" start="2024-05-24T07:37:22.554541" elapsed="0.001534"/>
</kw>
<status status="PASS" start="2024-05-24T07:37:22.554541" elapsed="0.001534"/>
</kw>
<kw name="Close Browser Session" owner="GenericResources" type="TEARDOWN">
<kw name="Close Browser" owner="SeleniumLibrary">
<doc>Closes the current browser.</doc>
<status status="PASS" start="2024-05-24T07:37:22.556075" elapsed="2.186279"/>
</kw>
<status status="PASS" start="2024-05-24T07:37:22.556075" elapsed="2.186279"/>
</kw>
<status status="PASS" start="2024-05-24T07:37:07.600636" elapsed="17.141718"/>
</test>
<test id="s1-s1-t3" name="Verify invalid confirm password" line="40">
<kw name="Open the browser with url" owner="GenericResources" type="SETUP">
<kw name="Create Webdriver" owner="SeleniumLibrary">
<msg time="2024-05-24T07:37:24.743423" level="INFO">Creating an instance of the Chrome WebDriver.</msg>
<arg>${browser_name}</arg>
<doc>Creates an instance of Selenium WebDriver.</doc>
<status status="PASS" start="2024-05-24T07:37:24.743423" elapsed="1.919875"/>
</kw>
<kw name="Go To" owner="SeleniumLibrary">
<msg time="2024-05-24T07:37:26.665287" level="INFO">Opening url 'https://opensource-demo.orangehrmlive.com/web/index.php/auth/login'</msg>
<arg>${url}</arg>
<doc>Navigates the current browser window to the provided ``url``.</doc>
<status status="PASS" start="2024-05-24T07:37:26.664280" elapsed="3.241455"/>
</kw>
<kw name="Maximize Browser Window" owner="SeleniumLibrary">
<doc>Maximizes current browser window.</doc>
<status status="PASS" start="2024-05-24T07:37:29.907243" elapsed="0.052586"/>
</kw>
<kw name="Set Selenium Implicit Wait" owner="SeleniumLibrary">
<arg>5</arg>
<doc>Sets the implicit wait value used by Selenium.</doc>
<status status="PASS" start="2024-05-24T07:37:29.959829" elapsed="0.013532"/>
</kw>
<status status="PASS" start="2024-05-24T07:37:24.743423" elapsed="5.230134"/>
</kw>
<kw name="Fill the login form" owner="LoginResources">
<kw name="Input Text" owner="SeleniumLibrary">
<msg time="2024-05-24T07:37:29.976768" level="INFO">Typing text 'Admin' into text field 'xpath://input[@name='username']'.</msg>
<arg>xpath://input[@name='username']</arg>
<arg>${Username}</arg>
<doc>Types the given ``text`` into the text field identified by ``locator``.</doc>
<status status="PASS" start="2024-05-24T07:37:29.974742" elapsed="0.547645"/>
</kw>
<kw name="Input Password" owner="SeleniumLibrary">
<msg time="2024-05-24T07:37:30.522387" level="INFO">Typing password into text field 'xpath://input[@type='password']'.</msg>
<msg time="2024-05-24T07:37:30.572622" level="INFO">Temporally setting log level to: NONE</msg>
<arg>xpath://input[@type='password']</arg>
<arg>${Password}</arg>
<doc>Types the given password into the text field identified by ``locator``.</doc>
<status status="PASS" start="2024-05-24T07:37:30.522387" elapsed="0.197500"/>
</kw>
<kw name="Click Button" owner="SeleniumLibrary">
<msg time="2024-05-24T07:37:30.719887" level="INFO">Clicking button 'xpath://button[@type='submit']'.</msg>
<arg>xpath://button[@type='submit']</arg>
<doc>Clicks the button identified by ``locator``.</doc>
<status status="PASS" start="2024-05-24T07:37:30.719887" elapsed="1.239964"/>
</kw>
<arg>${username}</arg>
<arg>${password}</arg>
<status status="PASS" start="2024-05-24T07:37:29.974742" elapsed="1.985109"/>
</kw>
<kw name="Set Selenium Implicit Wait" owner="SeleniumLibrary">
<arg>5</arg>
<doc>Sets the implicit wait value used by Selenium.</doc>
<status status="PASS" start="2024-05-24T07:37:31.959851" elapsed="0.001009"/>
</kw>
<kw name="verify the valid credentials" owner="LoginResources">
<kw name="Element Text Should Be" owner="SeleniumLibrary">
<msg time="2024-05-24T07:37:31.961859" level="INFO">Verifying element 'xpath://h6[text()="Dashboard"]' contains exact text 'Dashboard'.</msg>
<arg>${dashBoard}</arg>
<arg>Dashboard</arg>
<doc>Verifies that element ``locator`` contains exact the text ``expected``.</doc>
<status status="PASS" start="2024-05-24T07:37:31.961859" elapsed="0.386155"/>
</kw>
<status status="PASS" start="2024-05-24T07:37:31.961859" elapsed="0.386155"/>
</kw>
<kw name="click user icon" owner="ChangePasswordResources">
<kw name="Click Element" owner="SeleniumLibrary">
<msg time="2024-05-24T07:37:32.348014" level="INFO">Clicking element 'xpath://p[@class="oxd-userdropdown-name"]'.</msg>
<arg>${user}</arg>
<doc>Click the element identified by ``locator``.</doc>
<status status="PASS" start="2024-05-24T07:37:32.348014" elapsed="0.070149"/>
</kw>
<status status="PASS" start="2024-05-24T07:37:32.348014" elapsed="0.070149"/>
</kw>
<kw name="click change password" owner="ChangePasswordResources">
<kw name="Click Element" owner="SeleniumLibrary">
<msg time="2024-05-24T07:37:32.418163" level="INFO">Clicking element 'xpath:(//a[@class="oxd-userdropdown-link"])[3]'.</msg>
<arg>${change_password}</arg>
<doc>Click the element identified by ``locator``.</doc>
<status status="PASS" start="2024-05-24T07:37:32.418163" elapsed="0.845043"/>
</kw>
<status status="PASS" start="2024-05-24T07:37:32.418163" elapsed="0.845043"/>
</kw>
<kw name="Fill the change password" owner="ChangePasswordResources">
<kw name="Input Password" owner="SeleniumLibrary">
<msg time="2024-05-24T07:37:33.264782" level="INFO">Typing password into text field 'xpath:(//input[@type="password"])[1]'.</msg>
<msg time="2024-05-24T07:37:33.701447" level="INFO">Temporally setting log level to: NONE</msg>
<arg>${current_password_field}</arg>
<arg>${current_password}</arg>
<doc>Types the given password into the text field identified by ``locator``.</doc>
<status status="PASS" start="2024-05-24T07:37:33.263206" elapsed="0.534139"/>
</kw>
<kw name="Input Password" owner="SeleniumLibrary">
<msg time="2024-05-24T07:37:33.798106" level="INFO">Typing password into text field 'xpath:(//input[@type="password"])[2]'.</msg>
<msg time="2024-05-24T07:37:33.826526" level="INFO">Temporally setting log level to: NONE</msg>
<arg>${new_password_field}</arg>
<arg>${new_password}</arg>
<doc>Types the given password into the text field identified by ``locator``.</doc>
<status status="PASS" start="2024-05-24T07:37:33.798106" elapsed="0.127308"/>
</kw>
<kw name="Input Password" owner="SeleniumLibrary">
<msg time="2024-05-24T07:37:33.925414" level="INFO">Typing password into text field 'xpath:(//input[@type="password"])[3]'.</msg>
<msg time="2024-05-24T07:37:33.945518" level="INFO">Temporally setting log level to: NONE</msg>
<arg>${confirm_password_field}</arg>
<arg>${confirm_password}</arg>
<doc>Types the given password into the text field identified by ``locator``.</doc>
<status status="PASS" start="2024-05-24T07:37:33.925414" elapsed="0.097740"/>
</kw>
<kw name="Click Button" owner="SeleniumLibrary">
<msg time="2024-05-24T07:37:34.023154" level="INFO">Clicking button 'xpath://button[@type='submit']'.</msg>
<arg>${submit_button}</arg>
<doc>Clicks the button identified by ``locator``.</doc>
<status status="PASS" start="2024-05-24T07:37:34.023154" elapsed="0.051185"/>
</kw>
<arg>${invalid_password}</arg>
<arg>${Password}</arg>
<arg>${invalidconfirm_password}</arg>
<status status="PASS" start="2024-05-24T07:37:33.263206" elapsed="0.811133"/>
</kw>
<kw name="Set Selenium Implicit Wait" owner="SeleniumLibrary">
<arg>3</arg>
<doc>Sets the implicit wait value used by Selenium.</doc>
<status status="PASS" start="2024-05-24T07:37:34.074339" elapsed="0.000000"/>
</kw>
<kw name="verify error message for incorrect passwords" owner="ChangePasswordResources">
<kw name="Element Text Should Be" owner="SeleniumLibrary">
<msg time="2024-05-24T07:37:34.074339" level="INFO">Verifying element 'xpath://span[text()='Passwords do not match']' contains exact text 'Passwords do not match'.</msg>
<arg>${alert}</arg>
<arg>Passwords do not match</arg>
<doc>Verifies that element ``locator`` contains exact the text ``expected``.</doc>
<status status="PASS" start="2024-05-24T07:37:34.074339" elapsed="0.016223"/>
</kw>
<status status="PASS" start="2024-05-24T07:37:34.074339" elapsed="0.016223"/>
</kw>
<kw name="Close Browser Session" owner="GenericResources" type="TEARDOWN">
<kw name="Close Browser" owner="SeleniumLibrary">
<doc>Closes the current browser.</doc>
<status status="PASS" start="2024-05-24T07:37:34.090562" elapsed="2.238980"/>
</kw>
<status status="PASS" start="2024-05-24T07:37:34.090562" elapsed="2.238980"/>
</kw>
<status status="PASS" start="2024-05-24T07:37:24.743423" elapsed="11.586119"/>
</test>
<doc>test search to dashboard page</doc>
<status status="PASS" start="2024-05-24T07:36:44.522955" elapsed="51.806587"/>
</suite>
<status status="PASS" start="2024-05-24T07:36:44.511872" elapsed="51.819176"/>
</suite>
<statistics>
<total>
<stat pass="3" fail="0" skip="0">All Tests</stat>
</total>
<tag>
</tag>
<suite>
<stat pass="3" fail="0" skip="0" id="s1" name="TestCases">TestCases</stat>
<stat pass="3" fail="0" skip="0" id="s1-s1" name="Test ChangePassword">TestCases.Test ChangePassword</stat>
</suite>
</statistics>
<errors>
</errors>
</robot>
