<?xml version="1.0" encoding="UTF-8"?>
<robot generator="Robot 7.0 (Python 3.12.2 on win32)" generated="2024-05-28T12:13:59.242936" rpa="false" schemaversion="5">
<suite id="s1" name="TestCases" source="F:\Git_Clone_Orange\Team2_OrangeHRM\TestCases">
<suite id="s1-s1" name="Test Man Membership" source="F:\Git_Clone_Orange\Team2_OrangeHRM\TestCases\Test_Man_Membership.robot">
<test id="s1-s1-t1" name="Add the new membership" line="13">
<kw name="Open the browser with url" owner="GenericResources" type="SETUP">
<kw name="Create Webdriver" owner="SeleniumLibrary">
<msg time="2024-05-28T12:13:59.795535" level="INFO">Creating an instance of the Chrome WebDriver.</msg>
<arg>${browser_name}</arg>
<doc>Creates an instance of Selenium WebDriver.</doc>
<status status="PASS" start="2024-05-28T12:13:59.795535" elapsed="2.105937"/>
</kw>
<kw name="Go To" owner="SeleniumLibrary">
<msg time="2024-05-28T12:14:01.901472" level="INFO">Opening url 'https://opensource-demo.orangehrmlive.com/web/index.php/auth/login'</msg>
<arg>${url}</arg>
<doc>Navigates the current browser window to the provided ``url``.</doc>
<status status="PASS" start="2024-05-28T12:14:01.901472" elapsed="0.792620"/>
</kw>
<kw name="Maximize Browser Window" owner="SeleniumLibrary">
<doc>Maximizes current browser window.</doc>
<status status="PASS" start="2024-05-28T12:14:02.694092" elapsed="3.247229"/>
</kw>
<kw name="Set Selenium Implicit Wait" owner="SeleniumLibrary">
<arg>5</arg>
<doc>Sets the implicit wait value used by Selenium.</doc>
<status status="PASS" start="2024-05-28T12:14:05.942329" elapsed="0.000000"/>
</kw>
<status status="PASS" start="2024-05-28T12:13:59.795535" elapsed="6.146794"/>
</kw>
<kw name="Fill the login form" owner="LoginResources">
<kw name="Input Text" owner="SeleniumLibrary">
<msg time="2024-05-28T12:14:05.949819" level="INFO">Typing text 'Admin' into text field 'xpath://input[@name='username']'.</msg>
<arg>xpath://input[@name='username']</arg>
<arg>${Username}</arg>
<doc>Types the given ``text`` into the text field identified by ``locator``.</doc>
<status status="PASS" start="2024-05-28T12:14:05.942329" elapsed="0.626465"/>
</kw>
<kw name="Input Password" owner="SeleniumLibrary">
<msg time="2024-05-28T12:14:06.574455" level="INFO">Typing password into text field 'xpath://input[@type='password']'.</msg>
<msg time="2024-05-28T12:14:06.664147" level="INFO">Temporally setting log level to: NONE</msg>
<arg>xpath://input[@type='password']</arg>
<arg>${Password}</arg>
<doc>Types the given password into the text field identified by ``locator``.</doc>
<status status="PASS" start="2024-05-28T12:14:06.574455" elapsed="0.219653"/>
</kw>
<kw name="Click Button" owner="SeleniumLibrary">
<msg time="2024-05-28T12:14:06.795614" level="INFO">Clicking button 'xpath://button[@type='submit']'.</msg>
<arg>xpath://button[@type='submit']</arg>
<doc>Clicks the button identified by ``locator``.</doc>
<status status="PASS" start="2024-05-28T12:14:06.794108" elapsed="1.557140"/>
</kw>
<arg>Admin</arg>
<arg>admin123</arg>
<status status="PASS" start="2024-05-28T12:14:05.942329" elapsed="2.408919"/>
</kw>
<kw name="Click the My Info" owner="Qualifications">
<kw name="Wait Until Element Is Visible" owner="SeleniumLibrary">
<arg>${my_info}</arg>
<doc>Waits until the element ``locator`` is visible.</doc>
<status status="PASS" start="2024-05-28T12:14:08.353282" elapsed="0.408843"/>
</kw>
<kw name="Click Element" owner="SeleniumLibrary">
<msg time="2024-05-28T12:14:08.762125" level="INFO">Clicking element 'css:a[href="/web/index.php/pim/viewMyDetails"]'.</msg>
<arg>${my_info}</arg>
<doc>Click the element identified by ``locator``.</doc>
<status status="PASS" start="2024-05-28T12:14:08.762125" elapsed="1.765790"/>
</kw>
<status status="PASS" start="2024-05-28T12:14:08.351248" elapsed="2.176667"/>
</kw>
<kw name="Click the Membership" owner="Membership">
<kw name="Wait Until Element Is Visible" owner="SeleniumLibrary">
<arg>${membership}</arg>
<doc>Waits until the element ``locator`` is visible.</doc>
<status status="PASS" start="2024-05-28T12:14:10.528924" elapsed="1.158903"/>
</kw>
<kw name="Click Element" owner="SeleniumLibrary">
<msg time="2024-05-28T12:14:11.693032" level="INFO">Clicking element 'css:a[href="/web/index.php/pim/viewMemberships/empNumber/7"]'.</msg>
<arg>${membership}</arg>
<doc>Click the element identified by ``locator``.</doc>
<status status="PASS" start="2024-05-28T12:14:11.693032" elapsed="1.142413"/>
</kw>
<status status="PASS" start="2024-05-28T12:14:10.528924" elapsed="2.306521"/>
</kw>
<kw name="Click Add Button" owner="Qualifications">
<kw name="Wait Until Element Is Visible" owner="SeleniumLibrary">
<arg>${add_but}</arg>
<doc>Waits until the element ``locator`` is visible.</doc>
<status status="PASS" start="2024-05-28T12:14:12.835445" elapsed="0.385432"/>
</kw>
<kw name="Click Element" owner="SeleniumLibrary">
<msg time="2024-05-28T12:14:13.220877" level="INFO">Clicking element 'xpath=(//button[@type="button"][@class="oxd-button oxd-button--medium oxd-button--text"])[1]'.</msg>
<arg>${add_but}</arg>
<doc>Click the element identified by ``locator``.</doc>
<status status="PASS" start="2024-05-28T12:14:13.220877" elapsed="0.076639"/>
</kw>
<status status="PASS" start="2024-05-28T12:14:12.835445" elapsed="0.464242"/>
</kw>
<kw name="Select the appropriate Membership" owner="Membership">
<kw name="Click Element" owner="SeleniumLibrary">
<msg time="2024-05-28T12:14:13.299687" level="INFO">Clicking element 'xpath=(//div[@class='oxd-select-text oxd-select-text--active'][normalize-space()='-- Select --'])[1]'.</msg>
<arg>${mem_name}</arg>
<doc>Click the element identified by ``locator``.</doc>
<status status="PASS" start="2024-05-28T12:14:13.299687" elapsed="0.063260"/>
</kw>
<kw name="Wait Until Element Is Visible" owner="SeleniumLibrary">
<arg>${acca}</arg>
<arg>10s</arg>
<doc>Waits until the element ``locator`` is visible.</doc>
<status status="PASS" start="2024-05-28T12:14:13.362947" elapsed="0.025366"/>
</kw>
<kw name="Wait Until Element Is Enabled" owner="SeleniumLibrary">
<arg>${acca}</arg>
<arg>10s</arg>
<doc>Waits until the element ``locator`` is enabled.</doc>
<status status="PASS" start="2024-05-28T12:14:13.388313" elapsed="0.029287"/>
</kw>
<kw name="Click Element" owner="SeleniumLibrary">
<msg time="2024-05-28T12:14:13.426114" level="INFO">Clicking element 'xpath=//span[text()='ACCA']'.</msg>
<arg>${acca}</arg>
<doc>Click the element identified by ``locator``.</doc>
<status status="PASS" start="2024-05-28T12:14:13.426114" elapsed="0.049084"/>
</kw>
<status status="PASS" start="2024-05-28T12:14:13.299687" elapsed="0.175511"/>
</kw>
<kw name="Click the Save button" owner="GenericResources">
<kw name="Wait Until Element Is Enabled" owner="SeleniumLibrary">
<arg>${save_button}</arg>
<doc>Waits until the element ``locator`` is enabled.</doc>
<status status="PASS" start="2024-05-28T12:14:13.477294" elapsed="0.047266"/>
</kw>
<kw name="Click Button" owner="SeleniumLibrary">
<msg time="2024-05-28T12:14:13.524560" level="INFO">Clicking button 'xpath=(//p[@class='oxd-text oxd-text--p orangehrm-form-hint']//following-sibling::button)[2]'.</msg>
<arg>${save_button}</arg>
<doc>Clicks the button identified by ``locator``.</doc>
<status status="PASS" start="2024-05-28T12:14:13.524560" elapsed="0.074641"/>
</kw>
<status status="PASS" start="2024-05-28T12:14:13.477294" elapsed="0.121907"/>
</kw>
<kw name="Verify the success message is displayed" owner="GenericResources">
<kw name="Element Text Should Be" owner="SeleniumLibrary">
<msg time="2024-05-28T12:14:13.603456" level="INFO">Verifying element 'xpath=(//div[@class='oxd-toast-start']//p)[2]' contains exact text 'Successfully Saved'.</msg>
<arg>${success_saved}</arg>
<arg>Successfully Saved</arg>
<doc>Verifies that element ``locator`` contains exact the text ``expected``.</doc>
<status status="PASS" start="2024-05-28T12:14:13.599201" elapsed="0.662700"/>
</kw>
<status status="PASS" start="2024-05-28T12:14:13.599201" elapsed="0.662700"/>
</kw>
<kw name="Close Browser Session" owner="GenericResources" type="TEARDOWN">
<kw name="Close Browser" owner="SeleniumLibrary">
<doc>Closes the current browser.</doc>
<status status="PASS" start="2024-05-28T12:14:14.261901" elapsed="2.250789"/>
</kw>
<status status="PASS" start="2024-05-28T12:14:14.261901" elapsed="2.252936"/>
</kw>
<doc>Add a new membership for the users</doc>
<tag>Retest</tag>
<status status="PASS" start="2024-05-28T12:13:59.795535" elapsed="16.719302"/>
</test>
<doc>Verify the Membership feature</doc>
<status status="PASS" start="2024-05-28T12:13:59.303735" elapsed="17.213698"/>
</suite>
<status status="PASS" start="2024-05-28T12:13:59.262799" elapsed="17.258275"/>
</suite>
<statistics>
<total>
<stat pass="1" fail="0" skip="0">All Tests</stat>
</total>
<tag>
<stat pass="1" fail="0" skip="0">Retest</stat>
</tag>
<suite>
<stat pass="1" fail="0" skip="0" id="s1" name="TestCases">TestCases</stat>
<stat pass="1" fail="0" skip="0" id="s1-s1" name="Test Man Membership">TestCases.Test Man Membership</stat>
</suite>
</statistics>
<errors>
</errors>
</robot>
