<?xml version="1.0" encoding="UTF-8"?>
<robot generator="Robot 7.0 (Python 3.12.2 on win32)" generated="2024-05-29T00:41:31.425969" rpa="false" schemaversion="5">
<suite id="s1" name="Team2 OrangeHRM" source="C:\Users\SM\Desktop\Project _automation\Team2_OrangeHRM">
<suite id="s1-s1" name="TestCases" source="C:\Users\SM\Desktop\Project _automation\Team2_OrangeHRM\TestCases">
<suite id="s1-s1-s1" name="Test ContactDetails" source="C:\Users\SM\Desktop\Project _automation\Team2_OrangeHRM\TestCases\Test_ContactDetails.robot">
<test id="s1-s1-s1-t1" name="fill contact details" line="18">
<kw name="Open the browser with url" owner="GenericResources" type="SETUP">
<kw name="Create Webdriver" owner="SeleniumLibrary">
<msg time="2024-05-29T00:41:34.597516" level="INFO">Creating an instance of the Chrome WebDriver.</msg>
<arg>${browser_name}</arg>
<doc>Creates an instance of Selenium WebDriver.</doc>
<status status="PASS" start="2024-05-29T00:41:34.597516" elapsed="11.102512"/>
</kw>
<kw name="Go To" owner="SeleniumLibrary">
<msg time="2024-05-29T00:41:45.703027" level="INFO">Opening url 'https://opensource-demo.orangehrmlive.com/web/index.php/auth/login'</msg>
<arg>${url}</arg>
<doc>Navigates the current browser window to the provided ``url``.</doc>
<status status="PASS" start="2024-05-29T00:41:45.701030" elapsed="10.356642"/>
</kw>
<kw name="Maximize Browser Window" owner="SeleniumLibrary">
<doc>Maximizes current browser window.</doc>
<status status="PASS" start="2024-05-29T00:41:56.059999" elapsed="0.387009"/>
</kw>
<kw name="Set Selenium Implicit Wait" owner="SeleniumLibrary">
<arg>5</arg>
<doc>Sets the implicit wait value used by Selenium.</doc>
<status status="PASS" start="2024-05-29T00:41:57.033027" elapsed="0.944166"/>
</kw>
<status status="PASS" start="2024-05-29T00:41:34.595434" elapsed="23.393305"/>
</kw>
<kw name="validate successful saved contact details">
<kw name="Fill the login form" owner="LoginResources">
<kw name="Input Text" owner="SeleniumLibrary">
<msg time="2024-05-29T00:41:58.543418" level="INFO">Typing text 'Admin' into text field 'xpath://input[@name='username']'.</msg>
<arg>xpath://input[@name='username']</arg>
<arg>${Username}</arg>
<doc>Types the given ``text`` into the text field identified by ``locator``.</doc>
<status status="PASS" start="2024-05-29T00:41:58.025434" elapsed="1.309903"/>
</kw>
<kw name="Input Password" owner="SeleniumLibrary">
<msg time="2024-05-29T00:41:59.338362" level="INFO">Typing password into text field 'xpath://input[@type='password']'.</msg>
<msg time="2024-05-29T00:41:59.518244" level="INFO">Temporally setting log level to: NONE</msg>
<arg>xpath://input[@type='password']</arg>
<arg>${Password}</arg>
<doc>Types the given password into the text field identified by ``locator``.</doc>
<status status="PASS" start="2024-05-29T00:41:59.337369" elapsed="0.485843"/>
</kw>
<kw name="Click Button" owner="SeleniumLibrary">
<msg time="2024-05-29T00:41:59.826374" level="INFO">Clicking button 'xpath://button[@type='submit']'.</msg>
<arg>xpath://button[@type='submit']</arg>
<doc>Clicks the button identified by ``locator``.</doc>
<status status="PASS" start="2024-05-29T00:41:59.825232" elapsed="3.098271"/>
</kw>
<arg>${username}</arg>
<arg>${password}</arg>
<status status="PASS" start="2024-05-29T00:41:58.015629" elapsed="4.908895"/>
</kw>
<kw name="Set Selenium Implicit Wait" owner="SeleniumLibrary">
<arg>5</arg>
<doc>Sets the implicit wait value used by Selenium.</doc>
<status status="PASS" start="2024-05-29T00:42:02.927059" elapsed="0.042945"/>
</kw>
<kw name="verify the valid credentials" owner="LoginResources">
<kw name="Element Text Should Be" owner="SeleniumLibrary">
<msg time="2024-05-29T00:42:02.978444" level="INFO">Verifying element 'xpath://h6[text()="Dashboard"]' contains exact text 'Dashboard'.</msg>
<arg>${dashBoard}</arg>
<arg>Dashboard</arg>
<doc>Verifies that element ``locator`` contains exact the text ``expected``.</doc>
<status status="PASS" start="2024-05-29T00:42:02.974981" elapsed="0.878664"/>
</kw>
<status status="PASS" start="2024-05-29T00:42:02.971841" elapsed="0.882816"/>
</kw>
<kw name="click myInfo Button" owner="MyInfoResource">
<kw name="Click Element" owner="SeleniumLibrary">
<msg time="2024-05-29T00:42:04.631527" level="INFO">Clicking element 'xpath://span[text()='My Info']'.</msg>
<arg>${myInfo}</arg>
<doc>Click the element identified by ``locator``.</doc>
<status status="PASS" start="2024-05-29T00:42:04.626848" elapsed="3.059484"/>
</kw>
<status status="PASS" start="2024-05-29T00:42:04.614008" elapsed="3.073951"/>
</kw>
<kw name="click contact details element" owner="MyInfoResource">
<kw name="Click Link" owner="SeleniumLibrary">
<msg time="2024-05-29T00:42:07.698400" level="INFO">Clicking link 'xpath://a[text()='Contact Details']'.</msg>
<arg>${contact_details}</arg>
<doc>Clicks a link identified by ``locator``.</doc>
<status status="PASS" start="2024-05-29T00:42:07.696273" elapsed="5.850538"/>
</kw>
<status status="PASS" start="2024-05-29T00:42:07.691451" elapsed="5.859875"/>
</kw>
<kw name="Fill the details" owner="ContactDetailsResources">
<kw name="Input Text" owner="SeleniumLibrary">
<msg time="2024-05-29T00:42:13.577017" level="INFO">Typing text 'Gandhi' into text field 'xpath:(//div[@data-v-957b4417]/input)[1]'.</msg>
<arg>${street1}</arg>
<arg>${srt1}</arg>
<doc>Types the given ``text`` into the text field identified by ``locator``.</doc>
<status status="PASS" start="2024-05-29T00:42:13.573978" elapsed="1.199819"/>
</kw>
<kw name="Input Text" owner="SeleniumLibrary">
<msg time="2024-05-29T00:42:14.779255" level="INFO">Typing text 'Nehru' into text field 'xpath:(//div[@data-v-957b4417]/input)[2]'.</msg>
<arg>${street2}</arg>
<arg>${srt2}</arg>
<doc>Types the given ``text`` into the text field identified by ``locator``.</doc>
<status status="PASS" start="2024-05-29T00:42:14.777252" elapsed="0.789636"/>
</kw>
<kw name="Input Text" owner="SeleniumLibrary">
<msg time="2024-05-29T00:42:15.570785" level="INFO">Typing text 'Salem' into text field 'xpath:(//div[@data-v-957b4417]/input)[3]'.</msg>
<arg>${city}</arg>
<arg>${cty}</arg>
<doc>Types the given ``text`` into the text field identified by ``locator``.</doc>
<status status="PASS" start="2024-05-29T00:42:15.567006" elapsed="0.554681"/>
</kw>
<kw name="Input Text" owner="SeleniumLibrary">
<msg time="2024-05-29T00:42:16.129258" level="INFO">Typing text 'Tamilnadu' into text field 'xpath:(//div[@data-v-957b4417]/input)[4]'.</msg>
<arg>${state}</arg>
<arg>${ste}</arg>
<doc>Types the given ``text`` into the text field identified by ``locator``.</doc>
<status status="PASS" start="2024-05-29T00:42:16.126165" elapsed="0.415845"/>
</kw>
<kw name="Input Text" owner="SeleniumLibrary">
<msg time="2024-05-29T00:42:16.543405" level="INFO">Typing text '636306' into text field 'xpath:(//div[@data-v-957b4417]/input)[5]'.</msg>
<arg>${zip_code}</arg>
<arg>${zip}</arg>
<doc>Types the given ``text`` into the text field identified by ``locator``.</doc>
<status status="PASS" start="2024-05-29T00:42:16.542529" elapsed="0.674923"/>
</kw>
<kw name="Input Text" owner="SeleniumLibrary">
<msg time="2024-05-29T00:42:17.221453" level="INFO">Typing text '25085' into text field 'xpath:(//div[@data-v-957b4417]/input)[6]'.</msg>
<arg>${home}</arg>
<arg>${hme}</arg>
<doc>Types the given ``text`` into the text field identified by ``locator``.</doc>
<status status="PASS" start="2024-05-29T00:42:17.219477" elapsed="0.712896"/>
</kw>
<kw name="Input Text" owner="SeleniumLibrary">
<msg time="2024-05-29T00:42:17.941264" level="INFO">Typing text '7339446896' into text field 'xpath:(//div[@data-v-957b4417]/input)[7]'.</msg>
<arg>${mobile}</arg>
<arg>${mob}</arg>
<doc>Types the given ``text`` into the text field identified by ``locator``.</doc>
<status status="PASS" start="2024-05-29T00:42:17.938485" elapsed="0.531737"/>
</kw>
<kw name="Input Text" owner="SeleniumLibrary">
<msg time="2024-05-29T00:42:18.479851" level="INFO">Typing text '123456789' into text field 'xpath:(//div[@data-v-957b4417]/input)[8]'.</msg>
<arg>${work}</arg>
<arg>${wrk}</arg>
<doc>Types the given ``text`` into the text field identified by ``locator``.</doc>
<status status="PASS" start="2024-05-29T00:42:18.476851" elapsed="0.551333"/>
</kw>
<kw name="Input Text" owner="SeleniumLibrary">
<msg time="2024-05-29T00:42:19.054585" level="INFO">Typing text 'moon@gmail.com' into text field 'xpath:(//div[@data-v-957b4417]/input)[9]'.</msg>
<arg>${work_email}</arg>
<arg>${w_email}</arg>
<doc>Types the given ``text`` into the text field identified by ``locator``.</doc>
<status status="PASS" start="2024-05-29T00:42:19.045560" elapsed="1.331773"/>
</kw>
<kw name="Input Text" owner="SeleniumLibrary">
<msg time="2024-05-29T00:42:20.382981" level="INFO">Typing text 'good@gmail.com' into text field 'xpath:(//div[@data-v-957b4417]/input)[10]'.</msg>
<arg>${other_email}</arg>
<arg>${o_email}</arg>
<doc>Types the given ``text`` into the text field identified by ``locator``.</doc>
<status status="PASS" start="2024-05-29T00:42:20.379337" elapsed="1.023112"/>
</kw>
<arg>${Srts1}</arg>
<arg>${Srts2}</arg>
<arg>${City}</arg>
<arg>${States}</arg>
<arg>${Zip_codes}</arg>
<arg>${Homes}</arg>
<arg>${Mobiles}</arg>
<arg>${Works}</arg>
<arg>${Work_emails}</arg>
<arg>${Other_emails}</arg>
<status status="PASS" start="2024-05-29T00:42:13.559921" elapsed="7.844563"/>
</kw>
<kw name="select country" owner="ContactDetailsResources">
<kw name="Click Element" owner="SeleniumLibrary">
<msg time="2024-05-29T00:42:21.418811" level="INFO">Clicking element 'xpath://div[@data-v-67d2aedf]'.</msg>
<arg>${drop_down}</arg>
<doc>Click the element identified by ``locator``.</doc>
<status status="PASS" start="2024-05-29T00:42:21.417812" elapsed="0.681578"/>
</kw>
<kw name="Wait Until Element Is Visible" owner="SeleniumLibrary">
<arg>${drop_down}</arg>
<arg>10s</arg>
<doc>Waits until the element ``locator`` is visible.</doc>
<status status="PASS" start="2024-05-29T00:42:22.723833" elapsed="0.386638"/>
</kw>
<kw name="Wait Until Element Is Enabled" owner="SeleniumLibrary">
<arg>${drop_down}</arg>
<arg>10s</arg>
<doc>Waits until the element ``locator`` is enabled.</doc>
<status status="PASS" start="2024-05-29T00:42:23.117471" elapsed="0.610609"/>
</kw>
<kw name="Click Element" owner="SeleniumLibrary">
<msg time="2024-05-29T00:42:23.732239" level="INFO">Clicking element 'xpath://span[text()='Aruba']'.</msg>
<arg>${country}</arg>
<doc>Click the element identified by ``locator``.</doc>
<status status="PASS" start="2024-05-29T00:42:23.730242" elapsed="0.380280"/>
</kw>
<status status="PASS" start="2024-05-29T00:42:21.410482" elapsed="2.700040"/>
</kw>
<kw name="Click Save Button" owner="ContactDetailsResources">
<kw name="Click Button" owner="SeleniumLibrary">
<msg time="2024-05-29T00:42:24.118597" level="INFO">Clicking button 'xpath://button[@type="submit"]'.</msg>
<arg>${save}</arg>
<doc>Clicks the button identified by ``locator``.</doc>
<status status="PASS" start="2024-05-29T00:42:24.115562" elapsed="1.386738"/>
</kw>
<kw name="Should Contain" owner="BuiltIn">
<arg>${success_save}</arg>
<arg>Successfully Updated</arg>
<doc>Fails if ``container`` does not contain ``item`` one or more times.</doc>
<status status="PASS" start="2024-05-29T00:42:25.510364" elapsed="0.002263"/>
</kw>
<status status="PASS" start="2024-05-29T00:42:24.111870" elapsed="1.403187"/>
</kw>
<arg>Srts1=Gandhi</arg>
<arg>Srts2=Nehru</arg>
<arg>City=Salem</arg>
<arg>States=Tamilnadu</arg>
<arg>Zip_codes=636306</arg>
<arg>Homes=25085</arg>
<arg>Mobiles=7339446896</arg>
<arg>Works=123456789</arg>
<arg>Work_emails=moon@gmail.com</arg>
<arg>Other_emails=good@gmail.com</arg>
<status status="PASS" start="2024-05-29T00:41:58.006312" elapsed="27.508745"/>
</kw>
<kw name="Close Browser Session" owner="GenericResources" type="TEARDOWN">
<kw name="Close Browser" owner="SeleniumLibrary">
<doc>Closes the current browser.</doc>
<status status="PASS" start="2024-05-29T00:42:25.525130" elapsed="9.273115"/>
</kw>
<status status="PASS" start="2024-05-29T00:42:25.524101" elapsed="9.276700"/>
</kw>
<status status="PASS" start="2024-05-29T00:41:34.589365" elapsed="60.214439"/>
</test>
<doc>Test contact details to my info</doc>
<status status="PASS" start="2024-05-29T00:41:31.526555" elapsed="63.319767"/>
</suite>
<status status="PASS" start="2024-05-29T00:41:31.526555" elapsed="63.396004"/>
</suite>
<status status="PASS" start="2024-05-29T00:41:31.490072" elapsed="63.433793"/>
</suite>
<statistics>
<total>
<stat pass="1" fail="0" skip="0">All Tests</stat>
</total>
<tag>
</tag>
<suite>
<stat pass="1" fail="0" skip="0" id="s1" name="Team2 OrangeHRM">Team2 OrangeHRM</stat>
<stat pass="1" fail="0" skip="0" id="s1-s1" name="TestCases">Team2 OrangeHRM.TestCases</stat>
<stat pass="1" fail="0" skip="0" id="s1-s1-s1" name="Test ContactDetails">Team2 OrangeHRM.TestCases.Test ContactDetails</stat>
</suite>
</statistics>
<errors>
</errors>
</robot>
