<?xml version="1.0" encoding="UTF-8"?>
<robot generator="Robot 7.0 (Python 3.12.2 on win32)" generated="2024-05-28T12:11:42.611098" rpa="false" schemaversion="5">
<suite id="s1" name="TestCases" source="F:\Git_Clone_Orange\Team2_OrangeHRM\TestCases">
<suite id="s1-s1" name="Test Depedent save" source="F:\Git_Clone_Orange\Team2_OrangeHRM\TestCases\Test_Depedent_save.robot">
<test id="s1-s1-t1" name="Name" line="18">
<kw name="Open the browser with url" owner="GenericResources" type="SETUP">
<kw name="Create Webdriver" owner="SeleniumLibrary">
<msg time="2024-05-28T12:11:43.191135" level="INFO">Creating an instance of the Chrome WebDriver.</msg>
<arg>${browser_name}</arg>
<doc>Creates an instance of Selenium WebDriver.</doc>
<status status="PASS" start="2024-05-28T12:11:43.191135" elapsed="2.242877"/>
</kw>
<kw name="Go To" owner="SeleniumLibrary">
<msg time="2024-05-28T12:11:45.434012" level="INFO">Opening url 'https://opensource-demo.orangehrmlive.com/web/index.php/auth/login'</msg>
<arg>${url}</arg>
<doc>Navigates the current browser window to the provided ``url``.</doc>
<status status="PASS" start="2024-05-28T12:11:45.434012" elapsed="3.623131"/>
</kw>
<kw name="Maximize Browser Window" owner="SeleniumLibrary">
<doc>Maximizes current browser window.</doc>
<status status="PASS" start="2024-05-28T12:11:49.057143" elapsed="0.047235"/>
</kw>
<kw name="Set Selenium Implicit Wait" owner="SeleniumLibrary">
<arg>5</arg>
<doc>Sets the implicit wait value used by Selenium.</doc>
<status status="PASS" start="2024-05-28T12:11:49.104378" elapsed="0.001508"/>
</kw>
<status status="PASS" start="2024-05-28T12:11:43.191135" elapsed="5.914751"/>
</kw>
<kw name="validate successful saved Dependent">
<kw name="Fill the login form" owner="LoginResources">
<kw name="Input Text" owner="SeleniumLibrary">
<msg time="2024-05-28T12:11:49.108039" level="INFO">Typing text 'Admin' into text field 'xpath://input[@name='username']'.</msg>
<arg>xpath://input[@name='username']</arg>
<arg>${Username}</arg>
<doc>Types the given ``text`` into the text field identified by ``locator``.</doc>
<status status="PASS" start="2024-05-28T12:11:49.108039" elapsed="0.627385"/>
</kw>
<kw name="Input Password" owner="SeleniumLibrary">
<msg time="2024-05-28T12:11:49.736485" level="INFO">Typing password into text field 'xpath://input[@type='password']'.</msg>
<msg time="2024-05-28T12:11:49.807104" level="INFO">Temporally setting log level to: NONE</msg>
<arg>xpath://input[@type='password']</arg>
<arg>${Password}</arg>
<doc>Types the given password into the text field identified by ``locator``.</doc>
<status status="PASS" start="2024-05-28T12:11:49.735424" elapsed="0.256734"/>
</kw>
<kw name="Click Button" owner="SeleniumLibrary">
<msg time="2024-05-28T12:11:49.992158" level="INFO">Clicking button 'xpath://button[@type='submit']'.</msg>
<arg>xpath://button[@type='submit']</arg>
<doc>Clicks the button identified by ``locator``.</doc>
<status status="PASS" start="2024-05-28T12:11:49.992158" elapsed="1.559704"/>
</kw>
<arg>${username}</arg>
<arg>${password}</arg>
<status status="PASS" start="2024-05-28T12:11:49.108039" elapsed="2.443823"/>
</kw>
<kw name="Set Selenium Implicit Wait" owner="SeleniumLibrary">
<arg>5</arg>
<doc>Sets the implicit wait value used by Selenium.</doc>
<status status="PASS" start="2024-05-28T12:11:51.551862" elapsed="0.005521"/>
</kw>
<kw name="click myInfo Button" owner="MyInfoResource">
<kw name="Click Element" owner="SeleniumLibrary">
<msg time="2024-05-28T12:11:51.558897" level="INFO">Clicking element 'xpath://span[text()='My Info']'.</msg>
<arg>${myInfo}</arg>
<doc>Click the element identified by ``locator``.</doc>
<status status="PASS" start="2024-05-28T12:11:51.558897" elapsed="1.755676"/>
</kw>
<status status="PASS" start="2024-05-28T12:11:51.557383" elapsed="1.757190"/>
</kw>
<kw name="click dependent element" owner="MyInfoResource">
<kw name="Click Link" owner="SeleniumLibrary">
<msg time="2024-05-28T12:11:53.315680" level="INFO">Clicking link 'xpath://a[text()='Dependents']'.</msg>
<arg>${dependents}</arg>
<doc>Clicks a link identified by ``locator``.</doc>
<status status="PASS" start="2024-05-28T12:11:53.315680" elapsed="1.651111"/>
</kw>
<status status="PASS" start="2024-05-28T12:11:53.314573" elapsed="1.652218"/>
</kw>
<kw name="click add button" owner="DependentResources">
<kw name="Click Button" owner="SeleniumLibrary">
<msg time="2024-05-28T12:11:54.966791" level="INFO">Clicking button 'xpath:(//button[@type="button"])[3]'.</msg>
<arg>${add}</arg>
<doc>Clicks the button identified by ``locator``.</doc>
<status status="PASS" start="2024-05-28T12:11:54.966791" elapsed="1.373268"/>
</kw>
<status status="PASS" start="2024-05-28T12:11:54.966791" elapsed="1.373268"/>
</kw>
<kw name="Fill the details" owner="DependentResources">
<kw name="Input Text" owner="SeleniumLibrary">
<msg time="2024-05-28T12:11:56.342473" level="INFO">Typing text 'Suvetha' into text field 'xpath=(//input[@data-v-1f99f73c])[2]'.</msg>
<arg>${Name}</arg>
<arg>${names}</arg>
<doc>Types the given ``text`` into the text field identified by ``locator``.</doc>
<status status="PASS" start="2024-05-28T12:11:56.342473" elapsed="0.226001"/>
</kw>
<arg>${Name}</arg>
<status status="PASS" start="2024-05-28T12:11:56.341550" elapsed="0.230877"/>
</kw>
<kw name="select relationship as child" owner="DependentResources">
<kw name="Click Element" owner="SeleniumLibrary">
<msg time="2024-05-28T12:11:56.573665" level="INFO">Clicking element 'xpath=(//div[@data-v-67d2aedf])[2]'.</msg>
<arg>${Relationship}</arg>
<doc>Click the element identified by ``locator``.</doc>
<status status="PASS" start="2024-05-28T12:11:56.572427" elapsed="0.103218"/>
</kw>
<kw name="Wait Until Element Is Visible" owner="SeleniumLibrary">
<arg>${Relationship}</arg>
<arg>10s</arg>
<doc>Waits until the element ``locator`` is visible.</doc>
<status status="PASS" start="2024-05-28T12:11:56.675645" elapsed="0.028795"/>
</kw>
<kw name="Wait Until Element Is Enabled" owner="SeleniumLibrary">
<arg>${Relationship}</arg>
<arg>10s</arg>
<doc>Waits until the element ``locator`` is enabled.</doc>
<status status="PASS" start="2024-05-28T12:11:56.704440" elapsed="0.040984"/>
</kw>
<kw name="Click Element" owner="SeleniumLibrary">
<msg time="2024-05-28T12:11:56.745424" level="INFO">Clicking element 'xpath://span[text()='Child']'.</msg>
<arg>${child}</arg>
<doc>Click the element identified by ``locator``.</doc>
<status status="PASS" start="2024-05-28T12:11:56.745424" elapsed="0.071477"/>
</kw>
<status status="PASS" start="2024-05-28T12:11:56.572427" elapsed="0.244474"/>
</kw>
<kw name="Click Save Button" owner="DependentResources">
<kw name="Click Button" owner="SeleniumLibrary">
<msg time="2024-05-28T12:11:56.816901" level="INFO">Clicking button 'xpath:(//button[text()=" Save "])[1]'.</msg>
<arg>${save}</arg>
<doc>Clicks the button identified by ``locator``.</doc>
<status status="PASS" start="2024-05-28T12:11:56.816901" elapsed="0.083860"/>
</kw>
<kw name="Should Contain" owner="BuiltIn">
<arg>${success_save}</arg>
<arg>Successfully Updated</arg>
<doc>Fails if ``container`` does not contain ``item`` one or more times.</doc>
<status status="PASS" start="2024-05-28T12:11:56.900761" elapsed="0.000000"/>
</kw>
<status status="PASS" start="2024-05-28T12:11:56.816901" elapsed="0.083860"/>
</kw>
<arg>Name=Suvetha</arg>
<tag>Regression</tag>
<status status="PASS" start="2024-05-28T12:11:49.105886" elapsed="7.794875"/>
</kw>
<kw name="Close Browser Session" owner="GenericResources" type="TEARDOWN">
<kw name="Close Browser" owner="SeleniumLibrary">
<doc>Closes the current browser.</doc>
<status status="PASS" start="2024-05-28T12:11:56.900761" elapsed="2.338313"/>
</kw>
<status status="PASS" start="2024-05-28T12:11:56.900761" elapsed="2.338313"/>
</kw>
<status status="PASS" start="2024-05-28T12:11:43.191135" elapsed="16.047939"/>
</test>
<doc>Test dependent to my info</doc>
<status status="PASS" start="2024-05-28T12:11:42.658294" elapsed="16.580780"/>
</suite>
<status status="PASS" start="2024-05-28T12:11:42.634182" elapsed="16.610497"/>
</suite>
<statistics>
<total>
<stat pass="1" fail="0" skip="0">All Tests</stat>
</total>
<tag>
</tag>
<suite>
<stat pass="1" fail="0" skip="0" id="s1" name="TestCases">TestCases</stat>
<stat pass="1" fail="0" skip="0" id="s1-s1" name="Test Depedent save">TestCases.Test Depedent save</stat>
</suite>
</statistics>
<errors>
</errors>
</robot>
