<?xml version="1.0" encoding="UTF-8"?>
<robot generator="Robot 7.0 (Python 3.12.2 on win32)" generated="2024-05-28T12:12:31.113945" rpa="false" schemaversion="5">
<suite id="s1" name="TestCases" source="F:\Git_Clone_Orange\Team2_OrangeHRM\TestCases">
<suite id="s1-s1" name="Test Immigration" source="F:\Git_Clone_Orange\Team2_OrangeHRM\TestCases\Test_Immigration.robot">
<test id="s1-s1-t1" name="Valid" line="18">
<kw name="Open the browser with url" owner="GenericResources" type="SETUP">
<kw name="Create Webdriver" owner="SeleniumLibrary">
<msg time="2024-05-28T12:12:32.969449" level="INFO">Creating an instance of the Chrome WebDriver.</msg>
<arg>${browser_name}</arg>
<doc>Creates an instance of Selenium WebDriver.</doc>
<status status="PASS" start="2024-05-28T12:12:32.969449" elapsed="2.589030"/>
</kw>
<kw name="Go To" owner="SeleniumLibrary">
<msg time="2024-05-28T12:12:35.558479" level="INFO">Opening url 'https://opensource-demo.orangehrmlive.com/web/index.php/auth/login'</msg>
<arg>${url}</arg>
<doc>Navigates the current browser window to the provided ``url``.</doc>
<status status="PASS" start="2024-05-28T12:12:35.558479" elapsed="3.793080"/>
</kw>
<kw name="Maximize Browser Window" owner="SeleniumLibrary">
<doc>Maximizes current browser window.</doc>
<status status="PASS" start="2024-05-28T12:12:39.352959" elapsed="0.037967"/>
</kw>
<kw name="Set Selenium Implicit Wait" owner="SeleniumLibrary">
<arg>5</arg>
<doc>Sets the implicit wait value used by Selenium.</doc>
<status status="PASS" start="2024-05-28T12:12:39.390926" elapsed="0.007007"/>
</kw>
<status status="PASS" start="2024-05-28T12:12:32.969449" elapsed="6.428484"/>
</kw>
<kw name="validate successful saved Dependent">
<kw name="Run Keyword And Ignore Error" owner="BuiltIn">
<kw name="Fill the login form" owner="LoginResources">
<kw name="Input Text" owner="SeleniumLibrary">
<msg time="2024-05-28T12:12:39.397933" level="INFO">Typing text 'Admin' into text field 'xpath://input[@name='username']'.</msg>
<arg>xpath://input[@name='username']</arg>
<arg>${Username}</arg>
<doc>Types the given ``text`` into the text field identified by ``locator``.</doc>
<status status="PASS" start="2024-05-28T12:12:39.397933" elapsed="0.524165"/>
</kw>
<kw name="Input Password" owner="SeleniumLibrary">
<msg time="2024-05-28T12:12:39.922098" level="INFO">Typing password into text field 'xpath://input[@type='password']'.</msg>
<msg time="2024-05-28T12:12:39.967667" level="INFO">Temporally setting log level to: NONE</msg>
<arg>xpath://input[@type='password']</arg>
<arg>${Password}</arg>
<doc>Types the given password into the text field identified by ``locator``.</doc>
<status status="PASS" start="2024-05-28T12:12:39.922098" elapsed="0.165723"/>
</kw>
<kw name="Click Button" owner="SeleniumLibrary">
<msg time="2024-05-28T12:12:40.087821" level="INFO">Clicking button 'xpath://button[@type='submit']'.</msg>
<arg>xpath://button[@type='submit']</arg>
<doc>Clicks the button identified by ``locator``.</doc>
<status status="PASS" start="2024-05-28T12:12:40.087821" elapsed="1.469447"/>
</kw>
<arg>${username}</arg>
<arg>${password}</arg>
<status status="PASS" start="2024-05-28T12:12:39.397933" elapsed="2.159335"/>
</kw>
<arg>LoginResources.Fill the login form</arg>
<arg>${username}</arg>
<arg>${password}</arg>
<doc>Runs the given keyword with the given arguments and ignores possible error.</doc>
<status status="PASS" start="2024-05-28T12:12:39.397933" elapsed="2.159335"/>
</kw>
<kw name="Set Selenium Implicit Wait" owner="SeleniumLibrary">
<arg>5</arg>
<doc>Sets the implicit wait value used by Selenium.</doc>
<status status="PASS" start="2024-05-28T12:12:41.557268" elapsed="0.001929"/>
</kw>
<kw name="Run Keyword And Ignore Error" owner="BuiltIn">
<kw name="verify the valid credentials" owner="LoginResources">
<kw name="Element Text Should Be" owner="SeleniumLibrary">
<msg time="2024-05-28T12:12:41.564973" level="INFO">Verifying element 'xpath://h6[text()="Dashboard"]' contains exact text 'Dashboard'.</msg>
<arg>${dashBoard}</arg>
<arg>Dashboard</arg>
<doc>Verifies that element ``locator`` contains exact the text ``expected``.</doc>
<status status="PASS" start="2024-05-28T12:12:41.564973" elapsed="0.544036"/>
</kw>
<status status="PASS" start="2024-05-28T12:12:41.563906" elapsed="0.557500"/>
</kw>
<arg>LoginResources.verify the valid credentials</arg>
<doc>Runs the given keyword with the given arguments and ignores possible error.</doc>
<status status="PASS" start="2024-05-28T12:12:41.559197" elapsed="0.562209"/>
</kw>
<kw name="Run Keyword And Ignore Error" owner="BuiltIn">
<kw name="click myInfo Button" owner="MyInfoResource">
<kw name="Click Element" owner="SeleniumLibrary">
<msg time="2024-05-28T12:12:42.121406" level="INFO">Clicking element 'xpath://span[text()='My Info']'.</msg>
<arg>${myInfo}</arg>
<doc>Click the element identified by ``locator``.</doc>
<status status="PASS" start="2024-05-28T12:12:42.121406" elapsed="1.680047"/>
</kw>
<status status="PASS" start="2024-05-28T12:12:42.121406" elapsed="1.680047"/>
</kw>
<arg>MyInfoResource.click myInfo Button</arg>
<doc>Runs the given keyword with the given arguments and ignores possible error.</doc>
<status status="PASS" start="2024-05-28T12:12:42.121406" elapsed="1.680047"/>
</kw>
<kw name="Run Keyword And Ignore Error" owner="BuiltIn">
<kw name="click immigration element" owner="MyInfoResource">
<kw name="Click Link" owner="SeleniumLibrary">
<msg time="2024-05-28T12:12:43.803960" level="INFO">Clicking link 'xpath://a[text()='Immigration']'.</msg>
<arg>${immigration}</arg>
<doc>Clicks a link identified by ``locator``.</doc>
<status status="PASS" start="2024-05-28T12:12:43.803960" elapsed="1.716309"/>
</kw>
<status status="PASS" start="2024-05-28T12:12:43.803960" elapsed="1.716309"/>
</kw>
<arg>MyInfoResource.click immigration element</arg>
<doc>Runs the given keyword with the given arguments and ignores possible error.</doc>
<status status="PASS" start="2024-05-28T12:12:43.801453" elapsed="1.718816"/>
</kw>
<kw name="Run Keyword And Ignore Error" owner="BuiltIn">
<kw name="click add button" owner="ImmigrationResources">
<kw name="Click Button" owner="SeleniumLibrary">
<msg time="2024-05-28T12:12:45.525139" level="INFO">Clicking button 'xpath:(//button[@type="button"])[3]'.</msg>
<arg>${add}</arg>
<doc>Clicks the button identified by ``locator``.</doc>
<status status="PASS" start="2024-05-28T12:12:45.520269" elapsed="1.483160"/>
</kw>
<status status="PASS" start="2024-05-28T12:12:45.520269" elapsed="1.483160"/>
</kw>
<arg>ImmigrationResources.click add button</arg>
<doc>Runs the given keyword with the given arguments and ignores possible error.</doc>
<status status="PASS" start="2024-05-28T12:12:45.520269" elapsed="1.483160"/>
</kw>
<kw name="Run Keyword And Ignore Error" owner="BuiltIn">
<kw name="Fill the details" owner="ImmigrationResources">
<kw name="Input Text" owner="SeleniumLibrary">
<msg time="2024-05-28T12:12:47.004691" level="INFO">Typing text '1317' into text field 'xpath=(//div[@data-v-957b4417]//input[@class='oxd-input oxd-input--active'])[1]'.</msg>
<arg>${Number}</arg>
<arg>${num}</arg>
<doc>Types the given ``text`` into the text field identified by ``locator``.</doc>
<status status="PASS" start="2024-05-28T12:12:47.004691" elapsed="0.108584"/>
</kw>
<kw name="Input Text" owner="SeleniumLibrary">
<msg time="2024-05-28T12:12:47.113275" level="INFO">Typing text 'Yes' into text field 'xpath:(//div[@data-v-957b4417]//input[@class='oxd-input oxd-input--active'])[4]'.</msg>
<arg>${Eligible}</arg>
<arg>Yes</arg>
<doc>Types the given ``text`` into the text field identified by ``locator``.</doc>
<status status="PASS" start="2024-05-28T12:12:47.113275" elapsed="0.148387"/>
</kw>
<kw name="Input Text" owner="SeleniumLibrary">
<msg time="2024-05-28T12:12:47.261662" level="INFO">Typing text 'Good' into text field 'xpath://textarea[@data-v-bd337f32]'.</msg>
<arg>${Text}</arg>
<arg>Good</arg>
<doc>Types the given ``text`` into the text field identified by ``locator``.</doc>
<status status="PASS" start="2024-05-28T12:12:47.261662" elapsed="0.171294"/>
</kw>
<arg>${Num}</arg>
<status status="PASS" start="2024-05-28T12:12:47.004691" elapsed="0.429723"/>
</kw>
<arg>ImmigrationResources.Fill the details</arg>
<arg>${Num}</arg>
<doc>Runs the given keyword with the given arguments and ignores possible error.</doc>
<status status="PASS" start="2024-05-28T12:12:47.003429" elapsed="0.430985"/>
</kw>
<kw name="Run Keyword And Ignore Error" owner="BuiltIn">
<kw name="select country" owner="ImmigrationResources">
<kw name="Click Element" owner="SeleniumLibrary">
<msg time="2024-05-28T12:12:47.437165" level="INFO">Clicking element 'xpath://div[@data-v-67d2aedf]'.</msg>
<arg>${select}</arg>
<doc>Click the element identified by ``locator``.</doc>
<status status="PASS" start="2024-05-28T12:12:47.437165" elapsed="0.099319"/>
</kw>
<kw name="Wait Until Element Is Visible" owner="SeleniumLibrary">
<arg>${select}</arg>
<arg>10s</arg>
<doc>Waits until the element ``locator`` is visible.</doc>
<status status="PASS" start="2024-05-28T12:12:47.536484" elapsed="0.030637"/>
</kw>
<kw name="Wait Until Element Is Enabled" owner="SeleniumLibrary">
<arg>${select}</arg>
<arg>10s</arg>
<doc>Waits until the element ``locator`` is enabled.</doc>
<status status="PASS" start="2024-05-28T12:12:47.568138" elapsed="0.039286"/>
</kw>
<kw name="Click Element" owner="SeleniumLibrary">
<msg time="2024-05-28T12:12:47.608510" level="INFO">Clicking element 'xpath://span[text()='Albania']'.</msg>
<arg>${country}</arg>
<doc>Click the element identified by ``locator``.</doc>
<status status="PASS" start="2024-05-28T12:12:47.607424" elapsed="0.080192"/>
</kw>
<status status="PASS" start="2024-05-28T12:12:47.435854" elapsed="0.251762"/>
</kw>
<arg>ImmigrationResources.select country</arg>
<doc>Runs the given keyword with the given arguments and ignores possible error.</doc>
<status status="PASS" start="2024-05-28T12:12:47.434414" elapsed="0.253202"/>
</kw>
<kw name="Run Keyword And Ignore Error" owner="BuiltIn">
<kw name="Click Save Button" owner="ImmigrationResources">
<kw name="Click Button" owner="SeleniumLibrary">
<msg time="2024-05-28T12:12:47.695587" level="INFO">Clicking button 'xpath:(//button[text()=" Save "])[1]'.</msg>
<arg>${save}</arg>
<doc>Clicks the button identified by ``locator``.</doc>
<status status="PASS" start="2024-05-28T12:12:47.695587" elapsed="0.092989"/>
</kw>
<kw name="Should Contain" owner="BuiltIn">
<arg>${success_save}</arg>
<arg>Successfully Updated</arg>
<doc>Fails if ``container`` does not contain ``item`` one or more times.</doc>
<status status="PASS" start="2024-05-28T12:12:47.789634" elapsed="0.000000"/>
</kw>
<status status="PASS" start="2024-05-28T12:12:47.687616" elapsed="0.102018"/>
</kw>
<arg>ImmigrationResources.Click Save Button</arg>
<doc>Runs the given keyword with the given arguments and ignores possible error.</doc>
<status status="PASS" start="2024-05-28T12:12:47.687616" elapsed="0.102018"/>
</kw>
<arg>Num=1317</arg>
<tag>Smoke</tag>
<status status="PASS" start="2024-05-28T12:12:39.397933" elapsed="8.393207"/>
</kw>
<kw name="Close Browser Session" owner="GenericResources" type="TEARDOWN">
<kw name="Close Browser" owner="SeleniumLibrary">
<doc>Closes the current browser.</doc>
<status status="PASS" start="2024-05-28T12:12:47.793066" elapsed="2.375565"/>
</kw>
<status status="PASS" start="2024-05-28T12:12:47.791140" elapsed="2.377491"/>
</kw>
<status status="PASS" start="2024-05-28T12:12:32.961444" elapsed="17.207187"/>
</test>
<doc>Test Immigration to my info page</doc>
<status status="PASS" start="2024-05-28T12:12:31.353332" elapsed="18.816547"/>
</suite>
<status status="PASS" start="2024-05-28T12:12:31.274096" elapsed="18.898166"/>
</suite>
<statistics>
<total>
<stat pass="1" fail="0" skip="0">All Tests</stat>
</total>
<tag>
</tag>
<suite>
<stat pass="1" fail="0" skip="0" id="s1" name="TestCases">TestCases</stat>
<stat pass="1" fail="0" skip="0" id="s1-s1" name="Test Immigration">TestCases.Test Immigration</stat>
</suite>
</statistics>
<errors>
</errors>
</robot>
