<?xml version="1.0" encoding="UTF-8"?>
<robot generator="Robot 7.0 (Python 3.12.2 on win32)" generated="2024-05-29T00:41:31.813376" rpa="false" schemaversion="5">
<suite id="s1" name="Team2 OrangeHRM" source="C:\Users\SM\Desktop\Project _automation\Team2_OrangeHRM">
<suite id="s1-s1" name="TestCases" source="C:\Users\SM\Desktop\Project _automation\Team2_OrangeHRM\TestCases">
<suite id="s1-s1-s1" name="Test EmployeeList" source="C:\Users\SM\Desktop\Project _automation\Team2_OrangeHRM\TestCases\Test_EmployeeList.robot">
<test id="s1-s1-s1-t1" name="Employee Information" line="15">
<kw name="Open the browser with url" owner="GenericResources" type="SETUP">
<kw name="Create Webdriver" owner="SeleniumLibrary">
<msg time="2024-05-29T00:41:34.814458" level="INFO">Creating an instance of the Chrome WebDriver.</msg>
<arg>${browser_name}</arg>
<doc>Creates an instance of Selenium WebDriver.</doc>
<status status="PASS" start="2024-05-29T00:41:34.814458" elapsed="32.801676"/>
</kw>
<kw name="Go To" owner="SeleniumLibrary">
<msg time="2024-05-29T00:42:07.811935" level="INFO">Opening url 'https://opensource-demo.orangehrmlive.com/web/index.php/auth/login'</msg>
<arg>${url}</arg>
<doc>Navigates the current browser window to the provided ``url``.</doc>
<status status="PASS" start="2024-05-29T00:42:07.731164" elapsed="18.140665"/>
</kw>
<kw name="Maximize Browser Window" owner="SeleniumLibrary">
<doc>Maximizes current browser window.</doc>
<status status="PASS" start="2024-05-29T00:42:25.896756" elapsed="0.663189"/>
</kw>
<kw name="Set Selenium Implicit Wait" owner="SeleniumLibrary">
<arg>5</arg>
<doc>Sets the implicit wait value used by Selenium.</doc>
<status status="PASS" start="2024-05-29T00:42:26.570120" elapsed="0.118603"/>
</kw>
<status status="PASS" start="2024-05-29T00:41:34.812429" elapsed="51.906068"/>
</kw>
<kw name="Employee Information">
<kw name="Fill the login form" owner="LoginResources">
<kw name="Input Text" owner="SeleniumLibrary">
<msg time="2024-05-29T00:42:27.020014" level="INFO">Typing text 'Admin' into text field 'xpath://input[@name='username']'.</msg>
<arg>xpath://input[@name='username']</arg>
<arg>${Username}</arg>
<doc>Types the given ``text`` into the text field identified by ``locator``.</doc>
<status status="PASS" start="2024-05-29T00:42:26.917633" elapsed="1.000904"/>
</kw>
<kw name="Input Password" owner="SeleniumLibrary">
<msg time="2024-05-29T00:42:27.934481" level="INFO">Typing password into text field 'xpath://input[@type='password']'.</msg>
<msg time="2024-05-29T00:42:28.197627" level="INFO">Temporally setting log level to: NONE</msg>
<arg>xpath://input[@type='password']</arg>
<arg>${Password}</arg>
<doc>Types the given password into the text field identified by ``locator``.</doc>
<status status="PASS" start="2024-05-29T00:42:27.928625" elapsed="0.595246"/>
</kw>
<kw name="Click Button" owner="SeleniumLibrary">
<msg time="2024-05-29T00:42:28.537205" level="INFO">Clicking button 'xpath://button[@type='submit']'.</msg>
<arg>xpath://button[@type='submit']</arg>
<doc>Clicks the button identified by ``locator``.</doc>
<status status="PASS" start="2024-05-29T00:42:28.533016" elapsed="2.374164"/>
</kw>
<arg>${username}</arg>
<arg>${password}</arg>
<status status="PASS" start="2024-05-29T00:42:26.910470" elapsed="3.999736"/>
</kw>
<kw name="Set Selenium Implicit Wait" owner="SeleniumLibrary">
<arg>5</arg>
<doc>Sets the implicit wait value used by Selenium.</doc>
<status status="PASS" start="2024-05-29T00:42:30.918715" elapsed="0.030262"/>
</kw>
<kw name="verify the valid credentials" owner="LoginResources">
<kw name="Element Text Should Be" owner="SeleniumLibrary">
<msg time="2024-05-29T00:42:30.968025" level="INFO">Verifying element 'xpath://h6[text()="Dashboard"]' contains exact text 'Dashboard'.</msg>
<arg>${dashBoard}</arg>
<arg>Dashboard</arg>
<doc>Verifies that element ``locator`` contains exact the text ``expected``.</doc>
<status status="PASS" start="2024-05-29T00:42:30.958641" elapsed="0.525694"/>
</kw>
<status status="PASS" start="2024-05-29T00:42:30.952024" elapsed="0.532311"/>
</kw>
<kw name="Click on PIM Button" owner="PIMResources">
<kw name="Set Selenium Implicit Wait" owner="SeleniumLibrary">
<arg>5</arg>
<doc>Sets the implicit wait value used by Selenium.</doc>
<status status="PASS" start="2024-05-29T00:42:31.490206" elapsed="0.004802"/>
</kw>
<kw name="Click Element" owner="SeleniumLibrary">
<msg time="2024-05-29T00:42:31.503084" level="INFO">Clicking element 'xpath:(//span[@class="oxd-text oxd-text--span oxd-main-menu-item--name"])[2]'.</msg>
<arg>${PIM_button}</arg>
<doc>Click the element identified by ``locator``.</doc>
<status status="PASS" start="2024-05-29T00:42:31.497025" elapsed="1.844133"/>
</kw>
<status status="PASS" start="2024-05-29T00:42:31.487697" elapsed="1.857620"/>
</kw>
<kw name="click on Employee_list_button" owner="PIMResources">
<kw name="Click Element" owner="SeleniumLibrary">
<msg time="2024-05-29T00:42:33.350506" level="INFO">Clicking element 'xpath://a[text()='Employee List']'.</msg>
<arg>${Employee_list}</arg>
<doc>Click the element identified by ``locator``.</doc>
<status status="PASS" start="2024-05-29T00:42:33.349511" elapsed="2.097791"/>
</kw>
<status status="PASS" start="2024-05-29T00:42:33.347485" elapsed="2.100820"/>
</kw>
<kw name="Fill the Employee Information with name and id" owner="PIMResources">
<kw name="Input Text" owner="SeleniumLibrary">
<msg time="2024-05-29T00:42:35.456935" level="INFO">Typing text 'Qwerty Qwerty LName' into text field 'xpath:(//input[@placeholder="Type for hints..."])'.</msg>
<arg>${Employee_Name_Xpath}</arg>
<arg>${emp_name}</arg>
<doc>Types the given ``text`` into the text field identified by ``locator``.</doc>
<status status="PASS" start="2024-05-29T00:42:35.451930" elapsed="2.637019"/>
</kw>
<kw name="Input Text" owner="SeleniumLibrary">
<msg time="2024-05-29T00:42:38.097524" level="INFO">Typing text '1234' into text field 'xpath:(//input[@class="oxd-input oxd-input--active"])[2]'.</msg>
<arg>${Employee_Id_Xpath}</arg>
<arg>${emp_id}</arg>
<doc>Types the given ``text`` into the text field identified by ``locator``.</doc>
<status status="PASS" start="2024-05-29T00:42:38.090382" elapsed="0.881886"/>
</kw>
<arg>${Employee_Name}</arg>
<arg>${Employee_Id}</arg>
<status status="PASS" start="2024-05-29T00:42:35.449621" elapsed="3.524667"/>
</kw>
<kw name="click on search button" owner="PIMResources">
<kw name="Click Button" owner="SeleniumLibrary">
<msg time="2024-05-29T00:42:38.980840" level="INFO">Clicking button 'xpath://button[@class="oxd-button oxd-button--medium oxd-button--secondary orangehrm-left-space"]'.</msg>
<arg>${Search}</arg>
<doc>Clicks the button identified by ``locator``.</doc>
<status status="PASS" start="2024-05-29T00:42:38.978399" elapsed="0.661557"/>
</kw>
<status status="PASS" start="2024-05-29T00:42:38.975542" elapsed="0.665693"/>
</kw>
<kw name="check the count of record" owner="PIMResources">
<kw name="Get Element Count" owner="SeleniumLibrary">
<msg time="2024-05-29T00:42:39.732306" level="INFO">${count} = 1</msg>
<var>${count}</var>
<arg>${count_record}</arg>
<doc>Returns the number of elements matching ``locator``.</doc>
<status status="PASS" start="2024-05-29T00:42:39.663129" elapsed="0.076005"/>
</kw>
<return>
<value>${count}</value>
<status status="PASS" start="2024-05-29T00:42:39.744615" elapsed="0.019518"/>
</return>
<msg time="2024-05-29T00:42:39.766436" level="INFO">${count} = 1</msg>
<var>${count}</var>
<status status="PASS" start="2024-05-29T00:42:39.659281" elapsed="0.107155"/>
</kw>
<if>
<branch type="IF" condition="'${count}'== '0'">
<kw name="Log To Console" owner="BuiltIn">
<arg>${count} Records found</arg>
<doc>Logs the given message to the console.</doc>
<status status="NOT RUN" start="2024-05-29T00:42:39.790343" elapsed="0.020929"/>
</kw>
<status status="NOT RUN" start="2024-05-29T00:42:39.776132" elapsed="0.036331"/>
</branch>
<branch type="ELSE">
<kw name="Log To Console" owner="BuiltIn">
<arg>${count} Records Found</arg>
<doc>Logs the given message to the console.</doc>
<status status="PASS" start="2024-05-29T00:42:39.814489" elapsed="0.024897"/>
</kw>
<status status="PASS" start="2024-05-29T00:42:39.813484" elapsed="0.035059"/>
</branch>
<status status="PASS" start="2024-05-29T00:42:39.774046" elapsed="0.079137"/>
</if>
<arg>Employee_Name=Qwerty Qwerty LName</arg>
<arg>Employee_Id=1234</arg>
<tag>smoke</tag>
<status status="PASS" start="2024-05-29T00:42:26.844019" elapsed="13.009164"/>
</kw>
<kw name="Close Browser Session" owner="GenericResources" type="TEARDOWN">
<kw name="Close Browser" owner="SeleniumLibrary">
<doc>Closes the current browser.</doc>
<status status="PASS" start="2024-05-29T00:42:39.859119" elapsed="7.203652"/>
</kw>
<status status="PASS" start="2024-05-29T00:42:39.857694" elapsed="7.205077"/>
</kw>
<status status="PASS" start="2024-05-29T00:41:34.800486" elapsed="72.263383"/>
</test>
<doc>Test for Employee List</doc>
<status status="PASS" start="2024-05-29T00:41:31.893916" elapsed="75.189285"/>
</suite>
<status status="PASS" start="2024-05-29T00:41:31.893916" elapsed="75.208164"/>
</suite>
<status status="PASS" start="2024-05-29T00:41:31.853745" elapsed="75.253634"/>
</suite>
<statistics>
<total>
<stat pass="1" fail="0" skip="0">All Tests</stat>
</total>
<tag>
</tag>
<suite>
<stat pass="1" fail="0" skip="0" id="s1" name="Team2 OrangeHRM">Team2 OrangeHRM</stat>
<stat pass="1" fail="0" skip="0" id="s1-s1" name="TestCases">Team2 OrangeHRM.TestCases</stat>
<stat pass="1" fail="0" skip="0" id="s1-s1-s1" name="Test EmployeeList">Team2 OrangeHRM.TestCases.Test EmployeeList</stat>
</suite>
</statistics>
<errors>
</errors>
</robot>
