<?xml version="1.0" encoding="UTF-8"?>
<robot generator="Robot 7.0 (Python 3.12.2 on win32)" generated="2024-05-28T01:09:46.649629" rpa="false" schemaversion="5">
<suite id="s1" name="TestCases" source="D:\Team2_OrangeHRM\TestCases">
<suite id="s1-s1" name="Test UserManagement1" source="D:\Team2_OrangeHRM\TestCases\Test_UserManagement1.robot">
<test id="s1-s1-t1" name="Search the Users" line="13">
<kw name="Open the Browser with URL" owner="GenericResources" type="SETUP">
<kw name="Create Webdriver" owner="SeleniumLibrary">
<msg time="2024-05-28T01:09:47.228836" level="INFO">Creating an instance of the Chrome WebDriver.</msg>
<arg>Chrome</arg>
<doc>Creates an instance of Selenium WebDriver.</doc>
<status status="PASS" start="2024-05-28T01:09:47.227349" elapsed="2.273295"/>
</kw>
<kw name="Go To" owner="SeleniumLibrary">
<msg time="2024-05-28T01:09:49.500644" level="INFO">Opening url 'https://opensource-demo.orangehrmlive.com/web/index.php/dashboard/index'</msg>
<arg>${url}</arg>
<doc>Navigates the current browser window to the provided ``url``.</doc>
<status status="PASS" start="2024-05-28T01:09:49.500644" elapsed="4.871027"/>
</kw>
<kw name="Maximize Browser Window" owner="SeleniumLibrary">
<doc>Maximizes current browser window.</doc>
<status status="PASS" start="2024-05-28T01:09:54.371671" elapsed="0.479640"/>
</kw>
<kw name="Set Selenium Implicit Wait" owner="SeleniumLibrary">
<arg>5</arg>
<doc>Sets the implicit wait value used by Selenium.</doc>
<status status="PASS" start="2024-05-28T01:09:54.853239" elapsed="0.009125"/>
</kw>
<status status="PASS" start="2024-05-28T01:09:47.223101" elapsed="7.639263"/>
</kw>
<kw name="Fill Partially the fields and click Search button">
<msg time="2024-05-28T01:09:54.862364" level="FAIL">Variable '${Username}' not found.</msg>
<arg>${Username}</arg>
<status status="FAIL" start="2024-05-28T01:09:54.862364" elapsed="0.000000">Variable '${Username}' not found.</status>
</kw>
<kw name="Close the Browser" owner="GenericResources" type="TEARDOWN">
<kw name="Close Browser" owner="SeleniumLibrary">
<doc>Closes the current browser.</doc>
<status status="PASS" start="2024-05-28T01:09:54.862364" elapsed="2.770667"/>
</kw>
<status status="PASS" start="2024-05-28T01:09:54.862364" elapsed="2.770667"/>
</kw>
<status status="FAIL" start="2024-05-28T01:09:47.223101" elapsed="10.409930">Variable '${Username}' not found.</status>
</test>
<doc>Verify the User Management feature of the Admin</doc>
<status status="FAIL" start="2024-05-28T01:09:46.708018" elapsed="10.926726"/>
</suite>
<status status="FAIL" start="2024-05-28T01:09:46.681880" elapsed="10.954317"/>
</suite>
<statistics>
<total>
<stat pass="0" fail="1" skip="0">All Tests</stat>
</total>
<tag>
</tag>
<suite>
<stat pass="0" fail="1" skip="0" id="s1" name="TestCases">TestCases</stat>
<stat pass="0" fail="1" skip="0" id="s1-s1" name="Test UserManagement1">TestCases.Test UserManagement1</stat>
</suite>
</statistics>
<errors>
<msg time="2024-05-28T01:09:47.100644" level="ERROR">Error in file 'D:\Team2_OrangeHRM\TestCases\Test_UserManagement1.robot' on line 8: Resource file '..\Resources\AdminResource.robot' does not exist.</msg>
<msg time="2024-05-28T01:09:47.116518" level="ERROR">[ DataDriver ] Error in robot file:
  File "D:\Team2_OrangeHRM\TestCases\Test_UserManagement1.robot", line 0</msg>
<msg time="2024-05-28T01:09:47.116518" level="ERROR">In source file:
  File "../TestData/Name.csv", line 3</msg>
<msg time="2024-05-28T01:09:47.221868" level="ERROR">Calling method '_start_suite' of listener 'DataDriver' failed: IndexError: list index out of range</msg>
</errors>
</robot>
