<?xml version="1.0" encoding="UTF-8"?>
<robot generator="Robot 7.0 (Python 3.12.2 on win32)" generated="2024-05-28T12:12:42.184550" rpa="false" schemaversion="5">
<suite id="s1" name="TestCases" source="F:\Git_Clone_Orange\Team2_OrangeHRM\TestCases">
<suite id="s1-s1" name="Test InvalidAddEmployee" source="F:\Git_Clone_Orange\Team2_OrangeHRM\TestCases\Test_InvalidAddEmployee.robot">
<test id="s1-s1-t1" name="Invalid details for Add Employee" line="13">
<kw name="Open the browser with url" owner="GenericResources" type="SETUP">
<kw name="Create Webdriver" owner="SeleniumLibrary">
<msg time="2024-05-28T12:12:44.394930" level="INFO">Creating an instance of the Chrome WebDriver.</msg>
<arg>${browser_name}</arg>
<doc>Creates an instance of Selenium WebDriver.</doc>
<status status="PASS" start="2024-05-28T12:12:44.394930" elapsed="2.423071"/>
</kw>
<kw name="Go To" owner="SeleniumLibrary">
<msg time="2024-05-28T12:12:46.818001" level="INFO">Opening url 'https://opensource-demo.orangehrmlive.com/web/index.php/auth/login'</msg>
<arg>${url}</arg>
<doc>Navigates the current browser window to the provided ``url``.</doc>
<status status="PASS" start="2024-05-28T12:12:46.818001" elapsed="0.783283"/>
</kw>
<kw name="Maximize Browser Window" owner="SeleniumLibrary">
<doc>Maximizes current browser window.</doc>
<status status="PASS" start="2024-05-28T12:12:47.601284" elapsed="3.206104"/>
</kw>
<kw name="Set Selenium Implicit Wait" owner="SeleniumLibrary">
<arg>5</arg>
<doc>Sets the implicit wait value used by Selenium.</doc>
<status status="PASS" start="2024-05-28T12:12:50.808409" elapsed="0.001127"/>
</kw>
<status status="PASS" start="2024-05-28T12:12:44.394930" elapsed="6.414606"/>
</kw>
<kw name="Invalid details for Add Employee">
<kw name="Fill the login form" owner="LoginResources">
<kw name="Input Text" owner="SeleniumLibrary">
<msg time="2024-05-28T12:12:50.811203" level="INFO">Typing text 'Admin' into text field 'xpath://input[@name='username']'.</msg>
<arg>xpath://input[@name='username']</arg>
<arg>${Username}</arg>
<doc>Types the given ``text`` into the text field identified by ``locator``.</doc>
<status status="PASS" start="2024-05-28T12:12:50.811203" elapsed="0.591308"/>
</kw>
<kw name="Input Password" owner="SeleniumLibrary">
<msg time="2024-05-28T12:12:51.402511" level="INFO">Typing password into text field 'xpath://input[@type='password']'.</msg>
<msg time="2024-05-28T12:12:51.465315" level="INFO">Temporally setting log level to: NONE</msg>
<arg>xpath://input[@type='password']</arg>
<arg>${Password}</arg>
<doc>Types the given password into the text field identified by ``locator``.</doc>
<status status="PASS" start="2024-05-28T12:12:51.402511" elapsed="0.159411"/>
</kw>
<kw name="Click Button" owner="SeleniumLibrary">
<msg time="2024-05-28T12:12:51.570059" level="INFO">Clicking button 'xpath://button[@type='submit']'.</msg>
<arg>xpath://button[@type='submit']</arg>
<doc>Clicks the button identified by ``locator``.</doc>
<status status="PASS" start="2024-05-28T12:12:51.561922" elapsed="1.355572"/>
</kw>
<arg>${username}</arg>
<arg>${password}</arg>
<status status="PASS" start="2024-05-28T12:12:50.811203" elapsed="2.106291"/>
</kw>
<kw name="Set Selenium Implicit Wait" owner="SeleniumLibrary">
<arg>5</arg>
<doc>Sets the implicit wait value used by Selenium.</doc>
<status status="PASS" start="2024-05-28T12:12:52.918888" elapsed="0.000000"/>
</kw>
<kw name="Click on PIM Button" owner="PIMResources">
<kw name="Set Selenium Implicit Wait" owner="SeleniumLibrary">
<arg>5</arg>
<doc>Sets the implicit wait value used by Selenium.</doc>
<status status="PASS" start="2024-05-28T12:12:52.922402" elapsed="0.005272"/>
</kw>
<kw name="Click Element" owner="SeleniumLibrary">
<msg time="2024-05-28T12:12:52.927674" level="INFO">Clicking element 'xpath:(//span[@class="oxd-text oxd-text--span oxd-main-menu-item--name"])[2]'.</msg>
<arg>${PIM_button}</arg>
<doc>Click the element identified by ``locator``.</doc>
<status status="PASS" start="2024-05-28T12:12:52.927674" elapsed="2.218889"/>
</kw>
<status status="PASS" start="2024-05-28T12:12:52.918888" elapsed="2.229371"/>
</kw>
<kw name="click on add_employee" owner="PIMResources">
<kw name="Click Element" owner="SeleniumLibrary">
<msg time="2024-05-28T12:12:55.148259" level="INFO">Clicking element 'xpath://a[text()='Add Employee']'.</msg>
<arg>${Add_employee}</arg>
<doc>Click the element identified by ``locator``.</doc>
<status status="PASS" start="2024-05-28T12:12:55.148259" elapsed="1.293870"/>
</kw>
<status status="PASS" start="2024-05-28T12:12:55.148259" elapsed="1.296129"/>
</kw>
<kw name="Fill the details to add employee" owner="PIMResources">
<kw name="Input Text" owner="SeleniumLibrary">
<msg time="2024-05-28T12:12:56.444388" level="INFO">Typing text '' into text field 'xpath://input[@name="firstName"]'.</msg>
<arg>${first_name}</arg>
<arg>${fname}</arg>
<doc>Types the given ``text`` into the text field identified by ``locator``.</doc>
<status status="PASS" start="2024-05-28T12:12:56.444388" elapsed="0.629313"/>
</kw>
<kw name="Input Text" owner="SeleniumLibrary">
<msg time="2024-05-28T12:12:57.073701" level="INFO">Typing text '' into text field 'xpath://input[@name="middleName"]'.</msg>
<arg>${middle_name}</arg>
<arg>${mname}</arg>
<doc>Types the given ``text`` into the text field identified by ``locator``.</doc>
<status status="PASS" start="2024-05-28T12:12:57.073701" elapsed="0.115019"/>
</kw>
<kw name="Input Text" owner="SeleniumLibrary">
<msg time="2024-05-28T12:12:57.188720" level="INFO">Typing text 'aac' into text field 'xpath://input[@name="lastName"]'.</msg>
<arg>${last_name}</arg>
<arg>${lname}</arg>
<doc>Types the given ``text`` into the text field identified by ``locator``.</doc>
<status status="PASS" start="2024-05-28T12:12:57.188720" elapsed="0.108383"/>
</kw>
<arg>${invalid_fname}</arg>
<arg>${invalid_mname}</arg>
<arg>${invalid_lname}</arg>
<status status="PASS" start="2024-05-28T12:12:56.444388" elapsed="0.852715"/>
</kw>
<kw name="Wait Until Element Is Visible" owner="SeleniumLibrary">
<arg>${save_btn}</arg>
<arg>4s</arg>
<doc>Waits until the element ``locator`` is visible.</doc>
<status status="PASS" start="2024-05-28T12:12:57.298181" elapsed="0.029851"/>
</kw>
<kw name="click on save button for invalid" owner="PIMResources">
<kw name="Click Button" owner="SeleniumLibrary">
<msg time="2024-05-28T12:12:57.330040" level="INFO">Clicking button 'xpath://button[@type="submit"]'.</msg>
<arg>${save_btn}</arg>
<doc>Clicks the button identified by ``locator``.</doc>
<status status="PASS" start="2024-05-28T12:12:57.328032" elapsed="0.081409"/>
</kw>
<kw name="Element Should Be Visible" owner="SeleniumLibrary">
<msg time="2024-05-28T12:12:58.335561" level="INFO">Element 'xpath://span[@class="oxd-text oxd-text--span oxd-input-field-error-message oxd-input-group__message"]' is displayed.</msg>
<arg>${error_message}</arg>
<doc>Verifies that the element identified by ``locator`` is visible.</doc>
<status status="PASS" start="2024-05-28T12:12:57.409441" elapsed="0.926120"/>
</kw>
<status status="PASS" start="2024-05-28T12:12:57.328032" elapsed="1.007529"/>
</kw>
<kw name="Wait Until Element Is Visible" owner="SeleniumLibrary">
<arg>${save_btn}</arg>
<arg>5s</arg>
<doc>Waits until the element ``locator`` is visible.</doc>
<status status="PASS" start="2024-05-28T12:12:58.336662" elapsed="0.050766"/>
</kw>
<kw name="check for invalid message for report" owner="PIMResources">
<kw name="Element Should Be Visible" owner="SeleniumLibrary">
<msg time="2024-05-28T12:12:58.442595" level="INFO">Element 'xpath://span[@class="oxd-text oxd-text--span oxd-input-field-error-message oxd-input-group__message"]' is displayed.</msg>
<arg>${error_message}</arg>
<doc>Verifies that the element identified by ``locator`` is visible.</doc>
<status status="PASS" start="2024-05-28T12:12:58.387428" elapsed="0.055167"/>
</kw>
<status status="PASS" start="2024-05-28T12:12:58.387428" elapsed="0.055167"/>
</kw>
<arg>invalid_fname=</arg>
<arg>invalid_mname=</arg>
<arg>invalid_lname=aac</arg>
<tag>UAT</tag>
<status status="PASS" start="2024-05-28T12:12:50.811203" elapsed="7.631392"/>
</kw>
<kw name="Close Browser Session" owner="GenericResources" type="TEARDOWN">
<kw name="Close Browser" owner="SeleniumLibrary">
<doc>Closes the current browser.</doc>
<status status="PASS" start="2024-05-28T12:12:58.442595" elapsed="2.545004"/>
</kw>
<status status="PASS" start="2024-05-28T12:12:58.442595" elapsed="2.546357"/>
</kw>
<status status="PASS" start="2024-05-28T12:12:44.389397" elapsed="16.599555"/>
</test>
<test id="s1-s1-t2" name="Invalid details for Add Employee" line="13">
<kw name="Open the browser with url" owner="GenericResources" type="SETUP">
<kw name="Create Webdriver" owner="SeleniumLibrary">
<msg time="2024-05-28T12:13:00.988952" level="INFO">Creating an instance of the Chrome WebDriver.</msg>
<arg>${browser_name}</arg>
<doc>Creates an instance of Selenium WebDriver.</doc>
<status status="PASS" start="2024-05-28T12:13:00.988952" elapsed="2.622306"/>
</kw>
<kw name="Go To" owner="SeleniumLibrary">
<msg time="2024-05-28T12:13:03.612294" level="INFO">Opening url 'https://opensource-demo.orangehrmlive.com/web/index.php/auth/login'</msg>
<arg>${url}</arg>
<doc>Navigates the current browser window to the provided ``url``.</doc>
<status status="PASS" start="2024-05-28T12:13:03.612294" elapsed="4.436941"/>
</kw>
<kw name="Maximize Browser Window" owner="SeleniumLibrary">
<doc>Maximizes current browser window.</doc>
<status status="PASS" start="2024-05-28T12:13:08.050745" elapsed="0.284799"/>
</kw>
<kw name="Set Selenium Implicit Wait" owner="SeleniumLibrary">
<arg>5</arg>
<doc>Sets the implicit wait value used by Selenium.</doc>
<status status="PASS" start="2024-05-28T12:13:08.335544" elapsed="0.005277"/>
</kw>
<status status="PASS" start="2024-05-28T12:13:00.988952" elapsed="7.351869"/>
</kw>
<kw name="Invalid details for Add Employee">
<kw name="Fill the login form" owner="LoginResources">
<kw name="Input Text" owner="SeleniumLibrary">
<msg time="2024-05-28T12:13:08.347152" level="INFO">Typing text 'Admin' into text field 'xpath://input[@name='username']'.</msg>
<arg>xpath://input[@name='username']</arg>
<arg>${Username}</arg>
<doc>Types the given ``text`` into the text field identified by ``locator``.</doc>
<status status="PASS" start="2024-05-28T12:13:08.343633" elapsed="1.274842"/>
</kw>
<kw name="Input Password" owner="SeleniumLibrary">
<msg time="2024-05-28T12:13:09.619701" level="INFO">Typing password into text field 'xpath://input[@type='password']'.</msg>
<msg time="2024-05-28T12:13:09.878053" level="INFO">Temporally setting log level to: NONE</msg>
<arg>xpath://input[@type='password']</arg>
<arg>${Password}</arg>
<doc>Types the given password into the text field identified by ``locator``.</doc>
<status status="PASS" start="2024-05-28T12:13:09.619701" elapsed="1.308668"/>
</kw>
<kw name="Click Button" owner="SeleniumLibrary">
<msg time="2024-05-28T12:13:10.930315" level="INFO">Clicking button 'xpath://button[@type='submit']'.</msg>
<arg>xpath://button[@type='submit']</arg>
<doc>Clicks the button identified by ``locator``.</doc>
<status status="PASS" start="2024-05-28T12:13:10.930315" elapsed="1.430957"/>
</kw>
<arg>${username}</arg>
<arg>${password}</arg>
<status status="PASS" start="2024-05-28T12:13:08.343633" elapsed="4.019014"/>
</kw>
<kw name="Set Selenium Implicit Wait" owner="SeleniumLibrary">
<arg>5</arg>
<doc>Sets the implicit wait value used by Selenium.</doc>
<status status="PASS" start="2024-05-28T12:13:12.362647" elapsed="0.002563"/>
</kw>
<kw name="Click on PIM Button" owner="PIMResources">
<kw name="Set Selenium Implicit Wait" owner="SeleniumLibrary">
<arg>5</arg>
<doc>Sets the implicit wait value used by Selenium.</doc>
<status status="PASS" start="2024-05-28T12:13:12.369771" elapsed="0.003679"/>
</kw>
<kw name="Click Element" owner="SeleniumLibrary">
<msg time="2024-05-28T12:13:12.373450" level="INFO">Clicking element 'xpath:(//span[@class="oxd-text oxd-text--span oxd-main-menu-item--name"])[2]'.</msg>
<arg>${PIM_button}</arg>
<doc>Click the element identified by ``locator``.</doc>
<status status="PASS" start="2024-05-28T12:13:12.373450" elapsed="2.127048"/>
</kw>
<status status="PASS" start="2024-05-28T12:13:12.365210" elapsed="2.136667"/>
</kw>
<kw name="click on add_employee" owner="PIMResources">
<kw name="Click Element" owner="SeleniumLibrary">
<msg time="2024-05-28T12:13:14.501877" level="INFO">Clicking element 'xpath://a[text()='Add Employee']'.</msg>
<arg>${Add_employee}</arg>
<doc>Click the element identified by ``locator``.</doc>
<status status="PASS" start="2024-05-28T12:13:14.501877" elapsed="1.591435"/>
</kw>
<status status="PASS" start="2024-05-28T12:13:14.501877" elapsed="1.591435"/>
</kw>
<kw name="Fill the details to add employee" owner="PIMResources">
<kw name="Input Text" owner="SeleniumLibrary">
<msg time="2024-05-28T12:13:16.094853" level="INFO">Typing text '' into text field 'xpath://input[@name="firstName"]'.</msg>
<arg>${first_name}</arg>
<arg>${fname}</arg>
<doc>Types the given ``text`` into the text field identified by ``locator``.</doc>
<status status="PASS" start="2024-05-28T12:13:16.094853" elapsed="1.935659"/>
</kw>
<kw name="Input Text" owner="SeleniumLibrary">
<msg time="2024-05-28T12:13:18.031742" level="INFO">Typing text '' into text field 'xpath://input[@name="middleName"]'.</msg>
<arg>${middle_name}</arg>
<arg>${mname}</arg>
<doc>Types the given ``text`` into the text field identified by ``locator``.</doc>
<status status="PASS" start="2024-05-28T12:13:18.031742" elapsed="0.246347"/>
</kw>
<kw name="Input Text" owner="SeleniumLibrary">
<msg time="2024-05-28T12:13:18.278089" level="INFO">Typing text '' into text field 'xpath://input[@name="lastName"]'.</msg>
<arg>${last_name}</arg>
<arg>${lname}</arg>
<doc>Types the given ``text`` into the text field identified by ``locator``.</doc>
<status status="PASS" start="2024-05-28T12:13:18.278089" elapsed="0.133887"/>
</kw>
<arg>${invalid_fname}</arg>
<arg>${invalid_mname}</arg>
<arg>${invalid_lname}</arg>
<status status="PASS" start="2024-05-28T12:13:16.094332" elapsed="2.319406"/>
</kw>
<kw name="Wait Until Element Is Visible" owner="SeleniumLibrary">
<arg>${save_btn}</arg>
<arg>4s</arg>
<doc>Waits until the element ``locator`` is visible.</doc>
<status status="PASS" start="2024-05-28T12:13:18.413738" elapsed="0.038072"/>
</kw>
<kw name="click on save button for invalid" owner="PIMResources">
<kw name="Click Button" owner="SeleniumLibrary">
<msg time="2024-05-28T12:13:18.451810" level="INFO">Clicking button 'xpath://button[@type="submit"]'.</msg>
<arg>${save_btn}</arg>
<doc>Clicks the button identified by ``locator``.</doc>
<status status="PASS" start="2024-05-28T12:13:18.451810" elapsed="1.421854"/>
</kw>
<kw name="Element Should Be Visible" owner="SeleniumLibrary">
<msg time="2024-05-28T12:13:21.078743" level="INFO">Element 'xpath://span[@class="oxd-text oxd-text--span oxd-input-field-error-message oxd-input-group__message"]' is displayed.</msg>
<arg>${error_message}</arg>
<doc>Verifies that the element identified by ``locator`` is visible.</doc>
<status status="PASS" start="2024-05-28T12:13:19.873664" elapsed="1.205079"/>
</kw>
<status status="PASS" start="2024-05-28T12:13:18.451810" elapsed="2.627968"/>
</kw>
<kw name="Wait Until Element Is Visible" owner="SeleniumLibrary">
<arg>${save_btn}</arg>
<arg>5s</arg>
<doc>Waits until the element ``locator`` is visible.</doc>
<status status="PASS" start="2024-05-28T12:13:21.079778" elapsed="0.027683"/>
</kw>
<kw name="check for invalid message for report" owner="PIMResources">
<kw name="Element Should Be Visible" owner="SeleniumLibrary">
<msg time="2024-05-28T12:13:21.356567" level="INFO">Element 'xpath://span[@class="oxd-text oxd-text--span oxd-input-field-error-message oxd-input-group__message"]' is displayed.</msg>
<arg>${error_message}</arg>
<doc>Verifies that the element identified by ``locator`` is visible.</doc>
<status status="PASS" start="2024-05-28T12:13:21.110003" elapsed="0.246564"/>
</kw>
<status status="PASS" start="2024-05-28T12:13:21.110003" elapsed="0.246564"/>
</kw>
<arg>invalid_fname=</arg>
<arg>invalid_mname=</arg>
<arg>invalid_lname=</arg>
<tag>UAT</tag>
<status status="PASS" start="2024-05-28T12:13:08.343633" elapsed="13.013981"/>
</kw>
<kw name="Close Browser Session" owner="GenericResources" type="TEARDOWN">
<kw name="Close Browser" owner="SeleniumLibrary">
<doc>Closes the current browser.</doc>
<status status="PASS" start="2024-05-28T12:13:21.358632" elapsed="3.977642"/>
</kw>
<status status="PASS" start="2024-05-28T12:13:21.358632" elapsed="3.977642"/>
</kw>
<status status="PASS" start="2024-05-28T12:13:00.988952" elapsed="24.347322"/>
</test>
<test id="s1-s1-t3" name="Invalid details for Add Employee" line="13">
<kw name="Open the browser with url" owner="GenericResources" type="SETUP">
<kw name="Create Webdriver" owner="SeleniumLibrary">
<msg time="2024-05-28T12:13:25.341260" level="INFO">Creating an instance of the Chrome WebDriver.</msg>
<arg>${browser_name}</arg>
<doc>Creates an instance of Selenium WebDriver.</doc>
<status status="PASS" start="2024-05-28T12:13:25.341260" elapsed="3.966081"/>
</kw>
<kw name="Go To" owner="SeleniumLibrary">
<msg time="2024-05-28T12:13:29.307341" level="INFO">Opening url 'https://opensource-demo.orangehrmlive.com/web/index.php/auth/login'</msg>
<arg>${url}</arg>
<doc>Navigates the current browser window to the provided ``url``.</doc>
<status status="PASS" start="2024-05-28T12:13:29.307341" elapsed="4.963047"/>
</kw>
<kw name="Maximize Browser Window" owner="SeleniumLibrary">
<doc>Maximizes current browser window.</doc>
<status status="PASS" start="2024-05-28T12:13:34.270388" elapsed="0.131718"/>
</kw>
<kw name="Set Selenium Implicit Wait" owner="SeleniumLibrary">
<arg>5</arg>
<doc>Sets the implicit wait value used by Selenium.</doc>
<status status="PASS" start="2024-05-28T12:13:34.403305" elapsed="0.000000"/>
</kw>
<status status="PASS" start="2024-05-28T12:13:25.341260" elapsed="9.062045"/>
</kw>
<kw name="Invalid details for Add Employee">
<kw name="Fill the login form" owner="LoginResources">
<kw name="Input Text" owner="SeleniumLibrary">
<msg time="2024-05-28T12:13:34.403305" level="INFO">Typing text 'Admin' into text field 'xpath://input[@name='username']'.</msg>
<arg>xpath://input[@name='username']</arg>
<arg>${Username}</arg>
<doc>Types the given ``text`` into the text field identified by ``locator``.</doc>
<status status="PASS" start="2024-05-28T12:13:34.403305" elapsed="0.768555"/>
</kw>
<kw name="Input Password" owner="SeleniumLibrary">
<msg time="2024-05-28T12:13:35.171860" level="INFO">Typing password into text field 'xpath://input[@type='password']'.</msg>
<msg time="2024-05-28T12:13:35.235289" level="INFO">Temporally setting log level to: NONE</msg>
<arg>xpath://input[@type='password']</arg>
<arg>${Password}</arg>
<doc>Types the given password into the text field identified by ``locator``.</doc>
<status status="PASS" start="2024-05-28T12:13:35.171860" elapsed="0.217732"/>
</kw>
<kw name="Click Button" owner="SeleniumLibrary">
<msg time="2024-05-28T12:13:35.389592" level="INFO">Clicking button 'xpath://button[@type='submit']'.</msg>
<arg>xpath://button[@type='submit']</arg>
<doc>Clicks the button identified by ``locator``.</doc>
<status status="PASS" start="2024-05-28T12:13:35.389592" elapsed="1.967723"/>
</kw>
<arg>${username}</arg>
<arg>${password}</arg>
<status status="PASS" start="2024-05-28T12:13:34.403305" elapsed="2.954010"/>
</kw>
<kw name="Set Selenium Implicit Wait" owner="SeleniumLibrary">
<arg>5</arg>
<doc>Sets the implicit wait value used by Selenium.</doc>
<status status="PASS" start="2024-05-28T12:13:37.359677" elapsed="0.004730"/>
</kw>
<kw name="Click on PIM Button" owner="PIMResources">
<kw name="Set Selenium Implicit Wait" owner="SeleniumLibrary">
<arg>5</arg>
<doc>Sets the implicit wait value used by Selenium.</doc>
<status status="PASS" start="2024-05-28T12:13:37.365428" elapsed="0.004135"/>
</kw>
<kw name="Click Element" owner="SeleniumLibrary">
<msg time="2024-05-28T12:13:37.369563" level="INFO">Clicking element 'xpath:(//span[@class="oxd-text oxd-text--span oxd-main-menu-item--name"])[2]'.</msg>
<arg>${PIM_button}</arg>
<doc>Click the element identified by ``locator``.</doc>
<status status="PASS" start="2024-05-28T12:13:37.369563" elapsed="1.644393"/>
</kw>
<status status="PASS" start="2024-05-28T12:13:37.365428" elapsed="1.648528"/>
</kw>
<kw name="click on add_employee" owner="PIMResources">
<kw name="Click Element" owner="SeleniumLibrary">
<msg time="2024-05-28T12:13:39.013956" level="INFO">Clicking element 'xpath://a[text()='Add Employee']'.</msg>
<arg>${Add_employee}</arg>
<doc>Click the element identified by ``locator``.</doc>
<status status="PASS" start="2024-05-28T12:13:39.013956" elapsed="1.156304"/>
</kw>
<status status="PASS" start="2024-05-28T12:13:39.013956" elapsed="1.156304"/>
</kw>
<kw name="Fill the details to add employee" owner="PIMResources">
<kw name="Input Text" owner="SeleniumLibrary">
<msg time="2024-05-28T12:13:40.170260" level="INFO">Typing text 'abc' into text field 'xpath://input[@name="firstName"]'.</msg>
<arg>${first_name}</arg>
<arg>${fname}</arg>
<doc>Types the given ``text`` into the text field identified by ``locator``.</doc>
<status status="PASS" start="2024-05-28T12:13:40.170260" elapsed="0.535706"/>
</kw>
<kw name="Input Text" owner="SeleniumLibrary">
<msg time="2024-05-28T12:13:40.707117" level="INFO">Typing text '' into text field 'xpath://input[@name="middleName"]'.</msg>
<arg>${middle_name}</arg>
<arg>${mname}</arg>
<doc>Types the given ``text`` into the text field identified by ``locator``.</doc>
<status status="PASS" start="2024-05-28T12:13:40.705966" elapsed="0.097440"/>
</kw>
<kw name="Input Text" owner="SeleniumLibrary">
<msg time="2024-05-28T12:13:40.805414" level="INFO">Typing text '' into text field 'xpath://input[@name="lastName"]'.</msg>
<arg>${last_name}</arg>
<arg>${lname}</arg>
<doc>Types the given ``text`` into the text field identified by ``locator``.</doc>
<status status="PASS" start="2024-05-28T12:13:40.805414" elapsed="0.267846"/>
</kw>
<arg>${invalid_fname}</arg>
<arg>${invalid_mname}</arg>
<arg>${invalid_lname}</arg>
<status status="PASS" start="2024-05-28T12:13:40.170260" elapsed="0.904786"/>
</kw>
<kw name="Wait Until Element Is Visible" owner="SeleniumLibrary">
<arg>${save_btn}</arg>
<arg>4s</arg>
<doc>Waits until the element ``locator`` is visible.</doc>
<status status="PASS" start="2024-05-28T12:13:41.075046" elapsed="0.026834"/>
</kw>
<kw name="click on save button for invalid" owner="PIMResources">
<kw name="Click Button" owner="SeleniumLibrary">
<msg time="2024-05-28T12:13:41.107668" level="INFO">Clicking button 'xpath://button[@type="submit"]'.</msg>
<arg>${save_btn}</arg>
<doc>Clicks the button identified by ``locator``.</doc>
<status status="PASS" start="2024-05-28T12:13:41.107668" elapsed="0.152786"/>
</kw>
<kw name="Element Should Be Visible" owner="SeleniumLibrary">
<msg time="2024-05-28T12:13:42.363409" level="INFO">Element 'xpath://span[@class="oxd-text oxd-text--span oxd-input-field-error-message oxd-input-group__message"]' is displayed.</msg>
<arg>${error_message}</arg>
<doc>Verifies that the element identified by ``locator`` is visible.</doc>
<status status="PASS" start="2024-05-28T12:13:41.260454" elapsed="1.102955"/>
</kw>
<status status="PASS" start="2024-05-28T12:13:41.106389" elapsed="1.257020"/>
</kw>
<kw name="Wait Until Element Is Visible" owner="SeleniumLibrary">
<arg>${save_btn}</arg>
<arg>5s</arg>
<doc>Waits until the element ``locator`` is visible.</doc>
<status status="PASS" start="2024-05-28T12:13:42.363409" elapsed="0.113992"/>
</kw>
<kw name="check for invalid message for report" owner="PIMResources">
<kw name="Element Should Be Visible" owner="SeleniumLibrary">
<msg time="2024-05-28T12:13:42.503360" level="INFO">Element 'xpath://span[@class="oxd-text oxd-text--span oxd-input-field-error-message oxd-input-group__message"]' is displayed.</msg>
<arg>${error_message}</arg>
<doc>Verifies that the element identified by ``locator`` is visible.</doc>
<status status="PASS" start="2024-05-28T12:13:42.478804" elapsed="0.024556"/>
</kw>
<status status="PASS" start="2024-05-28T12:13:42.477401" elapsed="0.025959"/>
</kw>
<arg>invalid_fname=abc</arg>
<arg>invalid_mname=</arg>
<arg>invalid_lname=</arg>
<tag>UAT</tag>
<status status="PASS" start="2024-05-28T12:13:34.403305" elapsed="8.100055"/>
</kw>
<kw name="Close Browser Session" owner="GenericResources" type="TEARDOWN">
<kw name="Close Browser" owner="SeleniumLibrary">
<doc>Closes the current browser.</doc>
<status status="PASS" start="2024-05-28T12:13:42.505693" elapsed="2.916521"/>
</kw>
<status status="PASS" start="2024-05-28T12:13:42.503360" elapsed="2.918854"/>
</kw>
<status status="PASS" start="2024-05-28T12:13:25.341260" elapsed="20.080954"/>
</test>
<doc>Test to add new Employee with invalid details</doc>
<status status="PASS" start="2024-05-28T12:12:42.313053" elapsed="63.110254"/>
</suite>
<status status="PASS" start="2024-05-28T12:12:42.261377" elapsed="63.163248"/>
</suite>
<statistics>
<total>
<stat pass="3" fail="0" skip="0">All Tests</stat>
</total>
<tag>
</tag>
<suite>
<stat pass="3" fail="0" skip="0" id="s1" name="TestCases">TestCases</stat>
<stat pass="3" fail="0" skip="0" id="s1-s1" name="Test InvalidAddEmployee">TestCases.Test InvalidAddEmployee</stat>
</suite>
</statistics>
<errors>
<msg time="2024-05-28T12:13:00.988952" level="WARN">Multiple tests with name 'Invalid details for Add Employee' executed in suite 'TestCases.Test InvalidAddEmployee'.</msg>
<msg time="2024-05-28T12:13:25.341260" level="WARN">Multiple tests with name 'Invalid details for Add Employee' executed in suite 'TestCases.Test InvalidAddEmployee'.</msg>
</errors>
</robot>
