<?xml version="1.0" encoding="UTF-8"?>
<robot generator="Robot 7.0 (Python 3.12.2 on win32)" generated="2024-05-28T12:15:22.995272" rpa="false" schemaversion="5">
<suite id="s1" name="TestCases" source="F:\Git_Clone_Orange\Team2_OrangeHRM\TestCases">
<suite id="s1-s1" name="Test UserManagement" source="F:\Git_Clone_Orange\Team2_OrangeHRM\TestCases\Test_UserManagement.robot">
<test id="s1-s1-t1" name="Search the Users" line="13">
<kw name="Open the browser with url" owner="GenericResources" type="SETUP">
<kw name="Create Webdriver" owner="SeleniumLibrary">
<msg time="2024-05-28T12:15:25.580618" level="INFO">Creating an instance of the Chrome WebDriver.</msg>
<arg>${browser_name}</arg>
<doc>Creates an instance of Selenium WebDriver.</doc>
<status status="PASS" start="2024-05-28T12:15:25.580618" elapsed="2.484722"/>
</kw>
<kw name="Go To" owner="SeleniumLibrary">
<msg time="2024-05-28T12:15:28.065340" level="INFO">Opening url 'https://opensource-demo.orangehrmlive.com/web/index.php/auth/login'</msg>
<arg>${url}</arg>
<doc>Navigates the current browser window to the provided ``url``.</doc>
<status status="PASS" start="2024-05-28T12:15:28.065340" elapsed="4.512485"/>
</kw>
<kw name="Maximize Browser Window" owner="SeleniumLibrary">
<doc>Maximizes current browser window.</doc>
<status status="PASS" start="2024-05-28T12:15:32.577825" elapsed="0.134611"/>
</kw>
<kw name="Set Selenium Implicit Wait" owner="SeleniumLibrary">
<arg>5</arg>
<doc>Sets the implicit wait value used by Selenium.</doc>
<status status="PASS" start="2024-05-28T12:15:32.713705" elapsed="0.009891"/>
</kw>
<status status="PASS" start="2024-05-28T12:15:25.580618" elapsed="7.145156"/>
</kw>
<kw name="Fill all the fields and click Search button">
<kw name="Fill the login form" owner="LoginResources">
<kw name="Input Text" owner="SeleniumLibrary">
<msg time="2024-05-28T12:15:32.725774" level="INFO">Typing text 'Admin' into text field 'xpath://input[@name='username']'.</msg>
<arg>xpath://input[@name='username']</arg>
<arg>${Username}</arg>
<doc>Types the given ``text`` into the text field identified by ``locator``.</doc>
<status status="PASS" start="2024-05-28T12:15:32.725774" elapsed="1.551847"/>
</kw>
<kw name="Input Password" owner="SeleniumLibrary">
<msg time="2024-05-28T12:15:34.277621" level="INFO">Typing password into text field 'xpath://input[@type='password']'.</msg>
<msg time="2024-05-28T12:15:34.690636" level="INFO">Temporally setting log level to: NONE</msg>
<arg>xpath://input[@type='password']</arg>
<arg>${Password}</arg>
<doc>Types the given password into the text field identified by ``locator``.</doc>
<status status="PASS" start="2024-05-28T12:15:34.277621" elapsed="0.516185"/>
</kw>
<kw name="Click Button" owner="SeleniumLibrary">
<msg time="2024-05-28T12:15:34.793806" level="INFO">Clicking button 'xpath://button[@type='submit']'.</msg>
<arg>xpath://button[@type='submit']</arg>
<doc>Clicks the button identified by ``locator``.</doc>
<status status="PASS" start="2024-05-28T12:15:34.793806" elapsed="1.357589"/>
</kw>
<arg>Admin</arg>
<arg>admin123</arg>
<status status="PASS" start="2024-05-28T12:15:32.725774" elapsed="3.425621"/>
</kw>
<kw name="Click the Admin button" owner="GenericResources">
<kw name="Click Element" owner="SeleniumLibrary">
<msg time="2024-05-28T12:15:36.156674" level="INFO">Clicking element 'css:a[href="/web/index.php/admin/viewAdminModule"]'.</msg>
<arg>${admin}</arg>
<doc>Click the element identified by ``locator``.</doc>
<status status="PASS" start="2024-05-28T12:15:36.156674" elapsed="2.247731"/>
</kw>
<status status="PASS" start="2024-05-28T12:15:36.156674" elapsed="2.247731"/>
</kw>
<kw name="Click the user management" owner="User">
<kw name="Wait Until Element Is Visible" owner="SeleniumLibrary">
<msg time="2024-05-28T12:15:43.985929" level="INFO" html="true">&lt;/td&gt;&lt;/tr&gt;&lt;tr&gt;&lt;td colspan="3"&gt;&lt;a href="selenium-screenshot-1.png"&gt;&lt;img src="selenium-screenshot-1.png" width="800px"&gt;&lt;/a&gt;</msg>
<msg time="2024-05-28T12:15:43.987439" level="FAIL">Element 'xpath=(//div[@class='oxd-topbar-body toggled']//span)[1]' not visible after 5 seconds.</msg>
<arg>${user_management}</arg>
<doc>Waits until the element ``locator`` is visible.</doc>
<status status="FAIL" start="2024-05-28T12:15:38.407744" elapsed="5.580713">Element 'xpath=(//div[@class='oxd-topbar-body toggled']//span)[1]' not visible after 5 seconds.</status>
</kw>
<kw name="Click Element" owner="SeleniumLibrary">
<arg>${user_management}</arg>
<doc>Click the element identified by ``locator``.</doc>
<status status="NOT RUN" start="2024-05-28T12:15:43.990741" elapsed="0.000000"/>
</kw>
<status status="FAIL" start="2024-05-28T12:15:38.404405" elapsed="5.586336">Element 'xpath=(//div[@class='oxd-topbar-body toggled']//span)[1]' not visible after 5 seconds.</status>
</kw>
<kw name="Click the users" owner="User">
<status status="NOT RUN" start="2024-05-28T12:15:43.990741" elapsed="0.000000"/>
</kw>
<if>
<branch type="IF" condition="'${Condition}' == 'Valid'">
<kw name="Enter the username" owner="User">
<arg>${user}</arg>
<status status="NOT RUN" start="2024-05-28T12:15:43.990741" elapsed="0.000000"/>
</kw>
<kw name="Select the ESS user role" owner="User">
<status status="NOT RUN" start="2024-05-28T12:15:43.990741" elapsed="0.000000"/>
</kw>
<kw name="Select the Status" owner="User">
<status status="NOT RUN" start="2024-05-28T12:15:43.993390" elapsed="0.000000"/>
</kw>
<kw name="Click the search button" owner="User">
<status status="NOT RUN" start="2024-05-28T12:15:43.993390" elapsed="0.000000"/>
</kw>
<kw name="Verify the Valid Search" owner="User">
<status status="NOT RUN" start="2024-05-28T12:15:43.993390" elapsed="0.000000"/>
</kw>
<status status="NOT RUN" start="2024-05-28T12:15:43.990741" elapsed="0.002649"/>
</branch>
<branch type="ELSE IF" condition="'${Condition}' == 'Partial'">
<kw name="Enter the username" owner="User">
<arg>${user}</arg>
<status status="NOT RUN" start="2024-05-28T12:15:43.993390" elapsed="0.000000"/>
</kw>
<kw name="Select the Status" owner="User">
<status status="NOT RUN" start="2024-05-28T12:15:43.993390" elapsed="0.000000"/>
</kw>
<kw name="Click the search button" owner="User">
<status status="NOT RUN" start="2024-05-28T12:15:43.993390" elapsed="0.000000"/>
</kw>
<kw name="Verify the Valid Search" owner="User">
<status status="NOT RUN" start="2024-05-28T12:15:43.993390" elapsed="0.000000"/>
</kw>
<status status="NOT RUN" start="2024-05-28T12:15:43.993390" elapsed="0.000000"/>
</branch>
<branch type="ELSE IF" condition="'${Condition}' == 'Invalid'">
<kw name="Enter the username" owner="User">
<arg>${user}</arg>
<status status="NOT RUN" start="2024-05-28T12:15:43.995898" elapsed="0.000000"/>
</kw>
<kw name="Select the Admin user role" owner="User">
<status status="NOT RUN" start="2024-05-28T12:15:43.995898" elapsed="0.000000"/>
</kw>
<kw name="Click the search button" owner="User">
<status status="NOT RUN" start="2024-05-28T12:15:43.995898" elapsed="0.000000"/>
</kw>
<kw name="Verify the Invalid Search" owner="User">
<status status="NOT RUN" start="2024-05-28T12:15:43.995898" elapsed="0.000000"/>
</kw>
<status status="NOT RUN" start="2024-05-28T12:15:43.995898" elapsed="0.000000"/>
</branch>
<status status="NOT RUN" start="2024-05-28T12:15:43.990741" elapsed="0.005157"/>
</if>
<arg>Condition=Valid</arg>
<arg>user=FMLName1</arg>
<arg>emp_name=FName Mname LName</arg>
<status status="FAIL" start="2024-05-28T12:15:32.725774" elapsed="11.270124">Element 'xpath=(//div[@class='oxd-topbar-body toggled']//span)[1]' not visible after 5 seconds.</status>
</kw>
<kw name="Close Browser Session" owner="GenericResources" type="TEARDOWN">
<kw name="Close Browser" owner="SeleniumLibrary">
<doc>Closes the current browser.</doc>
<status status="PASS" start="2024-05-28T12:15:43.995898" elapsed="4.283569"/>
</kw>
<status status="PASS" start="2024-05-28T12:15:43.995898" elapsed="4.283569"/>
</kw>
<doc>Search the Users with valid and invalid cases</doc>
<tag>Smoke</tag>
<status status="FAIL" start="2024-05-28T12:15:25.578082" elapsed="22.701385">Element 'xpath=(//div[@class='oxd-topbar-body toggled']//span)[1]' not visible after 5 seconds.</status>
</test>
<test id="s1-s1-t2" name="Search the Users" line="13">
<kw name="Open the browser with url" owner="GenericResources" type="SETUP">
<kw name="Create Webdriver" owner="SeleniumLibrary">
<msg time="2024-05-28T12:15:48.284762" level="INFO">Creating an instance of the Chrome WebDriver.</msg>
<arg>${browser_name}</arg>
<doc>Creates an instance of Selenium WebDriver.</doc>
<status status="PASS" start="2024-05-28T12:15:48.284762" elapsed="3.774761"/>
</kw>
<kw name="Go To" owner="SeleniumLibrary">
<msg time="2024-05-28T12:15:52.061540" level="INFO">Opening url 'https://opensource-demo.orangehrmlive.com/web/index.php/auth/login'</msg>
<arg>${url}</arg>
<doc>Navigates the current browser window to the provided ``url``.</doc>
<status status="PASS" start="2024-05-28T12:15:52.059523" elapsed="5.846205"/>
</kw>
<kw name="Maximize Browser Window" owner="SeleniumLibrary">
<doc>Maximizes current browser window.</doc>
<status status="PASS" start="2024-05-28T12:15:57.905728" elapsed="0.037487"/>
</kw>
<kw name="Set Selenium Implicit Wait" owner="SeleniumLibrary">
<arg>5</arg>
<doc>Sets the implicit wait value used by Selenium.</doc>
<status status="PASS" start="2024-05-28T12:15:57.944890" elapsed="0.000000"/>
</kw>
<status status="PASS" start="2024-05-28T12:15:48.284762" elapsed="9.660128"/>
</kw>
<kw name="Fill all the fields and click Search button">
<kw name="Fill the login form" owner="LoginResources">
<kw name="Input Text" owner="SeleniumLibrary">
<msg time="2024-05-28T12:15:57.944890" level="INFO">Typing text 'Admin' into text field 'xpath://input[@name='username']'.</msg>
<arg>xpath://input[@name='username']</arg>
<arg>${Username}</arg>
<doc>Types the given ``text`` into the text field identified by ``locator``.</doc>
<status status="PASS" start="2024-05-28T12:15:57.944890" elapsed="0.479221"/>
</kw>
<kw name="Input Password" owner="SeleniumLibrary">
<msg time="2024-05-28T12:15:58.424111" level="INFO">Typing password into text field 'xpath://input[@type='password']'.</msg>
<msg time="2024-05-28T12:15:58.470836" level="INFO">Temporally setting log level to: NONE</msg>
<arg>xpath://input[@type='password']</arg>
<arg>${Password}</arg>
<doc>Types the given password into the text field identified by ``locator``.</doc>
<status status="PASS" start="2024-05-28T12:15:58.424111" elapsed="0.156763"/>
</kw>
<kw name="Click Button" owner="SeleniumLibrary">
<msg time="2024-05-28T12:15:58.580874" level="INFO">Clicking button 'xpath://button[@type='submit']'.</msg>
<arg>xpath://button[@type='submit']</arg>
<doc>Clicks the button identified by ``locator``.</doc>
<status status="PASS" start="2024-05-28T12:15:58.580874" elapsed="1.309715"/>
</kw>
<arg>Admin</arg>
<arg>admin123</arg>
<status status="PASS" start="2024-05-28T12:15:57.944890" elapsed="1.945699"/>
</kw>
<kw name="Click the Admin button" owner="GenericResources">
<kw name="Click Element" owner="SeleniumLibrary">
<msg time="2024-05-28T12:15:59.893637" level="INFO">Clicking element 'css:a[href="/web/index.php/admin/viewAdminModule"]'.</msg>
<arg>${admin}</arg>
<doc>Click the element identified by ``locator``.</doc>
<status status="PASS" start="2024-05-28T12:15:59.892133" elapsed="2.078861"/>
</kw>
<status status="PASS" start="2024-05-28T12:15:59.891610" elapsed="2.079384"/>
</kw>
<kw name="Click the user management" owner="User">
<kw name="Wait Until Element Is Visible" owner="SeleniumLibrary">
<msg time="2024-05-28T12:16:07.564959" level="INFO" html="true">&lt;/td&gt;&lt;/tr&gt;&lt;tr&gt;&lt;td colspan="3"&gt;&lt;a href="selenium-screenshot-2.png"&gt;&lt;img src="selenium-screenshot-2.png" width="800px"&gt;&lt;/a&gt;</msg>
<msg time="2024-05-28T12:16:07.564959" level="FAIL">Element 'xpath=(//div[@class='oxd-topbar-body toggled']//span)[1]' not visible after 5 seconds.</msg>
<arg>${user_management}</arg>
<doc>Waits until the element ``locator`` is visible.</doc>
<status status="FAIL" start="2024-05-28T12:16:01.970994" elapsed="5.596459">Element 'xpath=(//div[@class='oxd-topbar-body toggled']//span)[1]' not visible after 5 seconds.</status>
</kw>
<kw name="Click Element" owner="SeleniumLibrary">
<arg>${user_management}</arg>
<doc>Click the element identified by ``locator``.</doc>
<status status="NOT RUN" start="2024-05-28T12:16:07.569752" elapsed="0.000000"/>
</kw>
<status status="FAIL" start="2024-05-28T12:16:01.970994" elapsed="5.598758">Element 'xpath=(//div[@class='oxd-topbar-body toggled']//span)[1]' not visible after 5 seconds.</status>
</kw>
<kw name="Click the users" owner="User">
<status status="NOT RUN" start="2024-05-28T12:16:07.569752" elapsed="0.000000"/>
</kw>
<if>
<branch type="IF" condition="'${Condition}' == 'Valid'">
<kw name="Enter the username" owner="User">
<arg>${user}</arg>
<status status="NOT RUN" start="2024-05-28T12:16:07.571322" elapsed="0.000000"/>
</kw>
<kw name="Select the ESS user role" owner="User">
<status status="NOT RUN" start="2024-05-28T12:16:07.571322" elapsed="0.000000"/>
</kw>
<kw name="Select the Status" owner="User">
<status status="NOT RUN" start="2024-05-28T12:16:07.571322" elapsed="0.000000"/>
</kw>
<kw name="Click the search button" owner="User">
<status status="NOT RUN" start="2024-05-28T12:16:07.571322" elapsed="0.000000"/>
</kw>
<kw name="Verify the Valid Search" owner="User">
<status status="NOT RUN" start="2024-05-28T12:16:07.571322" elapsed="0.000000"/>
</kw>
<status status="NOT RUN" start="2024-05-28T12:16:07.571322" elapsed="0.006512"/>
</branch>
<branch type="ELSE IF" condition="'${Condition}' == 'Partial'">
<kw name="Enter the username" owner="User">
<arg>${user}</arg>
<status status="NOT RUN" start="2024-05-28T12:16:07.577834" elapsed="0.002462"/>
</kw>
<kw name="Select the Status" owner="User">
<status status="NOT RUN" start="2024-05-28T12:16:07.580800" elapsed="0.000000"/>
</kw>
<kw name="Click the search button" owner="User">
<status status="NOT RUN" start="2024-05-28T12:16:07.580800" elapsed="0.000000"/>
</kw>
<kw name="Verify the Valid Search" owner="User">
<status status="NOT RUN" start="2024-05-28T12:16:07.580800" elapsed="0.000000"/>
</kw>
<status status="NOT RUN" start="2024-05-28T12:16:07.577834" elapsed="0.002966"/>
</branch>
<branch type="ELSE IF" condition="'${Condition}' == 'Invalid'">
<kw name="Enter the username" owner="User">
<arg>${user}</arg>
<status status="NOT RUN" start="2024-05-28T12:16:07.582685" elapsed="0.000000"/>
</kw>
<kw name="Select the Admin user role" owner="User">
<status status="NOT RUN" start="2024-05-28T12:16:07.582685" elapsed="0.000000"/>
</kw>
<kw name="Click the search button" owner="User">
<status status="NOT RUN" start="2024-05-28T12:16:07.584062" elapsed="0.000000"/>
</kw>
<kw name="Verify the Invalid Search" owner="User">
<status status="NOT RUN" start="2024-05-28T12:16:07.584062" elapsed="0.000000"/>
</kw>
<status status="NOT RUN" start="2024-05-28T12:16:07.580800" elapsed="0.003262"/>
</branch>
<status status="NOT RUN" start="2024-05-28T12:16:07.569752" elapsed="0.014310"/>
</if>
<arg>Condition=Partial</arg>
<arg>user=Anujwq211263</arg>
<arg>emp_name=</arg>
<status status="FAIL" start="2024-05-28T12:15:57.944890" elapsed="9.639172">Element 'xpath=(//div[@class='oxd-topbar-body toggled']//span)[1]' not visible after 5 seconds.</status>
</kw>
<kw name="Close Browser Session" owner="GenericResources" type="TEARDOWN">
<kw name="Close Browser" owner="SeleniumLibrary">
<doc>Closes the current browser.</doc>
<status status="PASS" start="2024-05-28T12:16:07.584062" elapsed="3.262155"/>
</kw>
<status status="PASS" start="2024-05-28T12:16:07.584062" elapsed="3.262155"/>
</kw>
<doc>Search the Users with valid and invalid cases</doc>
<tag>Smoke</tag>
<status status="FAIL" start="2024-05-28T12:15:48.281718" elapsed="22.564499">Element 'xpath=(//div[@class='oxd-topbar-body toggled']//span)[1]' not visible after 5 seconds.</status>
</test>
<test id="s1-s1-t3" name="Search the Users" line="13">
<kw name="Open the browser with url" owner="GenericResources" type="SETUP">
<kw name="Create Webdriver" owner="SeleniumLibrary">
<msg time="2024-05-28T12:16:10.858549" level="INFO">Creating an instance of the Chrome WebDriver.</msg>
<arg>${browser_name}</arg>
<doc>Creates an instance of Selenium WebDriver.</doc>
<status status="PASS" start="2024-05-28T12:16:10.854018" elapsed="2.681808"/>
</kw>
<kw name="Go To" owner="SeleniumLibrary">
<msg time="2024-05-28T12:16:13.537341" level="INFO">Opening url 'https://opensource-demo.orangehrmlive.com/web/index.php/auth/login'</msg>
<arg>${url}</arg>
<doc>Navigates the current browser window to the provided ``url``.</doc>
<status status="PASS" start="2024-05-28T12:16:13.537341" elapsed="5.656775"/>
</kw>
<kw name="Maximize Browser Window" owner="SeleniumLibrary">
<doc>Maximizes current browser window.</doc>
<status status="PASS" start="2024-05-28T12:16:19.196681" elapsed="0.035502"/>
</kw>
<kw name="Set Selenium Implicit Wait" owner="SeleniumLibrary">
<arg>5</arg>
<doc>Sets the implicit wait value used by Selenium.</doc>
<status status="PASS" start="2024-05-28T12:16:19.232183" elapsed="0.001898"/>
</kw>
<status status="PASS" start="2024-05-28T12:16:10.854018" elapsed="8.382590"/>
</kw>
<kw name="Fill all the fields and click Search button">
<kw name="Fill the login form" owner="LoginResources">
<kw name="Input Text" owner="SeleniumLibrary">
<msg time="2024-05-28T12:16:19.240629" level="INFO">Typing text 'Admin' into text field 'xpath://input[@name='username']'.</msg>
<arg>xpath://input[@name='username']</arg>
<arg>${Username}</arg>
<doc>Types the given ``text`` into the text field identified by ``locator``.</doc>
<status status="PASS" start="2024-05-28T12:16:19.240629" elapsed="0.623518"/>
</kw>
<kw name="Input Password" owner="SeleniumLibrary">
<msg time="2024-05-28T12:16:19.864147" level="INFO">Typing password into text field 'xpath://input[@type='password']'.</msg>
<msg time="2024-05-28T12:16:20.059617" level="INFO">Temporally setting log level to: NONE</msg>
<arg>xpath://input[@type='password']</arg>
<arg>${Password}</arg>
<doc>Types the given password into the text field identified by ``locator``.</doc>
<status status="PASS" start="2024-05-28T12:16:19.864147" elapsed="0.361267"/>
</kw>
<kw name="Click Button" owner="SeleniumLibrary">
<msg time="2024-05-28T12:16:20.225414" level="INFO">Clicking button 'xpath://button[@type='submit']'.</msg>
<arg>xpath://button[@type='submit']</arg>
<doc>Clicks the button identified by ``locator``.</doc>
<status status="PASS" start="2024-05-28T12:16:20.225414" elapsed="1.311813"/>
</kw>
<arg>Admin</arg>
<arg>admin123</arg>
<status status="PASS" start="2024-05-28T12:16:19.239247" elapsed="2.300338"/>
</kw>
<kw name="Click the Admin button" owner="GenericResources">
<kw name="Click Element" owner="SeleniumLibrary">
<msg time="2024-05-28T12:16:21.540626" level="INFO">Clicking element 'css:a[href="/web/index.php/admin/viewAdminModule"]'.</msg>
<arg>${admin}</arg>
<doc>Click the element identified by ``locator``.</doc>
<status status="PASS" start="2024-05-28T12:16:21.540626" elapsed="1.771037"/>
</kw>
<status status="PASS" start="2024-05-28T12:16:21.539585" elapsed="1.774778"/>
</kw>
<kw name="Click the user management" owner="User">
<kw name="Wait Until Element Is Visible" owner="SeleniumLibrary">
<msg time="2024-05-28T12:16:29.427908" level="INFO" html="true">&lt;/td&gt;&lt;/tr&gt;&lt;tr&gt;&lt;td colspan="3"&gt;&lt;a href="selenium-screenshot-3.png"&gt;&lt;img src="selenium-screenshot-3.png" width="800px"&gt;&lt;/a&gt;</msg>
<msg time="2024-05-28T12:16:29.427908" level="FAIL">Element 'xpath=(//div[@class='oxd-topbar-body toggled']//span)[1]' not visible after 5 seconds.</msg>
<arg>${user_management}</arg>
<doc>Waits until the element ``locator`` is visible.</doc>
<status status="FAIL" start="2024-05-28T12:16:23.314363" elapsed="6.117126">Element 'xpath=(//div[@class='oxd-topbar-body toggled']//span)[1]' not visible after 5 seconds.</status>
</kw>
<kw name="Click Element" owner="SeleniumLibrary">
<arg>${user_management}</arg>
<doc>Click the element identified by ``locator``.</doc>
<status status="NOT RUN" start="2024-05-28T12:16:29.431489" elapsed="0.000000"/>
</kw>
<status status="FAIL" start="2024-05-28T12:16:23.314363" elapsed="6.117126">Element 'xpath=(//div[@class='oxd-topbar-body toggled']//span)[1]' not visible after 5 seconds.</status>
</kw>
<kw name="Click the users" owner="User">
<status status="NOT RUN" start="2024-05-28T12:16:29.433577" elapsed="0.000165"/>
</kw>
<if>
<branch type="IF" condition="'${Condition}' == 'Valid'">
<kw name="Enter the username" owner="User">
<arg>${user}</arg>
<status status="NOT RUN" start="2024-05-28T12:16:29.433742" elapsed="0.000000"/>
</kw>
<kw name="Select the ESS user role" owner="User">
<status status="NOT RUN" start="2024-05-28T12:16:29.434799" elapsed="0.000000"/>
</kw>
<kw name="Select the Status" owner="User">
<status status="NOT RUN" start="2024-05-28T12:16:29.434799" elapsed="0.000000"/>
</kw>
<kw name="Click the search button" owner="User">
<status status="NOT RUN" start="2024-05-28T12:16:29.434799" elapsed="0.000000"/>
</kw>
<kw name="Verify the Valid Search" owner="User">
<status status="NOT RUN" start="2024-05-28T12:16:29.436308" elapsed="0.000000"/>
</kw>
<status status="NOT RUN" start="2024-05-28T12:16:29.433742" elapsed="0.002566"/>
</branch>
<branch type="ELSE IF" condition="'${Condition}' == 'Partial'">
<kw name="Enter the username" owner="User">
<arg>${user}</arg>
<status status="NOT RUN" start="2024-05-28T12:16:29.436815" elapsed="0.000000"/>
</kw>
<kw name="Select the Status" owner="User">
<status status="NOT RUN" start="2024-05-28T12:16:29.436815" elapsed="0.000000"/>
</kw>
<kw name="Click the search button" owner="User">
<status status="NOT RUN" start="2024-05-28T12:16:29.436815" elapsed="0.000000"/>
</kw>
<kw name="Verify the Valid Search" owner="User">
<status status="NOT RUN" start="2024-05-28T12:16:29.436815" elapsed="0.000000"/>
</kw>
<status status="NOT RUN" start="2024-05-28T12:16:29.436308" elapsed="0.000507"/>
</branch>
<branch type="ELSE IF" condition="'${Condition}' == 'Invalid'">
<kw name="Enter the username" owner="User">
<arg>${user}</arg>
<status status="NOT RUN" start="2024-05-28T12:16:29.436815" elapsed="0.000000"/>
</kw>
<kw name="Select the Admin user role" owner="User">
<status status="NOT RUN" start="2024-05-28T12:16:29.436815" elapsed="0.004293"/>
</kw>
<kw name="Click the search button" owner="User">
<status status="NOT RUN" start="2024-05-28T12:16:29.441108" elapsed="0.000000"/>
</kw>
<kw name="Verify the Invalid Search" owner="User">
<status status="NOT RUN" start="2024-05-28T12:16:29.441108" elapsed="0.000000"/>
</kw>
<status status="NOT RUN" start="2024-05-28T12:16:29.436815" elapsed="0.004293"/>
</branch>
<status status="NOT RUN" start="2024-05-28T12:16:29.433742" elapsed="0.007366"/>
</if>
<arg>Condition=Invalid</arg>
<arg>user=Anujwq3</arg>
<arg>emp_name=</arg>
<status status="FAIL" start="2024-05-28T12:16:19.237913" elapsed="10.203195">Element 'xpath=(//div[@class='oxd-topbar-body toggled']//span)[1]' not visible after 5 seconds.</status>
</kw>
<kw name="Close Browser Session" owner="GenericResources" type="TEARDOWN">
<kw name="Close Browser" owner="SeleniumLibrary">
<doc>Closes the current browser.</doc>
<status status="PASS" start="2024-05-28T12:16:29.444007" elapsed="2.666415"/>
</kw>
<status status="PASS" start="2024-05-28T12:16:29.441108" elapsed="2.669314"/>
</kw>
<doc>Search the Users with valid and invalid cases</doc>
<tag>Smoke</tag>
<status status="FAIL" start="2024-05-28T12:16:10.846217" elapsed="21.264205">Element 'xpath=(//div[@class='oxd-topbar-body toggled']//span)[1]' not visible after 5 seconds.</status>
</test>
<doc>Verify the User Management feature of the Admin</doc>
<status status="FAIL" start="2024-05-28T12:15:23.036450" elapsed="69.075448"/>
</suite>
<status status="FAIL" start="2024-05-28T12:15:23.013976" elapsed="69.097922"/>
</suite>
<statistics>
<total>
<stat pass="0" fail="3" skip="0">All Tests</stat>
</total>
<tag>
<stat pass="0" fail="3" skip="0">Smoke</stat>
</tag>
<suite>
<stat pass="0" fail="3" skip="0" id="s1" name="TestCases">TestCases</stat>
<stat pass="0" fail="3" skip="0" id="s1-s1" name="Test UserManagement">TestCases.Test UserManagement</stat>
</suite>
</statistics>
<errors>
<msg time="2024-05-28T12:15:48.281718" level="WARN">Multiple tests with name 'Search the Users' executed in suite 'TestCases.Test UserManagement'.</msg>
<msg time="2024-05-28T12:16:10.846217" level="WARN">Multiple tests with name 'Search the Users' executed in suite 'TestCases.Test UserManagement'.</msg>
</errors>
</robot>
