<?xml version="1.0" encoding="UTF-8"?>
<robot generator="Robot 7.0 (Python 3.12.2 on win32)" generated="2024-05-28T12:14:46.610017" rpa="false" schemaversion="5">
<suite id="s1" name="TestCases" source="F:\Git_Clone_Orange\Team2_OrangeHRM\TestCases">
<suite id="s1-s1" name="Test PersonalDetails" source="F:\Git_Clone_Orange\Team2_OrangeHRM\TestCases\Test_PersonalDetails.robot">
<test id="s1-s1-t1" name="fill the form of personal details" line="18">
<kw name="Open the browser with url" owner="GenericResources" type="SETUP">
<kw name="Create Webdriver" owner="SeleniumLibrary">
<msg time="2024-05-28T12:14:48.102405" level="INFO">Creating an instance of the Chrome WebDriver.</msg>
<arg>${browser_name}</arg>
<doc>Creates an instance of Selenium WebDriver.</doc>
<status status="PASS" start="2024-05-28T12:14:48.102405" elapsed="2.183599"/>
</kw>
<kw name="Go To" owner="SeleniumLibrary">
<msg time="2024-05-28T12:14:50.290732" level="INFO">Opening url 'https://opensource-demo.orangehrmlive.com/web/index.php/auth/login'</msg>
<arg>${url}</arg>
<doc>Navigates the current browser window to the provided ``url``.</doc>
<status status="PASS" start="2024-05-28T12:14:50.286004" elapsed="4.471024"/>
</kw>
<kw name="Maximize Browser Window" owner="SeleniumLibrary">
<doc>Maximizes current browser window.</doc>
<status status="PASS" start="2024-05-28T12:14:54.758315" elapsed="0.591271"/>
</kw>
<kw name="Set Selenium Implicit Wait" owner="SeleniumLibrary">
<arg>5</arg>
<doc>Sets the implicit wait value used by Selenium.</doc>
<status status="PASS" start="2024-05-28T12:14:55.349586" elapsed="0.019457"/>
</kw>
<status status="PASS" start="2024-05-28T12:14:48.102405" elapsed="7.266638"/>
</kw>
<kw name="validate successful saved personal details">
<kw name="Fill the login form" owner="LoginResources">
<kw name="Input Text" owner="SeleniumLibrary">
<msg time="2024-05-28T12:14:55.369043" level="INFO">Typing text 'Admin' into text field 'xpath://input[@name='username']'.</msg>
<arg>xpath://input[@name='username']</arg>
<arg>${Username}</arg>
<doc>Types the given ``text`` into the text field identified by ``locator``.</doc>
<status status="PASS" start="2024-05-28T12:14:55.369043" elapsed="0.238877"/>
</kw>
<kw name="Input Password" owner="SeleniumLibrary">
<msg time="2024-05-28T12:14:55.607920" level="INFO">Typing password into text field 'xpath://input[@type='password']'.</msg>
<msg time="2024-05-28T12:14:55.654159" level="INFO">Temporally setting log level to: NONE</msg>
<arg>xpath://input[@type='password']</arg>
<arg>${Password}</arg>
<doc>Types the given password into the text field identified by ``locator``.</doc>
<status status="PASS" start="2024-05-28T12:14:55.607920" elapsed="0.128066"/>
</kw>
<kw name="Click Button" owner="SeleniumLibrary">
<msg time="2024-05-28T12:14:55.735986" level="INFO">Clicking button 'xpath://button[@type='submit']'.</msg>
<arg>xpath://button[@type='submit']</arg>
<doc>Clicks the button identified by ``locator``.</doc>
<status status="PASS" start="2024-05-28T12:14:55.735986" elapsed="1.373443"/>
</kw>
<arg>${username}</arg>
<arg>${password}</arg>
<status status="PASS" start="2024-05-28T12:14:55.369043" elapsed="1.740386"/>
</kw>
<kw name="Set Selenium Implicit Wait" owner="SeleniumLibrary">
<arg>5</arg>
<doc>Sets the implicit wait value used by Selenium.</doc>
<status status="PASS" start="2024-05-28T12:14:57.109429" elapsed="0.034114"/>
</kw>
<kw name="click myInfo Button" owner="MyInfoResource">
<kw name="Click Element" owner="SeleniumLibrary">
<msg time="2024-05-28T12:14:57.151542" level="INFO">Clicking element 'xpath://span[text()='My Info']'.</msg>
<arg>${myInfo}</arg>
<doc>Click the element identified by ``locator``.</doc>
<status status="PASS" start="2024-05-28T12:14:57.143543" elapsed="1.811409"/>
</kw>
<status status="PASS" start="2024-05-28T12:14:57.143543" elapsed="1.811409"/>
</kw>
<kw name="click personal details element" owner="MyInfoResource">
<kw name="Click Link" owner="SeleniumLibrary">
<msg time="2024-05-28T12:14:58.954952" level="INFO">Clicking link 'xpath://a[text()='Personal Details']'.</msg>
<arg>${personal_details}</arg>
<doc>Clicks a link identified by ``locator``.</doc>
<status status="PASS" start="2024-05-28T12:14:58.954952" elapsed="2.056905"/>
</kw>
<status status="PASS" start="2024-05-28T12:14:58.954952" elapsed="2.057942"/>
</kw>
<kw name="clear the element" owner="PersonalDetailsResources">
<kw name="Clear Element Text" owner="SeleniumLibrary">
<arg>${firstName}</arg>
<doc>Clears the value of the text-input-element identified by ``locator``.</doc>
<status status="PASS" start="2024-05-28T12:15:01.014447" elapsed="0.639870"/>
</kw>
<kw name="Clear Element Text" owner="SeleniumLibrary">
<arg>${middleName}</arg>
<doc>Clears the value of the text-input-element identified by ``locator``.</doc>
<status status="PASS" start="2024-05-28T12:15:01.654317" elapsed="0.989302"/>
</kw>
<kw name="Clear Element Text" owner="SeleniumLibrary">
<arg>${lastName}</arg>
<doc>Clears the value of the text-input-element identified by ``locator``.</doc>
<status status="PASS" start="2024-05-28T12:15:02.645128" elapsed="0.354544"/>
</kw>
<kw name="Clear Element Text" owner="SeleniumLibrary">
<arg>${emp_id}</arg>
<doc>Clears the value of the text-input-element identified by ``locator``.</doc>
<status status="PASS" start="2024-05-28T12:15:02.999672" elapsed="0.073351"/>
</kw>
<kw name="Clear Element Text" owner="SeleniumLibrary">
<arg>${other_id}</arg>
<doc>Clears the value of the text-input-element identified by ``locator``.</doc>
<status status="PASS" start="2024-05-28T12:15:03.073023" elapsed="0.071049"/>
</kw>
<kw name="Clear Element Text" owner="SeleniumLibrary">
<arg>${licenseNumber}</arg>
<doc>Clears the value of the text-input-element identified by ``locator``.</doc>
<status status="PASS" start="2024-05-28T12:15:03.144072" elapsed="0.062873"/>
</kw>
<status status="PASS" start="2024-05-28T12:15:01.012894" elapsed="2.194051"/>
</kw>
<kw name="Fill the details" owner="PersonalDetailsResources">
<kw name="Input Text" owner="SeleniumLibrary">
<msg time="2024-05-28T12:15:03.208112" level="INFO">Typing text 'Suvetha' into text field 'xpath://input[@name="firstName"]'.</msg>
<arg>${firstName}</arg>
<arg>${fName}</arg>
<doc>Types the given ``text`` into the text field identified by ``locator``.</doc>
<status status="PASS" start="2024-05-28T12:15:03.208112" elapsed="0.348482"/>
</kw>
<kw name="Input Text" owner="SeleniumLibrary">
<msg time="2024-05-28T12:15:03.556594" level="INFO">Typing text 'Jayagopi' into text field 'xpath://input[@name="middleName"]'.</msg>
<arg>${middleName}</arg>
<arg>${mName}</arg>
<doc>Types the given ``text`` into the text field identified by ``locator``.</doc>
<status status="PASS" start="2024-05-28T12:15:03.556594" elapsed="1.481518"/>
</kw>
<kw name="Input Text" owner="SeleniumLibrary">
<msg time="2024-05-28T12:15:05.040240" level="INFO">Typing text 'P' into text field 'xpath://input[@name="lastName"]'.</msg>
<arg>${lastName}</arg>
<arg>${lName}</arg>
<doc>Types the given ``text`` into the text field identified by ``locator``.</doc>
<status status="PASS" start="2024-05-28T12:15:05.040240" elapsed="0.179903"/>
</kw>
<kw name="Input Text" owner="SeleniumLibrary">
<msg time="2024-05-28T12:15:05.220143" level="INFO">Typing text '1317' into text field 'xpath:(//input[@class="oxd-input oxd-input--active"])[2]'.</msg>
<arg>${emp_id}</arg>
<arg>${employee_id}</arg>
<doc>Types the given ``text`` into the text field identified by ``locator``.</doc>
<status status="PASS" start="2024-05-28T12:15:05.220143" elapsed="0.174646"/>
</kw>
<kw name="Input Text" owner="SeleniumLibrary">
<msg time="2024-05-28T12:15:05.394789" level="INFO">Typing text '1307' into text field 'xpath:(//input[@class="oxd-input oxd-input--active"])[3]'.</msg>
<arg>${other_id}</arg>
<arg>${othr_id}</arg>
<doc>Types the given ``text`` into the text field identified by ``locator``.</doc>
<status status="PASS" start="2024-05-28T12:15:05.394789" elapsed="0.147435"/>
</kw>
<kw name="Input Text" owner="SeleniumLibrary">
<msg time="2024-05-28T12:15:05.545226" level="INFO">Typing text '2002' into text field 'xpath:(//input[@class="oxd-input oxd-input--active"])[4]'.</msg>
<arg>${licenseNumber}</arg>
<arg>${lNumber}</arg>
<doc>Types the given ``text`` into the text field identified by ``locator``.</doc>
<status status="PASS" start="2024-05-28T12:15:05.542224" elapsed="0.196406"/>
</kw>
<arg>${FName}</arg>
<arg>${MName}</arg>
<arg>${LName}</arg>
<arg>${Employee_id}</arg>
<arg>${Othr_id}</arg>
<arg>${LNumber}</arg>
<status status="PASS" start="2024-05-28T12:15:03.206945" elapsed="2.531685"/>
</kw>
<kw name="select marital status" owner="PersonalDetailsResources">
<kw name="Click Element" owner="SeleniumLibrary">
<msg time="2024-05-28T12:15:05.738630" level="INFO">Clicking element 'xpath:(//i[@class="oxd-icon bi-caret-down-fill oxd-select-text--arrow"])[2]'.</msg>
<arg>${drop_down}</arg>
<doc>Click the element identified by ``locator``.</doc>
<status status="PASS" start="2024-05-28T12:15:05.738630" elapsed="0.116764"/>
</kw>
<kw name="Wait Until Element Is Visible" owner="SeleniumLibrary">
<arg>${drop_down}</arg>
<arg>10s</arg>
<doc>Waits until the element ``locator`` is visible.</doc>
<status status="PASS" start="2024-05-28T12:15:05.855394" elapsed="0.027020"/>
</kw>
<kw name="Wait Until Element Is Enabled" owner="SeleniumLibrary">
<arg>${drop_down}</arg>
<arg>10s</arg>
<doc>Waits until the element ``locator`` is enabled.</doc>
<status status="PASS" start="2024-05-28T12:15:05.882414" elapsed="0.029836"/>
</kw>
<kw name="Click Element" owner="SeleniumLibrary">
<msg time="2024-05-28T12:15:05.918521" level="INFO">Clicking element 'xpath://span[text()='Married']'.</msg>
<arg>${married}</arg>
<doc>Click the element identified by ``locator``.</doc>
<status status="PASS" start="2024-05-28T12:15:05.917509" elapsed="0.068062"/>
</kw>
<status status="PASS" start="2024-05-28T12:15:05.738630" elapsed="0.246941"/>
</kw>
<kw name="Click Gender As Female" owner="PersonalDetailsResources">
<kw name="Click Element" owner="SeleniumLibrary">
<msg time="2024-05-28T12:15:05.985571" level="INFO">Clicking element 'xpath:(//span[@data-v-7ef819fd])[2]'.</msg>
<arg>${female}</arg>
<doc>Click the element identified by ``locator``.</doc>
<status status="PASS" start="2024-05-28T12:15:05.985571" elapsed="0.084815"/>
</kw>
<status status="PASS" start="2024-05-28T12:15:05.985571" elapsed="0.084815"/>
</kw>
<kw name="Set Selenium Implicit Wait" owner="SeleniumLibrary">
<arg>10</arg>
<doc>Sets the implicit wait value used by Selenium.</doc>
<status status="PASS" start="2024-05-28T12:15:06.070386" elapsed="0.001935"/>
</kw>
<kw name="Click Save Button" owner="PersonalDetailsResources">
<kw name="Click Button" owner="SeleniumLibrary">
<msg time="2024-05-28T12:15:06.072321" level="INFO">Clicking button 'xpath:(//button[text()=" Save "])[1]'.</msg>
<arg>${save}</arg>
<doc>Clicks the button identified by ``locator``.</doc>
<status status="PASS" start="2024-05-28T12:15:06.072321" elapsed="0.113027"/>
</kw>
<kw name="Should Contain" owner="BuiltIn">
<arg>${success_save}</arg>
<arg>Successfully Updated</arg>
<doc>Fails if ``container`` does not contain ``item`` one or more times.</doc>
<status status="PASS" start="2024-05-28T12:15:06.185348" elapsed="0.000000"/>
</kw>
<status status="PASS" start="2024-05-28T12:15:06.072321" elapsed="0.113027"/>
</kw>
<arg>FName=Suvetha</arg>
<arg>MName=Jayagopi</arg>
<arg>LName=P</arg>
<arg>Employee_id=1317</arg>
<arg>Othr_id=1307</arg>
<arg>LNumber=2002</arg>
<tag>Smoke</tag>
<status status="PASS" start="2024-05-28T12:14:55.369043" elapsed="10.818318"/>
</kw>
<kw name="Close Browser Session" owner="GenericResources" type="TEARDOWN">
<kw name="Close Browser" owner="SeleniumLibrary">
<doc>Closes the current browser.</doc>
<status status="PASS" start="2024-05-28T12:15:06.187361" elapsed="3.296966"/>
</kw>
<status status="PASS" start="2024-05-28T12:15:06.187361" elapsed="3.296966"/>
</kw>
<status status="PASS" start="2024-05-28T12:14:48.100787" elapsed="21.383540"/>
</test>
<doc>Test personal details to my info page</doc>
<status status="PASS" start="2024-05-28T12:14:46.652028" elapsed="22.834218"/>
</suite>
<status status="PASS" start="2024-05-28T12:14:46.628159" elapsed="22.858087"/>
</suite>
<statistics>
<total>
<stat pass="1" fail="0" skip="0">All Tests</stat>
</total>
<tag>
</tag>
<suite>
<stat pass="1" fail="0" skip="0" id="s1" name="TestCases">TestCases</stat>
<stat pass="1" fail="0" skip="0" id="s1-s1" name="Test PersonalDetails">TestCases.Test PersonalDetails</stat>
</suite>
</statistics>
<errors>
</errors>
</robot>
