<?xml version="1.0" encoding="UTF-8"?>
<robot generator="Robot 7.0 (Python 3.12.2 on win32)" generated="2024-05-28T12:15:00.416177" rpa="false" schemaversion="5">
<suite id="s1" name="TestCases" source="F:\Git_Clone_Orange\Team2_OrangeHRM\TestCases">
<suite id="s1-s1" name="Test QuickLaunch" source="F:\Git_Clone_Orange\Team2_OrangeHRM\TestCases\Test_QuickLaunch.robot">
<test id="s1-s1-t1" name="Assign_leave" line="18">
<kw name="Open the browser with url" owner="GenericResources" type="SETUP">
<kw name="Create Webdriver" owner="SeleniumLibrary">
<msg time="2024-05-28T12:15:00.986484" level="INFO">Creating an instance of the Chrome WebDriver.</msg>
<arg>${browser_name}</arg>
<doc>Creates an instance of Selenium WebDriver.</doc>
<status status="PASS" start="2024-05-28T12:15:00.986484" elapsed="3.523313"/>
</kw>
<kw name="Go To" owner="SeleniumLibrary">
<msg time="2024-05-28T12:15:04.511275" level="INFO">Opening url 'https://opensource-demo.orangehrmlive.com/web/index.php/auth/login'</msg>
<arg>${url}</arg>
<doc>Navigates the current browser window to the provided ``url``.</doc>
<status status="PASS" start="2024-05-28T12:15:04.511275" elapsed="4.086465"/>
</kw>
<kw name="Maximize Browser Window" owner="SeleniumLibrary">
<doc>Maximizes current browser window.</doc>
<status status="PASS" start="2024-05-28T12:15:08.597740" elapsed="0.026229"/>
</kw>
<kw name="Set Selenium Implicit Wait" owner="SeleniumLibrary">
<arg>5</arg>
<doc>Sets the implicit wait value used by Selenium.</doc>
<status status="PASS" start="2024-05-28T12:15:08.623969" elapsed="0.000000"/>
</kw>
<status status="PASS" start="2024-05-28T12:15:00.978470" elapsed="7.645499"/>
</kw>
<kw name="Fill the login form" owner="LoginResources">
<kw name="Input Text" owner="SeleniumLibrary">
<msg time="2024-05-28T12:15:08.633276" level="INFO">Typing text 'Admin' into text field 'xpath://input[@name='username']'.</msg>
<arg>xpath://input[@name='username']</arg>
<arg>${Username}</arg>
<doc>Types the given ``text`` into the text field identified by ``locator``.</doc>
<status status="PASS" start="2024-05-28T12:15:08.633276" elapsed="0.729942"/>
</kw>
<kw name="Input Password" owner="SeleniumLibrary">
<msg time="2024-05-28T12:15:09.363218" level="INFO">Typing password into text field 'xpath://input[@type='password']'.</msg>
<msg time="2024-05-28T12:15:09.642534" level="INFO">Temporally setting log level to: NONE</msg>
<arg>xpath://input[@type='password']</arg>
<arg>${Password}</arg>
<doc>Types the given password into the text field identified by ``locator``.</doc>
<status status="PASS" start="2024-05-28T12:15:09.363218" elapsed="0.383798"/>
</kw>
<kw name="Click Button" owner="SeleniumLibrary">
<msg time="2024-05-28T12:15:09.747016" level="INFO">Clicking button 'xpath://button[@type='submit']'.</msg>
<arg>xpath://button[@type='submit']</arg>
<doc>Clicks the button identified by ``locator``.</doc>
<status status="PASS" start="2024-05-28T12:15:09.747016" elapsed="1.523795"/>
</kw>
<arg>${username}</arg>
<arg>${password}</arg>
<status status="PASS" start="2024-05-28T12:15:08.628419" elapsed="2.645191"/>
</kw>
<kw name="Set Selenium Implicit Wait" owner="SeleniumLibrary">
<arg>5</arg>
<doc>Sets the implicit wait value used by Selenium.</doc>
<status status="PASS" start="2024-05-28T12:15:11.273610" elapsed="0.001101"/>
</kw>
<kw name="Click on Dashboard" owner="QuickLaunchResources">
<kw name="Click Element" owner="SeleniumLibrary">
<msg time="2024-05-28T12:15:11.282961" level="INFO">Clicking element 'xpath:(//span[@class="oxd-text oxd-text--span oxd-main-menu-item--name"])[8]'.</msg>
<arg>${Dashboard_icon}</arg>
<doc>Click the element identified by ``locator``.</doc>
<status status="PASS" start="2024-05-28T12:15:11.281495" elapsed="1.817356"/>
</kw>
<status status="PASS" start="2024-05-28T12:15:11.274711" elapsed="1.824140"/>
</kw>
<kw name="Click on Assign Leave Button" owner="QuickLaunchResources">
<kw name="Click Element" owner="SeleniumLibrary">
<msg time="2024-05-28T12:15:13.098851" level="INFO">Clicking element 'xpath:(//button[@class="oxd-icon-button orangehrm-quick-launch-icon"]//*[local-name()='svg'])[1]'.</msg>
<arg>${Assign_leave}</arg>
<doc>Click the element identified by ``locator``.</doc>
<status status="PASS" start="2024-05-28T12:15:13.098851" elapsed="2.164175"/>
</kw>
<status status="PASS" start="2024-05-28T12:15:13.098851" elapsed="2.164175"/>
</kw>
<kw name="Check it navigates to assign leave page" owner="QuickLaunchResources">
<kw name="Element Text Should Be" owner="SeleniumLibrary">
<msg time="2024-05-28T12:15:15.265454" level="INFO">Verifying element 'xpath://div[@class='orangehrm-card-container']//h6' contains exact text 'Assign Leave'.</msg>
<arg>${page_navigate}</arg>
<arg>Assign Leave</arg>
<doc>Verifies that element ``locator`` contains exact the text ``expected``.</doc>
<status status="PASS" start="2024-05-28T12:15:15.264443" elapsed="0.519193"/>
</kw>
<status status="PASS" start="2024-05-28T12:15:15.264443" elapsed="0.519193"/>
</kw>
<kw name="Close Browser Session" owner="GenericResources" type="TEARDOWN">
<kw name="Close Browser" owner="SeleniumLibrary">
<doc>Closes the current browser.</doc>
<status status="PASS" start="2024-05-28T12:15:15.783636" elapsed="3.105331"/>
</kw>
<status status="PASS" start="2024-05-28T12:15:15.783636" elapsed="3.105331"/>
</kw>
<tag>smoke</tag>
<status status="PASS" start="2024-05-28T12:15:00.978470" elapsed="17.910497"/>
</test>
<test id="s1-s1-t2" name="Leave_List" line="27">
<kw name="Open the browser with url" owner="GenericResources" type="SETUP">
<kw name="Create Webdriver" owner="SeleniumLibrary">
<msg time="2024-05-28T12:15:18.890952" level="INFO">Creating an instance of the Chrome WebDriver.</msg>
<arg>${browser_name}</arg>
<doc>Creates an instance of Selenium WebDriver.</doc>
<status status="PASS" start="2024-05-28T12:15:18.890952" elapsed="1.999065"/>
</kw>
<kw name="Go To" owner="SeleniumLibrary">
<msg time="2024-05-28T12:15:20.891107" level="INFO">Opening url 'https://opensource-demo.orangehrmlive.com/web/index.php/auth/login'</msg>
<arg>${url}</arg>
<doc>Navigates the current browser window to the provided ``url``.</doc>
<status status="PASS" start="2024-05-28T12:15:20.891107" elapsed="3.481201"/>
</kw>
<kw name="Maximize Browser Window" owner="SeleniumLibrary">
<doc>Maximizes current browser window.</doc>
<status status="PASS" start="2024-05-28T12:15:24.372308" elapsed="0.133139"/>
</kw>
<kw name="Set Selenium Implicit Wait" owner="SeleniumLibrary">
<arg>5</arg>
<doc>Sets the implicit wait value used by Selenium.</doc>
<status status="PASS" start="2024-05-28T12:15:24.508965" elapsed="0.021573"/>
</kw>
<status status="PASS" start="2024-05-28T12:15:18.890952" elapsed="5.639586"/>
</kw>
<kw name="Fill the login form" owner="LoginResources">
<kw name="Input Text" owner="SeleniumLibrary">
<msg time="2024-05-28T12:15:24.533084" level="INFO">Typing text 'Admin' into text field 'xpath://input[@name='username']'.</msg>
<arg>xpath://input[@name='username']</arg>
<arg>${Username}</arg>
<doc>Types the given ``text`` into the text field identified by ``locator``.</doc>
<status status="PASS" start="2024-05-28T12:15:24.531553" elapsed="0.629128"/>
</kw>
<kw name="Input Password" owner="SeleniumLibrary">
<msg time="2024-05-28T12:15:25.160681" level="INFO">Typing password into text field 'xpath://input[@type='password']'.</msg>
<msg time="2024-05-28T12:15:25.230996" level="INFO">Temporally setting log level to: NONE</msg>
<arg>xpath://input[@type='password']</arg>
<arg>${Password}</arg>
<doc>Types the given password into the text field identified by ``locator``.</doc>
<status status="PASS" start="2024-05-28T12:15:25.160681" elapsed="0.197627"/>
</kw>
<kw name="Click Button" owner="SeleniumLibrary">
<msg time="2024-05-28T12:15:25.358308" level="INFO">Clicking button 'xpath://button[@type='submit']'.</msg>
<arg>xpath://button[@type='submit']</arg>
<doc>Clicks the button identified by ``locator``.</doc>
<status status="PASS" start="2024-05-28T12:15:25.358308" elapsed="1.351932"/>
</kw>
<arg>${username}</arg>
<arg>${password}</arg>
<status status="PASS" start="2024-05-28T12:15:24.531553" elapsed="2.178687"/>
</kw>
<kw name="Set Selenium Implicit Wait" owner="SeleniumLibrary">
<arg>5</arg>
<doc>Sets the implicit wait value used by Selenium.</doc>
<status status="PASS" start="2024-05-28T12:15:26.710240" elapsed="0.006053"/>
</kw>
<kw name="Click on Leave List Button" owner="QuickLaunchResources">
<kw name="Click Element" owner="SeleniumLibrary">
<msg time="2024-05-28T12:15:26.718105" level="INFO">Clicking element 'xpath:(//button[@class="oxd-icon-button orangehrm-quick-launch-icon"]//*[local-name()='svg'])[2]'.</msg>
<arg>${Leave_list}</arg>
<doc>Click the element identified by ``locator``.</doc>
<status status="PASS" start="2024-05-28T12:15:26.718105" elapsed="1.915924"/>
</kw>
<status status="PASS" start="2024-05-28T12:15:26.716293" elapsed="1.917736"/>
</kw>
<kw name="check it navigates to leave page" owner="QuickLaunchResources">
<kw name="Element Text Should Be" owner="SeleniumLibrary">
<msg time="2024-05-28T12:15:28.635536" level="INFO">Verifying element 'xpath://h5[text()='Leave List']' contains exact text 'Leave List'.</msg>
<arg>${Leave_List_page_navigation}</arg>
<arg>Leave List</arg>
<doc>Verifies that element ``locator`` contains exact the text ``expected``.</doc>
<status status="PASS" start="2024-05-28T12:15:28.635536" elapsed="0.448897"/>
</kw>
<status status="PASS" start="2024-05-28T12:15:28.634029" elapsed="0.450404"/>
</kw>
<kw name="Close Browser Session" owner="GenericResources" type="TEARDOWN">
<kw name="Close Browser" owner="SeleniumLibrary">
<doc>Closes the current browser.</doc>
<status status="PASS" start="2024-05-28T12:15:29.087535" elapsed="2.258580"/>
</kw>
<status status="PASS" start="2024-05-28T12:15:29.084433" elapsed="2.261682"/>
</kw>
<tag>regression</tag>
<status status="PASS" start="2024-05-28T12:15:18.888967" elapsed="12.457148"/>
</test>
<test id="s1-s1-t3" name="TimeSheets" line="34">
<kw name="Open the browser with url" owner="GenericResources" type="SETUP">
<kw name="Create Webdriver" owner="SeleniumLibrary">
<msg time="2024-05-28T12:15:31.346115" level="INFO">Creating an instance of the Chrome WebDriver.</msg>
<arg>${browser_name}</arg>
<doc>Creates an instance of Selenium WebDriver.</doc>
<status status="PASS" start="2024-05-28T12:15:31.346115" elapsed="3.170552"/>
</kw>
<kw name="Go To" owner="SeleniumLibrary">
<msg time="2024-05-28T12:15:34.516667" level="INFO">Opening url 'https://opensource-demo.orangehrmlive.com/web/index.php/auth/login'</msg>
<arg>${url}</arg>
<doc>Navigates the current browser window to the provided ``url``.</doc>
<status status="PASS" start="2024-05-28T12:15:34.516667" elapsed="0.708095"/>
</kw>
<kw name="Maximize Browser Window" owner="SeleniumLibrary">
<doc>Maximizes current browser window.</doc>
<status status="PASS" start="2024-05-28T12:15:35.224762" elapsed="3.581318"/>
</kw>
<kw name="Set Selenium Implicit Wait" owner="SeleniumLibrary">
<arg>5</arg>
<doc>Sets the implicit wait value used by Selenium.</doc>
<status status="PASS" start="2024-05-28T12:15:38.806080" elapsed="0.000000"/>
</kw>
<status status="PASS" start="2024-05-28T12:15:31.346115" elapsed="7.459965"/>
</kw>
<kw name="Fill the login form" owner="LoginResources">
<kw name="Input Text" owner="SeleniumLibrary">
<msg time="2024-05-28T12:15:38.813089" level="INFO">Typing text 'Admin' into text field 'xpath://input[@name='username']'.</msg>
<arg>xpath://input[@name='username']</arg>
<arg>${Username}</arg>
<doc>Types the given ``text`` into the text field identified by ``locator``.</doc>
<status status="PASS" start="2024-05-28T12:15:38.813089" elapsed="0.836773"/>
</kw>
<kw name="Input Password" owner="SeleniumLibrary">
<msg time="2024-05-28T12:15:39.649862" level="INFO">Typing password into text field 'xpath://input[@type='password']'.</msg>
<msg time="2024-05-28T12:15:39.741336" level="INFO">Temporally setting log level to: NONE</msg>
<arg>xpath://input[@type='password']</arg>
<arg>${Password}</arg>
<doc>Types the given password into the text field identified by ``locator``.</doc>
<status status="PASS" start="2024-05-28T12:15:39.649862" elapsed="0.150182"/>
</kw>
<kw name="Click Button" owner="SeleniumLibrary">
<msg time="2024-05-28T12:15:39.803068" level="INFO">Clicking button 'xpath://button[@type='submit']'.</msg>
<arg>xpath://button[@type='submit']</arg>
<doc>Clicks the button identified by ``locator``.</doc>
<status status="PASS" start="2024-05-28T12:15:39.802056" elapsed="1.317824"/>
</kw>
<arg>${username}</arg>
<arg>${password}</arg>
<status status="PASS" start="2024-05-28T12:15:38.806080" elapsed="2.313800"/>
</kw>
<kw name="Set Selenium Implicit Wait" owner="SeleniumLibrary">
<arg>5</arg>
<doc>Sets the implicit wait value used by Selenium.</doc>
<status status="PASS" start="2024-05-28T12:15:41.121980" elapsed="0.001631"/>
</kw>
<kw name="Click on Leave List Button" owner="QuickLaunchResources">
<kw name="Click Element" owner="SeleniumLibrary">
<msg time="2024-05-28T12:15:41.124764" level="INFO">Clicking element 'xpath:(//button[@class="oxd-icon-button orangehrm-quick-launch-icon"]//*[local-name()='svg'])[2]'.</msg>
<arg>${Leave_list}</arg>
<doc>Click the element identified by ``locator``.</doc>
<status status="PASS" start="2024-05-28T12:15:41.124764" elapsed="1.789960"/>
</kw>
<status status="PASS" start="2024-05-28T12:15:41.123611" elapsed="1.794657"/>
</kw>
<kw name="check it navigates to leave page" owner="QuickLaunchResources">
<kw name="Element Text Should Be" owner="SeleniumLibrary">
<msg time="2024-05-28T12:15:42.923374" level="INFO">Verifying element 'xpath://h5[text()='Leave List']' contains exact text 'Leave List'.</msg>
<arg>${Leave_List_page_navigation}</arg>
<arg>Leave List</arg>
<doc>Verifies that element ``locator`` contains exact the text ``expected``.</doc>
<status status="PASS" start="2024-05-28T12:15:42.922275" elapsed="0.773264"/>
</kw>
<status status="PASS" start="2024-05-28T12:15:42.920643" elapsed="0.774896"/>
</kw>
<kw name="Close Browser Session" owner="GenericResources" type="TEARDOWN">
<kw name="Close Browser" owner="SeleniumLibrary">
<doc>Closes the current browser.</doc>
<status status="PASS" start="2024-05-28T12:15:43.695539" elapsed="2.895649"/>
</kw>
<status status="PASS" start="2024-05-28T12:15:43.695539" elapsed="2.895649"/>
</kw>
<tag>regression</tag>
<status status="PASS" start="2024-05-28T12:15:31.346115" elapsed="15.245073"/>
</test>
<test id="s1-s1-t4" name="Apply_Leave" line="41">
<kw name="Open the browser with url" owner="GenericResources" type="SETUP">
<kw name="Create Webdriver" owner="SeleniumLibrary">
<msg time="2024-05-28T12:15:46.592244" level="INFO">Creating an instance of the Chrome WebDriver.</msg>
<arg>${browser_name}</arg>
<doc>Creates an instance of Selenium WebDriver.</doc>
<status status="PASS" start="2024-05-28T12:15:46.592244" elapsed="2.387042"/>
</kw>
<kw name="Go To" owner="SeleniumLibrary">
<msg time="2024-05-28T12:15:48.981301" level="INFO">Opening url 'https://opensource-demo.orangehrmlive.com/web/index.php/auth/login'</msg>
<arg>${url}</arg>
<doc>Navigates the current browser window to the provided ``url``.</doc>
<status status="PASS" start="2024-05-28T12:15:48.979286" elapsed="3.992422"/>
</kw>
<kw name="Maximize Browser Window" owner="SeleniumLibrary">
<doc>Maximizes current browser window.</doc>
<status status="PASS" start="2024-05-28T12:15:52.971708" elapsed="0.067594"/>
</kw>
<kw name="Set Selenium Implicit Wait" owner="SeleniumLibrary">
<arg>5</arg>
<doc>Sets the implicit wait value used by Selenium.</doc>
<status status="PASS" start="2024-05-28T12:15:53.039302" elapsed="0.001368"/>
</kw>
<status status="PASS" start="2024-05-28T12:15:46.592244" elapsed="6.450134"/>
</kw>
<kw name="Fill the login form" owner="LoginResources">
<kw name="Input Text" owner="SeleniumLibrary">
<msg time="2024-05-28T12:15:53.045295" level="INFO">Typing text 'Admin' into text field 'xpath://input[@name='username']'.</msg>
<arg>xpath://input[@name='username']</arg>
<arg>${Username}</arg>
<doc>Types the given ``text`` into the text field identified by ``locator``.</doc>
<status status="PASS" start="2024-05-28T12:15:53.043460" elapsed="0.481129"/>
</kw>
<kw name="Input Password" owner="SeleniumLibrary">
<msg time="2024-05-28T12:15:53.525974" level="INFO">Typing password into text field 'xpath://input[@type='password']'.</msg>
<msg time="2024-05-28T12:15:53.567828" level="INFO">Temporally setting log level to: NONE</msg>
<arg>xpath://input[@type='password']</arg>
<arg>${Password}</arg>
<doc>Types the given password into the text field identified by ``locator``.</doc>
<status status="PASS" start="2024-05-28T12:15:53.525974" elapsed="0.130780"/>
</kw>
<kw name="Click Button" owner="SeleniumLibrary">
<msg time="2024-05-28T12:15:53.658905" level="INFO">Clicking button 'xpath://button[@type='submit']'.</msg>
<arg>xpath://button[@type='submit']</arg>
<doc>Clicks the button identified by ``locator``.</doc>
<status status="PASS" start="2024-05-28T12:15:53.656754" elapsed="1.284515"/>
</kw>
<arg>${username}</arg>
<arg>${password}</arg>
<status status="PASS" start="2024-05-28T12:15:53.042378" elapsed="1.898891"/>
</kw>
<kw name="Set Selenium Implicit Wait" owner="SeleniumLibrary">
<arg>5</arg>
<doc>Sets the implicit wait value used by Selenium.</doc>
<status status="PASS" start="2024-05-28T12:15:54.941269" elapsed="0.002404"/>
</kw>
<kw name="click on apply leave button" owner="QuickLaunchResources">
<kw name="Click Element" owner="SeleniumLibrary">
<msg time="2024-05-28T12:15:54.947237" level="INFO">Clicking element 'xpath:(//button[@class="oxd-icon-button orangehrm-quick-launch-icon"]//*[local-name()='svg'])[4]'.</msg>
<arg>${Apply_Leave}</arg>
<doc>Click the element identified by ``locator``.</doc>
<status status="PASS" start="2024-05-28T12:15:54.947237" elapsed="1.972586"/>
</kw>
<status status="PASS" start="2024-05-28T12:15:54.943673" elapsed="1.976150"/>
</kw>
<kw name="check it navigates to apply leave" owner="QuickLaunchResources">
<kw name="Element Text Should Be" owner="SeleniumLibrary">
<msg time="2024-05-28T12:15:56.919823" level="INFO">Verifying element 'xpath://h6[text()='Apply Leave']' contains exact text 'Apply Leave'.</msg>
<arg>${Apply_leave_navigates}</arg>
<arg>Apply Leave</arg>
<doc>Verifies that element ``locator`` contains exact the text ``expected``.</doc>
<status status="PASS" start="2024-05-28T12:15:56.919823" elapsed="0.391103"/>
</kw>
<status status="PASS" start="2024-05-28T12:15:56.919823" elapsed="0.391103"/>
</kw>
<kw name="Close Browser Session" owner="GenericResources" type="TEARDOWN">
<kw name="Close Browser" owner="SeleniumLibrary">
<doc>Closes the current browser.</doc>
<status status="PASS" start="2024-05-28T12:15:57.312811" elapsed="2.221823"/>
</kw>
<status status="PASS" start="2024-05-28T12:15:57.310926" elapsed="2.223708"/>
</kw>
<tag>UAT</tag>
<status status="PASS" start="2024-05-28T12:15:46.592244" elapsed="12.942390"/>
</test>
<test id="s1-s1-t5" name="My_Leave" line="48">
<kw name="Open the browser with url" owner="GenericResources" type="SETUP">
<kw name="Create Webdriver" owner="SeleniumLibrary">
<msg time="2024-05-28T12:15:59.536060" level="INFO">Creating an instance of the Chrome WebDriver.</msg>
<arg>${browser_name}</arg>
<doc>Creates an instance of Selenium WebDriver.</doc>
<status status="PASS" start="2024-05-28T12:15:59.536060" elapsed="2.018612"/>
</kw>
<kw name="Go To" owner="SeleniumLibrary">
<msg time="2024-05-28T12:16:01.556181" level="INFO">Opening url 'https://opensource-demo.orangehrmlive.com/web/index.php/auth/login'</msg>
<arg>${url}</arg>
<doc>Navigates the current browser window to the provided ``url``.</doc>
<status status="PASS" start="2024-05-28T12:16:01.554672" elapsed="4.191179"/>
</kw>
<kw name="Maximize Browser Window" owner="SeleniumLibrary">
<doc>Maximizes current browser window.</doc>
<status status="PASS" start="2024-05-28T12:16:05.745851" elapsed="0.098107"/>
</kw>
<kw name="Set Selenium Implicit Wait" owner="SeleniumLibrary">
<arg>5</arg>
<doc>Sets the implicit wait value used by Selenium.</doc>
<status status="PASS" start="2024-05-28T12:16:05.843958" elapsed="0.000000"/>
</kw>
<status status="PASS" start="2024-05-28T12:15:59.536060" elapsed="6.307898"/>
</kw>
<kw name="Fill the login form" owner="LoginResources">
<kw name="Input Text" owner="SeleniumLibrary">
<msg time="2024-05-28T12:16:05.849315" level="INFO">Typing text 'Admin' into text field 'xpath://input[@name='username']'.</msg>
<arg>xpath://input[@name='username']</arg>
<arg>${Username}</arg>
<doc>Types the given ``text`` into the text field identified by ``locator``.</doc>
<status status="PASS" start="2024-05-28T12:16:05.849315" elapsed="1.400079"/>
</kw>
<kw name="Input Password" owner="SeleniumLibrary">
<msg time="2024-05-28T12:16:07.249394" level="INFO">Typing password into text field 'xpath://input[@type='password']'.</msg>
<msg time="2024-05-28T12:16:07.636585" level="INFO">Temporally setting log level to: NONE</msg>
<arg>xpath://input[@type='password']</arg>
<arg>${Password}</arg>
<doc>Types the given password into the text field identified by ``locator``.</doc>
<status status="PASS" start="2024-05-28T12:16:07.249394" elapsed="0.490011"/>
</kw>
<kw name="Click Button" owner="SeleniumLibrary">
<msg time="2024-05-28T12:16:07.739405" level="INFO">Clicking button 'xpath://button[@type='submit']'.</msg>
<arg>xpath://button[@type='submit']</arg>
<doc>Clicks the button identified by ``locator``.</doc>
<status status="PASS" start="2024-05-28T12:16:07.739405" elapsed="1.466235"/>
</kw>
<arg>${username}</arg>
<arg>${password}</arg>
<status status="PASS" start="2024-05-28T12:16:05.843958" elapsed="3.361682"/>
</kw>
<kw name="Set Selenium Implicit Wait" owner="SeleniumLibrary">
<arg>5</arg>
<doc>Sets the implicit wait value used by Selenium.</doc>
<status status="PASS" start="2024-05-28T12:16:09.206650" elapsed="0.000506"/>
</kw>
<kw name="click on apply my leave button" owner="QuickLaunchResources">
<kw name="Click Element" owner="SeleniumLibrary">
<msg time="2024-05-28T12:16:09.212311" level="INFO">Clicking element 'xpath:(//button[@class="oxd-icon-button orangehrm-quick-launch-icon"]//*[local-name()='svg'])[5]'.</msg>
<arg>${My_Leave}</arg>
<doc>Click the element identified by ``locator``.</doc>
<status status="PASS" start="2024-05-28T12:16:09.212311" elapsed="2.053165"/>
</kw>
<status status="PASS" start="2024-05-28T12:16:09.207156" elapsed="2.058320"/>
</kw>
<kw name="check it navigates to my leave" owner="QuickLaunchResources">
<kw name="Element Text Should Be" owner="SeleniumLibrary">
<msg time="2024-05-28T12:16:11.267334" level="INFO">Verifying element 'xpath://h5[text()='My Leave List']' contains exact text 'My Leave List'.</msg>
<arg>${My_leave_navigates}</arg>
<arg>My Leave List</arg>
<doc>Verifies that element ``locator`` contains exact the text ``expected``.</doc>
<status status="PASS" start="2024-05-28T12:16:11.267334" elapsed="0.537512"/>
</kw>
<status status="PASS" start="2024-05-28T12:16:11.267334" elapsed="0.537512"/>
</kw>
<kw name="Close Browser Session" owner="GenericResources" type="TEARDOWN">
<kw name="Close Browser" owner="SeleniumLibrary">
<doc>Closes the current browser.</doc>
<status status="PASS" start="2024-05-28T12:16:11.806424" elapsed="6.465630"/>
</kw>
<status status="PASS" start="2024-05-28T12:16:11.806424" elapsed="6.465630"/>
</kw>
<tag>smoke</tag>
<status status="PASS" start="2024-05-28T12:15:59.534634" elapsed="18.737420"/>
</test>
<doc>Test for QuickLaunch on dashboard</doc>
<status status="PASS" start="2024-05-28T12:15:00.580207" elapsed="77.693373"/>
</suite>
<status status="PASS" start="2024-05-28T12:15:00.551245" elapsed="77.722335"/>
</suite>
<statistics>
<total>
<stat pass="5" fail="0" skip="0">All Tests</stat>
</total>
<tag>
<stat pass="2" fail="0" skip="0">regression</stat>
<stat pass="2" fail="0" skip="0">smoke</stat>
<stat pass="1" fail="0" skip="0">UAT</stat>
</tag>
<suite>
<stat pass="5" fail="0" skip="0" id="s1" name="TestCases">TestCases</stat>
<stat pass="5" fail="0" skip="0" id="s1-s1" name="Test QuickLaunch">TestCases.Test QuickLaunch</stat>
</suite>
</statistics>
<errors>
</errors>
</robot>
